The ships were loaded with supplies for the Russians.
The ships were loaded with supplies for the Russians.
The ships were loaded with supplies for the Russians.
The ships were built in the United States and were designed to carry troops and supplies to the Soviet Union.
The first of these was the first of the three-day-long "Snowball Earth" events, which began on January 20, 2007.
The ships were loaded with supplies for the Russians.
The ships were loaded with supplies and equipment for the expedition.
The ships were built in the United States and were used to transport troops and supplies to the front.
The rocket was launched from the Baikonur Cosmodrome in Kazakhstan.
The ships were loaded with supplies for the Russians.
The ships were loaded with supplies for the Russians.
The ships were loaded with supplies for the Russians.
The ships were loaded with supplies and equipment for the expedition.
The ships were loaded with supplies for the Russians.
The ships were built in the United States and were used to transport troops and supplies to the front.
The ships were loaded with supplies for the Russians.
The ships were loaded with supplies for the Russians.
The first of these was the first of the three-day-long "Snowball Earth" events, which began on January 20, 1960.
The first of these was the discovery of the first known meteorite, which was found in the Urals in 1877.
The first of these was the first of the three-day-long "Snowball Earth" events, which began on December 21, 1999.
The ships were loaded with supplies and equipment for the expedition.
The ships were loaded with supplies and equipment for the expedition.
The ships were loaded with supplies for the Russians.
The ships were loaded with supplies for the Russians.
The ships were loaded with supplies and equipment for the expedition.
The ships were built in the United States and were used to transport troops and supplies to the front.
The ships were loaded with supplies and equipment for the expedition.
The ships were loaded with supplies for the Russians.
The ships were built in the United States and were used to transport troops and supplies to the front.
The ships were loaded with supplies for the Russians.
The ships were loaded with supplies for the Russians.
The ships were carrying supplies for the Russian army.
The ships were loaded with supplies for the Russians.
The ships were carrying supplies for the Russian army.
The ships were loaded with supplies for the Russians.
The ships were built in the United States and were armed with two 12-inch guns.
The ships were built in the United States and were used to transport troops and supplies to the front.
The ships were loaded with supplies and equipment for the expedition.
The ships were loaded with supplies and equipment for the expedition.
The ships were carrying supplies for the Russian army.
The ships were loaded with supplies for the Russians.
The aircraft was flying at a low altitude and was not in danger of collision.
The ships were loaded with supplies and equipment for the expedition.
The aircraft was flying at a low altitude and was not in danger of collision.
The ships were loaded with supplies and equipment for the expedition.
The ships were loaded with supplies and equipment for the expedition.
The first of the two ships was the USS Akron, which was the first ship to reach the South Pole.
The ships were loaded with supplies and equipment for the expedition.
The ships were loaded with supplies and equipment for the expedition.
The ships were loaded with supplies and equipment for the expedition.
The ships were to be used to transport troops and supplies to the front.
The ships were loaded with supplies for the Russians.
The ships were built in the United States and were designed to carry troops and supplies to the Soviet Union.
The ships were built in the United States and were armed with two 20 mm guns.
The ships were carrying supplies for the Russian army.
The ships were carrying supplies for the Russian army.
The ships were to be used to transport troops and supplies to the front.
The first of these was the "Snowbird" which was a small, single-engined aircraft.
The ships were carrying supplies for the Russian army.
The ships were loaded with supplies for the Russians.
The ships were built in the United States and were used to transport troops and supplies to the front.
The ships were carrying supplies for the Russian army.
The ships were loaded with supplies for the Russians.
The ships were built in the United States and were designed to carry troops and supplies to the Arctic.
The ships were carrying supplies for the Russian army.
The ships were carrying supplies for the Russian army.
The ships were loaded with supplies and equipment for the expedition.
The ships were loaded with supplies for the Russians.
The ships were built in the United States and were used to transport troops and supplies to the front.
The ships were built in the United States and were armed with two 20 mm guns.
The ships were loaded with supplies and equipment for the expedition.
The ships were to be used to transport troops and supplies to the front.
The ships were built in the United States and were armed with two 12-inch guns.
The ships were carrying supplies for the Russian army.
The ships were built in the United States and were armed with two 12-inch guns.
The ships were loaded with supplies for the Russians.
The ships were carrying supplies for the Russian army.
The ships were loaded with supplies for the Russians.
The aircraft was flying at a low altitude and was not in danger of collision.
The ships were loaded with supplies and equipment for the expedition.
The ships were built in the United States and were armed with two 12-inch guns.
The ships were loaded with supplies and equipment for the expedition.
The ships were loaded with supplies for the Russians.
The ships were loaded with supplies for the Russians.
The ships were loaded with supplies for the Russians.
The ships were loaded with supplies for the Russians.
The ships were built in the United States and were used to transport troops and supplies to the front.
The ships were built in the United States and were used to transport troops and supplies to the front.
The ships were loaded with supplies and equipment for the expedition.
The ships were built in the United States and were designed to carry troops and supplies to the Soviet Union.
The ships were built in the United States and were loaded with supplies for the Russians.
The ships were loaded with supplies and equipment for the expedition.
The ships were loaded with supplies and equipment for the expedition.
The ships were loaded with supplies and equipment for the expedition.
The ships were built in the United States and were used to transport troops and supplies to the front.
The ships were built in the United States and were designed to carry troops and supplies to the Soviet Union.
The ships were loaded with supplies for the Russians.
The aircraft was flying at a low altitude and was not in danger of collision.
The ships were loaded with supplies for the Russians.
The ships were built in the United States and were armed with two 12-inch guns.
The ships were loaded with supplies and equipment for the expedition.
The ships were loaded with supplies for the Russians.
The ships were to be used to transport troops and supplies to the front.
The ships were loaded with supplies for the Russians.
The ships were loaded with supplies and equipment for the expedition.
The ships were loaded with supplies for the Russians.
The ships were loaded with supplies for the Russians.
The ships were built in the United States and were armed with two 12-inch guns.
The ships were to be used to transport troops and supplies to the front.
The ships were loaded with supplies for the Russians.
The ships were to be used to transport troops and supplies to the front.
The ships were loaded with supplies for the Russians.
The ships were loaded with supplies for the Russians.
The ships were loaded with supplies for the Russians.
The ships were built in the United States and were armed with two 12-inch guns.
The ships were loaded with supplies and equipment for the expedition.
The ships were built in the United States and were designed to carry troops and supplies to the Soviet Union.
The Soviet Union was the first country to send a manned spacecraft to the Moon.
The aircraft was flying at a low altitude and was not in danger of collision.
The ships were carrying supplies for the Russian army.
The ships were loaded with supplies and equipment for the expedition.
The ships were built in the United States and were used to transport troops and supplies to the front.
The ships were loaded with supplies and equipment for the expedition.
The ships were loaded with supplies for the Russians.
The aircraft was flying at a low altitude and was not in danger of collision.
The ships were loaded with supplies and equipment for the expedition.
The ships were loaded with supplies for the Russians.
The ships were loaded with supplies for the Russians.
The ships were loaded with supplies for the Russians.
The ships were loaded with supplies and equipment for the expedition.
The ships were loaded with supplies and equipment for the expedition.
The ships were loaded with supplies and equipment for the expedition.
The ships were built in the United States and were armed with two 12-inch guns.
The ships were loaded with supplies for the Russians.
The ships were carrying supplies for the Russian army.
The ships were loaded with supplies for the Russians.
The aircraft was flying at an altitude of about 15,000 feet.
The ships were carrying supplies for the Soviet Union, but the Soviets were not interested in the cargo.
The ships were loaded with supplies for the Russians.
The ships were loaded with supplies and equipment for the expedition.
The ships were loaded with supplies for the Russians.
The ships were loaded with supplies for the Russians.
The ships were loaded with supplies and equipment for the expedition.
The ships were loaded with supplies and equipment for the expedition.
The ships were loaded with supplies for the Russians.
The ships were loaded with supplies and equipment for the expedition.
The ships were built in the United States and were armed with two 12-inch guns.
The ships were built in the United States and were used to transport troops and supplies to the front.
The ships were loaded with supplies and equipment for the expedition.
The ships were loaded with supplies for the Russians.
The ships were loaded with supplies for the Russians.
The ships were built in the United States and were designed to carry troops and supplies to the Antarctic.
The ships were to be used to transport troops and supplies to the front.
The ships were built in the United States and were used to transport troops and supplies to the front.
The ships were loaded with supplies for the Russians.
The ships were loaded with supplies for the Russians.
The ships were built in the United States and were armed with two 12-inch guns.
The ships were loaded with supplies and equipment for the expedition.
The aircraft was flying at a low altitude and was not in danger of collision.
The ships were loaded with supplies for the Russians.
The ships were to be used to transport troops and supplies to the front.»
The first of these was the "Snowbird" which was a small, lightweight, single-engined aircraft.
The ships were built in the United States and were used to transport troops and supplies to the front.
The ships were built in the United States and were armed with two 12-inch guns.
The ships were loaded with supplies and equipment for the expedition.
The ships were carrying supplies for the Soviet Union, but the Soviets were not interested in the supplies.
The ships were built in the United States and were loaded with supplies for the Russians.
The ships were built in the United States and were used to transport troops and supplies to the front.
The ships were carrying supplies for the Russian army.
The ships were loaded with supplies and equipment for the expedition.
The ships were loaded with supplies for the Russians.
The ships were to be used to transport troops and supplies to the front.
The ships were loaded with supplies for the Russians.
The ships were built in the United States and were armed with two 12-inch guns.
The ships were built in the United States and were armed with two 12-inch guns.
The ships were loaded with supplies for the Russians.
The first of these was the establishment of the United States Air Force in 1947.
The first of these was the first of the three-day-long "Snowball Earth" events, which began on January 21, 2012.
The ships were loaded with supplies and equipment for the expedition.
The ships were carrying supplies for the Russian army.
The ships were loaded with supplies and equipment for the expedition.
The first of these was the first of the three-day-long "Snowball Earth" events, which began on January 10, 2008.
The ships were loaded with supplies and equipment for the expedition.
The ships were built in the United States and were used to transport troops and supplies to the front.
The ships were built in the United States and were used to transport troops and supplies to the front.
The ships were built in the United States and were designed to carry troops and supplies to the Soviet Union.
The ships were carrying supplies for the Russian army.
The ships were loaded with supplies and equipment for the expedition.
The ships were loaded with supplies for the Russian army.
The ships were loaded with supplies for the Russians.
The ships were loaded with supplies and equipment for the expedition.
The ships were built in the United States and were armed with two 20 mm guns.
The ships were loaded with supplies for the Russians.
The ships were built in the United States and were loaded with supplies for the Russians.
The ships were to be used to transport troops and supplies to the front.
The ships were built in the United States and were armed with two 20 mm guns.
The ships were built in the United States and were used to transport troops and supplies to the front.
The ships were built in the United States and were used to transport troops and supplies to the front.
The ships were loaded with supplies and equipment for the expedition.
The ships were loaded with supplies and equipment for the expedition.
The ships were loaded with supplies for the Russians.
The ships were built in the United States and were armed with two 20 mm guns.
The ships were built in the United States and were armed with two 20 mm guns.
The first two are the most common, and the third is the most rare.
The ships were built in the United States and were used to transport troops and supplies to the front.
The ships were loaded with supplies for the Russians.
The ships were carrying supplies for the Russian army.
The ships were built in the United States and were used to transport troops and supplies to the front.
The ships were loaded with supplies and equipment for the expedition.
The ships were loaded with supplies for the Russians.
The ships were carrying supplies for the Russian army.
The ships were built in the United States and were designed to carry troops and supplies to the Arctic.
The ships were loaded with supplies for the Russians.
The Soviet Union was the first country to use the term "Communist" to describe itself.
The ships were carrying supplies for the Soviet Union, but the Soviets were not interested in the cargo.
The ships were carrying supplies for the Russian army.
The ships were loaded with supplies for the Russians.
The ships were built in the United States and were armed with two 20 mm guns.
The ships were loaded with supplies for the Russians.
The ships were loaded with supplies for the Russians.
The ships were carrying supplies for the Russian army.
The ships were to be used to transport troops and supplies to the front.
The ships were to be used to transport troops and supplies to the front.
The ships were loaded with supplies and equipment for the expedition.
The ships were loaded with supplies and equipment for the expedition.
The ships were loaded with supplies for the Russians.
The ships were built in the United States and were used to transport troops and supplies to the front.
The ships were loaded with supplies for the Russians.
The ships were built in the United States and were used to transport troops and supplies to the front.
The ships were loaded with supplies for the Russians.
The aircraft was flying at an altitude of about 15,000 feet.
The ships were loaded with supplies and equipment for the expedition.
The ships were built in the United States and were armed with two 20 mm guns.
The ships were loaded with supplies for the Russians.
The ships were carrying supplies for the Russian army.
The ships were loaded with supplies and equipment for the expedition.
The ships were loaded with supplies for the Russians.
The ships were loaded with supplies for the Russians.
The ships were loaded with supplies and equipment for the expedition.
The ships were built in the United States and were armed with two 12-inch guns.
The ships were loaded with supplies for the Russians.
The ships were loaded with supplies and equipment for the expedition.
The ships were built in the United States and were used to transport troops and supplies to the front.
The aircraft was flying at a low altitude and was not in danger of collision.
The ships were built in the United States and were loaded with supplies for the Russians.
The ships were loaded with supplies for the Russians.
The ships were built in the United States and were loaded with supplies for the Russians.
The ships were built in the United States and were used to transport troops and supplies to the front.
The ships were built in the United States and were loaded with supplies for the Russians.
The ships were loaded with supplies for the Russians.
The ships were carrying supplies for the Russian army.
The ships were loaded with supplies for the Russians.
The ships were loaded with supplies and equipment for the expedition.
The ships were loaded with supplies and equipment for the expedition.
The ships were loaded with supplies for the Russians.
The ships were carrying supplies for the Russian army.
The ships were loaded with supplies and equipment for the expedition.
The ships were built in the United States and were armed with two 12-inch guns.
The ships were built in the United States and were used to transport troops and supplies to the front.
The ships were loaded with supplies for the Russians.
The ships were loaded with supplies for the Russians.
The ships were built in the United States and were loaded with supplies for the Russians.
The aircraft was flying at a low altitude and was not in danger of collision.
The ships were loaded with supplies for the Russians.
The ships were loaded with supplies for the Russians.
The ships were loaded with supplies for the Russians.
The ships were built in the United States and were armed with two 20 mm guns.
The ships were loaded with supplies for the Russians.
The first of these was the first of the three major airlifts of supplies to the Soviet Union.
The ships were carrying supplies for the Russian army.
The ships were loaded with supplies and equipment for the expedition.
The ships were loaded with supplies for the Russians.
The ships were built in the United States and were loaded with supplies for the Russians.
The ships were built in the United States and were loaded with supplies for the Russians.
The ships were loaded with supplies for the Russians.
The ships were built in the United States and were used to transport troops and supplies to the front.
The ships were built in the United States and were used to transport troops and supplies to the front.
The ships were built in the United States and were armed with two 20 mm guns.
The aircraft was flying at a low altitude and was not in danger of collision.
The ships were built in the United States and were used to transport troops and supplies to the front.
The ships were loaded with supplies and equipment for the expedition.
The ships were loaded with supplies for the Russians.
The ships were loaded with supplies and equipment for the expedition.
The first of the two-seat, two-door, four-wheel-drive Audi TT was introduced in the United States in September of 2000.
The ships were loaded with supplies for the Russians.
The ships were loaded with supplies for the Russians.
The ships were loaded with supplies and equipment for the expedition.
The ships were loaded with supplies for the Russians.
The ships were loaded with supplies for the Russians.
The ships were loaded with supplies for the Russians.
The ships were loaded with supplies and equipment for the expedition.
The ships were to be used to transport troops and supplies to the front.
The ships were loaded with supplies and equipment for the expedition.
The ships were loaded with supplies for the Russians.
The ships were loaded with supplies for the Russians.
The ships were loaded with supplies and equipment for the expedition.
The ships were loaded with supplies for the Russians.
The ships were loaded with supplies for the Russians.
The ships were loaded with supplies for the Russians.
The ships were loaded with supplies for the Russians.
The ships were loaded with supplies for the Russian army.
The ships were carrying supplies for the Russian army.
The ships were built in the United States and were designed to carry troops and supplies to the Soviet Union.
The ships were carrying supplies for the Russian army.
The United States has a long history of supporting the rights of women and girls.
The ships were loaded with supplies for the Russians.
The aircraft was flying at a low altitude and was not in danger of collision.
The ships were loaded with supplies and equipment for the expedition.
The ships were to be used to transport troops and supplies to the front.
The ships were loaded with supplies and equipment for the expedition.
The ships were loaded with supplies for the Russians.
The ships were carrying supplies for the Russian army.
The ships were loaded with supplies and equipment for the expedition.
The ships were carrying supplies for the Russian army.
The ships were loaded with supplies and equipment for the expedition.
The ships were built in the United States and were armed with two 20 mm guns.
The ships were loaded with supplies and equipment for the expedition.
The ships were loaded with supplies for the Russians.
The ships were built in the United States and were loaded with supplies for the Russians.
The ships were carrying supplies for the Russian army.
The ships were built in the United States and were armed with two 12-inch guns.
The ships were carrying supplies for the Russian army.
The ships were carrying supplies for the Russian army.
The ships were built in the United States and were designed to carry troops and supplies to the Soviet Union.
The ships were built in the United States and were used to transport troops and supplies to the front.
The ships were loaded with supplies and equipment for the expedition.
The ships were loaded with supplies for the Russians.
The ships were carrying supplies for the Russian army.
The ships were loaded with supplies for the Russians.
The ships were built in the United States and were loaded with supplies for the Russians.
The ships were loaded with supplies for the Russians.
The ships were loaded with supplies and equipment for the expedition.
The ships were carrying supplies for the Russian army.
The ships were loaded with supplies and equipment for the expedition.
The ships were carrying supplies for the Russian army.
The FAA has been working with the airlines to develop a new system that will allow passengers to check in online and print their boarding passes.
The ships were built in the United States and were used to transport troops and supplies to the front.
The ships were loaded with supplies for the Russians.
The ships were built in the United States and were armed with two 12-inch guns.
The ships were built in the United States and were armed with two 20 mm guns.
The ships were built in the United States and were designed to carry troops and supplies to the Antarctic.
The ships were loaded with supplies and equipment for the expedition.
The ships were loaded with supplies for the Russians.
The ships were loaded with supplies for the Russians.
The ships were loaded with supplies and equipment for the expedition.
The ships were built in the United States and were armed with two 12-inch guns.
The ships were loaded with supplies for the Russians.
The ships were loaded with supplies and equipment for the expedition.
The ships were built in the United States and were armed with two 12-inch guns.
The ships were built in the United States and were loaded with supplies for the Russians.
The ships were built in the United States and were armed with two 12-inch guns.
The ships were built in the United States and were armed with two 12-inch guns.
The ships were built in the United States and were used to transport troops and supplies to the front.
The ships were loaded with supplies and equipment for the expedition.
The ships were loaded with supplies for the Russians.
The ships were built in the United States and were used to transport troops and supplies to the front.
The ships were loaded with supplies for the Russians.
The ships were loaded with supplies and equipment for the expedition.
The ships were loaded with supplies for the Russians.
The ships were loaded with supplies and equipment for the expedition.
The ships were built in the United States and were used to transport troops and supplies to the front.
The ships were loaded with supplies and equipment for the expedition.
The ships were built in the United States and were used to transport troops and supplies to the front.
The ships were built in the United States and were designed to carry troops and supplies to the Soviet Union.
The ships were loaded with supplies and equipment for the expedition.
The ships were loaded with supplies for the Russians.
The ships were built in the United States and were armed with two 20 mm guns.
The ships were built in the United States and were used to transport troops and supplies to the front.
The ships were loaded with supplies and equipment for the expedition.
The ships were loaded with supplies for the Russians.
The ships were loaded with supplies for the Russians.
The ships were loaded with supplies and equipment for the expedition.
The ships were loaded with supplies for the Russians.
The ships were loaded with supplies for the Russians.
The ships were loaded with supplies for the Russians.
The ships were loaded with supplies for the Russians.
The ships were loaded with supplies and equipment for the expedition.
The ships were built in the United States and were used to transport troops and supplies to the front.
The ships were loaded with supplies and equipment for the expedition.
The ships were loaded with supplies and equipment for the expedition.
The ships were loaded with supplies for the Russians.
The ships were built in the United States and were used to transport troops and supplies to the front.
The ships were loaded with supplies and equipment for the expedition.
The ships were built in the United States and were used to transport troops and supplies to the front.
The ships were loaded with supplies for the Russians.
The ships were to be used to transport troops and supplies to the front.
The ships were loaded with supplies for the Russians.
The ships were built in the United States and were used to transport troops and supplies to the front.
The ships were loaded with supplies and equipment for the expedition.
The ships were loaded with supplies and equipment for the expedition.
The ships were loaded with supplies and equipment for the expedition.
The ships were loaded with supplies and equipment for the expedition.
The ships were built in the United States and were used to transport troops and supplies to the front.
The ships were loaded with supplies for the Russians.
The ships were loaded with supplies and equipment for the expedition.
The ships were loaded with supplies for the Russians.
The ships were built in the United States and were designed to carry troops and supplies to the Arctic.
The ships were loaded with supplies for the Russians.
The ships were built in the United States and were used to transport troops and supplies to the front.
The ships were carrying supplies for the Russian army.
The ships were built in the United States and were used to transport troops and supplies to the front.
The ships were built in the United States and were used to transport troops and supplies to the front.
The ships were built in the United States and were used to transport troops and supplies to the front.
The ships were built in the United States and were used to transport troops and supplies to the front.
The ships were loaded with supplies and equipment for the expedition.
The ships were loaded with supplies for the Russians.
The ships were built in the United States and were loaded with supplies for the Russians.
The ships were built in the United States and were used to transport troops and supplies to the front.
The Soviet Union was the first country to use the term "Communist" to describe itself.
The ships were loaded with supplies and equipment for the expedition.
The ships were loaded with supplies and equipment for the expedition.
The first of these was the "Snowbird" which was a small, light aircraft with a single engine.
The ships were built in the United States and were designed to carry troops and supplies to the Soviet Union.
The ships were loaded with supplies and equipment for the expedition.
The ships were loaded with supplies and equipment for the expedition.
The ships were built in the United States and were armed with two 20 mm guns.
The ships were loaded with supplies for the Russians.
The ships were loaded with supplies for the Russians.
The ships were carrying supplies for the Russian army.
The first two were the first two of the three.
The ships were built in the United States and were used to transport troops and supplies to the front.
The first of these was the first of the three major airlifts of supplies to the Soviet Union.
The ships were built in the United States and were used to transport troops and supplies to the front.
The ships were built in the United States and were used to transport troops and supplies to the front.
The ships were loaded with supplies for the Russian army.
The ships were built in the United States and were used to transport troops and supplies to the front.
The United States has a large military presence in the region.
The ships were built in the United States and were used to transport troops and supplies to the front.
The ships were loaded with supplies for the Russians.
The Soviet Union was the first country to use the term "Communist" to describe itself.
The ships were loaded with supplies for the Russians.
The ships were carrying supplies for the Russian army.
The ships were loaded with supplies and equipment for the expedition.
The aircraft was flying at a height of about 3,200 m.
The ships were loaded with supplies for the Russians.
The ships were loaded with supplies and equipment for the expedition.
The ships were loaded with supplies for the Russians.
The ships were loaded with supplies and equipment for the expedition.
The ships were built in the United States and were designed to carry troops and supplies to the Soviet Union.
The ships were loaded with supplies for the Russians.
The ships were loaded with supplies and equipment for the expedition.
The ships were loaded with supplies and equipment for the expedition.
The ships were carrying supplies for the Russian army.
The ships were loaded with supplies for the Russians.
The ships were loaded with supplies and equipment for the expedition.
The ships were loaded with supplies and equipment for the expedition.
The first of these was the establishment of the Soviet Union in 1922.
The ships were loaded with supplies for the Russians.
The ships were to be used to transport troops and supplies to the front.
The ships were loaded with supplies for the Russians.
The ships were built in the United States and were used to transport troops and supplies to the front.
The ships were built in the United States and were armed with two 12-inch guns.
The ships were loaded with supplies for the Russians.
The ships were built in the United States and were designed to carry troops and supplies to the Soviet Union.
The ships were loaded with supplies for the Russians.
The ships were loaded with supplies and equipment for the expedition.
The ships were loaded with supplies and equipment for the expedition.
The ships were built in the United States and were used to transport troops and supplies to the front.
The ships were built in the United States and were used to transport troops and supplies to the front.
The ships were loaded with supplies and equipment for the expedition.
The ships were loaded with supplies and equipment for the expedition.
The ships were carrying supplies for the Russian army.
The ships were to be used to transport troops and supplies to the front.
The ships were built in the United States and were armed with two 20 mm guns.
The ships were built in the United States and were used to transport troops and supplies to the front.
The ships were built in the United States and were armed with two 12-inch guns.
The ships were loaded with supplies and equipment for the expedition.
The ships were built in the United States and were designed to carry troops and supplies to the Antarctic.
The ships were built in the United States and were used to transport troops and supplies to the front.
The ships were built in the United States and were used to transport troops and supplies to the front.
The ships were loaded with supplies and equipment for the expedition.
The first of these was the "Snowbird" which was a small, lightweight, single-engined aircraft.
The ships were loaded with supplies and equipment for the expedition.
The ships were loaded with supplies and equipment for the expedition.
The ships were loaded with supplies for the Russians.
The ships were loaded with supplies and equipment for the expedition.
The ships were built in the United States and were armed with two.50 caliber machine guns.
The ships were loaded with supplies and equipment for the expedition.
The ships were carrying supplies for the Russian army.
The first two are the most common, and the third is the most rare.
The ships were carrying supplies for the Russian army.
The ships were carrying supplies for the Russian army.
The ships were built in the United States and were armed with two 12-inch guns.
The ships were loaded with supplies for the Russians.
The ships were loaded with supplies for the Russians.
The ships were loaded with supplies for the Russians.
The ships were loaded with supplies and equipment for the expedition.
The ships were loaded with supplies for the Russians.
The ships were loaded with supplies for the Russians.
The first of these was the first of the three-day-long "Snowball Earth" events, which began on January 20, 2012.
The ships were loaded with supplies for the Russians.
The ships were built in the United States and were armed with two 20 mm guns.
The ships were loaded with supplies for the Russians.
The ships were loaded with supplies for the Russians.
The first of these was the first of the three-day-long "Snowball Earth" events, which began on January 25, 2003.
The ships were loaded with supplies for the Russians.
The ships were loaded with supplies for the Russians.
The ships were to be used to transport troops and supplies to the front.
The ships were built in the United States and were loaded with supplies for the Russians.
The ships were loaded with supplies for the Russians.
The ships were built in the United States and were designed to carry troops and supplies to the Soviet Union.
The ships were built in the United States and were used to transport troops and supplies to the front.
The ships were loaded with supplies for the Russians.
The ships were loaded with supplies for the Russian army.
The ships were built in the United States and were designed to carry troops and supplies to the South Pole.
The ships were built in the United States and were designed to carry troops and supplies to the Soviet Union.
The ships were loaded with supplies for the Russians.
The ships were loaded with supplies for the Russians.
The ships were loaded with supplies for the Russians.
The ships were built in the United States and were armed with two 20 mm guns.
The first of these was the "Snowbird" which was a modified version of the "Snowbird" which had been built by the U.S. Army Air Forces.
The ships were loaded with supplies for the Russians.
The ships were loaded with supplies and equipment for the expedition.
The ships were built in the United States and were armed with two 20 mm guns.
The ships were loaded with supplies and equipment for the expedition.
The ships were built in the United States and were armed with two 20 mm guns.
The ships were loaded with supplies and equipment for the expedition.
The ships were loaded with supplies and equipment for the expedition.
The ships were loaded with supplies and equipment for the expedition.
The first of these was the first of the three-day-long "Snowball Earth" events, which began on January 20, 1995, and ended on January 22, 1995.
The ships were built in the United States and were armed with two 20 mm guns.
The ships were built in the United States and were used to transport troops and supplies to the front.
The ships were built in the United States and were designed to carry troops and supplies to the Soviet Union.
The ships were loaded with supplies for the Russians.
The ships were loaded with supplies for the Russians.
The ships were loaded with supplies for the Russians.
The ships were loaded with supplies for the Russians.
The ships were loaded with supplies and equipment for the expedition.
The ships were loaded with supplies and equipment for the expedition.
The ships were loaded with supplies and equipment for the expedition.
The ships were loaded with supplies for the Russians.
The ships were loaded with supplies and equipment for the expedition.
The ships were built in the United States and were used to transport troops and supplies to the front.
The ships were loaded with supplies and equipment for the expedition.
The ships were loaded with supplies for the Russians.
The ships were loaded with supplies for the Russians.
The ships were built in the United States and were armed with two 12-inch guns.
The ships were loaded with supplies for the Russians.
The ships were built in the United States and were used to transport troops and supplies to the front.
The ships were loaded with supplies and equipment for the expedition.
The ships were built in the United States and were armed with two 20 mm guns.
The ships were built in the United States and were used to transport troops and supplies to the front.
The ships were built in the United States and were used to transport troops and supplies to the front.
The ships were built in the United States and were used to transport troops and supplies to the front.
The ships were to be used to transport troops and supplies to the front.
The ships were loaded with supplies and equipment for the expedition.
The ships were loaded with supplies and equipment for the expedition.
The ships were to be used to transport troops and supplies to the front.
The aircraft was flying at a low altitude and was not in danger of collision.
The ships were loaded with supplies and equipment for the expedition.
The ships were loaded with supplies and equipment for the expedition.
The ships were built in the United States and were loaded with supplies for the Russians.
The ships were loaded with supplies for the Russians.
The ships were loaded with supplies and equipment for the expedition.
The ships were carrying supplies for the Russian army.
The ships were loaded with supplies and equipment for the expedition.
The ships were carrying supplies for the Russian army.
The ships were loaded with supplies for the Russians.
The ships were carrying supplies for the Russian army.
The ships were built in the United States and were used to transport troops and supplies to the front.
The ships were loaded with supplies and equipment for the expedition.
The ships were carrying supplies for the Russian army.
The ships were loaded with supplies for the Russians.
The ships were loaded with supplies for the Russians.
The ships were carrying supplies for the Russian army.
The ships were loaded with supplies for the Russians.
The ships were loaded with supplies for the Russians.
The ships were loaded with supplies and equipment for the expedition.
The ships were built in the United States and were armed with two 12-inch guns.
The aircraft was flying at a low altitude and was not in danger of collision.
The ships were built in the United States and were armed with two 12-inch guns.
The ships were built in the United States and were armed with two 20 mm guns.
The ships were loaded with supplies for the Russians.
The ships were built in the United States and were designed to carry troops and supplies to the Arctic.
The ships were loaded with supplies for the Russians.
The ships were loaded with supplies for the Russians.
The ships were loaded with supplies and equipment for the expedition.
The ships were loaded with supplies and equipment for the expedition.
The ships were built in the United States and were loaded with supplies for the Russians.
The ships were built in the United States and were designed to carry troops and supplies to the Arctic.
The ships were built in the United States and were designed to carry troops and supplies to the Soviet Union.
The ships were loaded with supplies and equipment for the expedition.
The ships were loaded with supplies and equipment for the expedition.
The ships were loaded with supplies and equipment for the expedition.
The ships were loaded with supplies for the Russians.
The ships were built in the United States and were used to transport troops and supplies to the front.
The ships were built in the United States and were used to transport troops and supplies to the front.
The ships were loaded with supplies and equipment for the expedition.
The ships were built in the United States and were armed with two 12-inch guns.
The ships were loaded with supplies for the Russians.
The ships were loaded with supplies for the Russians.
The ships were built in the United States and were used to transport troops and supplies to the front.
The ships were built in the United States and were armed with two 20 mm guns.
The ships were loaded with supplies and equipment for the expedition.
The ships were loaded with supplies for the Russians.
The ships were carrying supplies for the Russian army.
The ships were loaded with supplies for the Russians.
The ships were built in the United States and were armed with two 20 mm guns.
The ships were loaded with supplies and equipment for the expedition.
The ships were built in the United States and were armed with two 12-inch guns.
The ships were loaded with supplies for the Russians.
The ships were built in the United States and were armed with two 20 mm guns.
The ships were built in the United States and were used to transport troops and supplies to the front.
The ships were built in the United States and were used to transport troops and supplies to the front.
The ships were loaded with supplies and equipment for the expedition.
The ships were loaded with supplies and equipment for the expedition.
The ships were loaded with supplies and equipment for the expedition.
The ships were loaded with supplies for the Russians.
The ships were loaded with supplies and equipment for the expedition.
The ships were loaded with supplies and equipment for the expedition.
The ships were loaded with supplies for the Russians.
The ships were built in the United States and were used to transport troops and supplies to the front.
The ships were carrying supplies for the Russian army.
The ships were built in the United States and were used to transport troops and supplies to the front.
The ships were loaded with supplies and equipment for the expedition.
The ships were built in the United States and were armed with two 12-inch guns.
The ships were carrying supplies for the Russian army.
The ships were loaded with supplies and equipment for the expedition.
The ships were built in the United States and were loaded with supplies for the Russians.
The ships were built in the United States and were armed with two 12-inch guns.
The ships were loaded with supplies for the Russians.
The ships were loaded with supplies and equipment for the expedition.
The ships were built in the United States and were armed with two 12-inch guns.
The ships were built in the United States and were armed with two 12-inch guns.
The ships were to be used to transport troops and supplies to the front.
The ships were loaded with supplies and equipment for the expedition.
The ships were loaded with supplies for the Russians.
The ships were built in the United States and were loaded with supplies for the Russians.
The ships were loaded with supplies for the Russians.
The ships were loaded with supplies and equipment for the expedition.
The ships were loaded with supplies for the Russians.
The ships were loaded with supplies and equipment for the expedition.
The ships were built in the United States and were armed with two 20 mm guns.
The ships were built in the United States and were armed with two 12-inch guns.
The ships were loaded with supplies and equipment for the expedition.
The ships were loaded with supplies for the Russians.
The ships were built in the United States and were armed with two 12-inch guns.
The ships were loaded with supplies for the Russian army.
The ships were built in the United States and were used to transport troops and supplies to the front.
The ships were built in the United States and were used to transport troops and supplies to the front.
The ships were built in the United States and were designed to carry troops and supplies to the Soviet Union.
The ships were built in the United States and were used to transport troops and supplies to the front.
The ships were loaded with supplies and equipment for the expedition.
The ships were loaded with supplies for the Russians.
The ships were loaded with supplies and equipment for the expedition.
The ships were loaded with supplies and equipment for the expedition.
The ships were loaded with supplies for the Russians.
The ships were built in the United States and were designed to carry troops and supplies to the Soviet Union.
The ships were built in the United States and were used to transport troops and supplies to the front.
The ships were built in the United States and were designed to carry troops and supplies to the Soviet Union.
The ships were loaded with supplies and equipment for the expedition.
The ships were loaded with supplies and equipment for the expedition.
The ships were loaded with supplies for the Russians.
The ships were loaded with supplies and equipment for the expedition.
The ships were loaded with supplies and equipment for the expedition.
The ships were loaded with supplies for the Russians.
The ships were loaded with supplies and equipment for the expedition.
The ships were built in the United States and were designed to carry troops and supplies to the Soviet Union.
The United States has a large number of military bases in the Middle East.
The ships were loaded with supplies and equipment for the expedition.
The ships were loaded with supplies for the Russians.
The ships were loaded with supplies and equipment for the expedition.
The ships were loaded with supplies for the Russians.
The ships were loaded with supplies and equipment for the expedition.
The ships were loaded with supplies and equipment for the expedition.
The ships were loaded with supplies for the Russians.
The ships were loaded with supplies and equipment for the expedition.
The ships were built in the United States and were used to transport troops and supplies to the front.
The ships were built in the United States and were designed to carry troops and supplies to the Soviet Union.
The ships were built in the United States and were loaded with supplies for the Russians.
The ships were built in the United States and were armed with two 20 mm guns.
The ships were loaded with supplies for the Russians.
The ships were built in the United States and were used to transport troops and supplies to the front.
The ships were built in the United States and were used to transport troops and supplies to the front.
The ships were built in the United States and were loaded with supplies for the Russians.
The ships were loaded with supplies and equipment for the expedition.
The ships were loaded with supplies and equipment for the expedition.
The ships were loaded with supplies and equipment for the expedition.
The ships were loaded with supplies for the Russians.
The ships were loaded with supplies for the Russians.
The ships were loaded with supplies and equipment for the expedition.
The ships were loaded with supplies and equipment for the expedition.
The ships were loaded with supplies and equipment for the expedition.
The ships were loaded with supplies for the Russians.
The ships were built in the United States and were used to transport troops and supplies to the front.
The ships were loaded with supplies and equipment for the expedition.
The ships were loaded with supplies for the Russians.
The ships were loaded with supplies for the Russians.
The ships were built in the United States and were used to transport troops and supplies to the front.
The ships were built in the United States and were used to transport troops and supplies to the front.
The ships were built in the United States and were armed with two 12-inch guns.
The ships were built in the United States and were used to transport troops and supplies to the front.
The ships were loaded with supplies for the Russians.
The ships were built in the United States and were armed with two 20 mm guns.
The ships were loaded with supplies for the Russians.
The ships were loaded with supplies and equipment for the expedition.
The ships were built in the United States and were loaded with supplies for the Russians.
The ships were loaded with supplies and equipment for the expedition.
The ships were loaded with supplies and equipment for the expedition.
The ships were built in the United States and were used to transport troops and supplies to the front.
The ships were built in the United States and were armed with two 12-inch guns.
The ships were built in the United States and were used to transport troops and supplies to the front.
The ships were built in the United States and were used to transport troops and supplies to the front.
The ships were loaded with supplies for the Russian army.
The ships were built in the United States and were armed with two 20 mm guns.
The ships were built in the United States and were used to transport troops and supplies to the front.
The ships were loaded with supplies and equipment for the expedition.
The ships were built in the United States and were used to transport troops and supplies to the front.
The ships were loaded with supplies for the Russians.
The ships were built in the United States and were used to transport troops and supplies to the front.
The ships were carrying supplies for the Russian army.
The ships were loaded with supplies for the Russian army.
The ships were loaded with supplies and equipment for the expedition.
The ships were carrying supplies for the Russian Arctic expedition.
The ships were built in the United States and were armed with two 20 mm guns.
The ships were built in the United States and were armed with two 20 mm guns.
The ships were built in the United States and were designed to carry troops and supplies to the Antarctic.
The ships were loaded with supplies for the Russians.
The ships were loaded with supplies for the Russian army.
The ships were carrying supplies for the Soviet Union, but the Soviets were not interested in the supplies.
The ships were carrying supplies for the Russian army.
The ships were loaded with supplies for the Russians.
The ships were built in the United States and were used to transport troops and supplies to the front.
The ships were loaded with supplies and equipment for the expedition.
The ships were built in the United States and were used to transport troops and supplies to the front.
The ships were built in the United States and were armed with two 12-inch guns.
The ships were built in the United States and were used to transport troops and supplies to the front.
The ships were loaded with supplies for the Russians.
The ships were loaded with supplies and equipment for the expedition.
The ships were built in the United States and were armed with two 12-inch guns.
The ships were loaded with supplies for the Russians.
The ships were loaded with supplies for the Russians.
The ships were built in the United States and were armed with two 12-inch guns.
The ships were built in the United States and were used to transport troops and supplies to the front.
The ships were built in the United States and were used to transport troops and supplies to the front.
The ships were built in the United States and were used to transport troops and supplies to the front.
The Soviet Union had been the only country to have a nuclear weapon.
The aircraft was flying at a low altitude and was not in danger of collision.
The ships were loaded with supplies and equipment for the expedition.
The ships were loaded with supplies and equipment for the expedition.
The first two are the most common, and the third is the most rare.
The ships were loaded with supplies for the Russians.
The ships were carrying supplies for the Russian army.
The ships were built in the United States and were used to transport troops and supplies to the front.
The ships were carrying supplies for the Russian army.
The ships were loaded with supplies for the Russians.
The ships were built in the United States and were used to transport troops and supplies to the front.
The ships were built in the United States and were loaded with supplies for the Russians.
The ships were carrying supplies for the Russian army.
The ships were carrying supplies for the Russian army.
The ships were loaded with supplies for the Russians.
The ships were built in the United States and were armed with two 12-inch guns.
The ships were loaded with supplies for the Russians.
The ships were built in the United States and were armed with two 20 mm guns.
The first of these was the first of the three-day-long "Snowball Earth" events, which began on January 20, 2012. Տեղր իցք իցք իցք իցք իցք իցք իցք իցք իցք իցք իցք իցք իցք իցք իցք իցք իցք իցք իցք իցք իցք իցք իցք իցք իցք իցք իցք իցք իցք իցք իցք իցք
The ships were loaded with supplies and equipment for the expedition.
The ships were loaded with supplies for the Russians.
The ships were loaded with supplies and equipment for the expedition.
The ships were built in the United States and were designed to carry troops and supplies to the Soviet Union.
The ships were loaded with supplies and equipment for the expedition.
The ships were carrying supplies for the Russian army.
The ships were loaded with supplies and equipment for the expedition.
The ships were carrying supplies for the Russian army.
The ships were loaded with supplies for the Russians.
The ships were built in the United States and were used to transport troops and supplies to the front.
The ships were loaded with supplies and equipment for the expedition.
The ships were loaded with supplies for the Russians.
The ships were loaded with supplies and equipment for the expedition.
The ships were carrying supplies for the Russian army.
The ships were carrying supplies for the Russian army.
The ships were built in the United States and were loaded with supplies for the Russians.
The ships were loaded with supplies and equipment for the expedition.
The ships were built in the United States and were used to transport troops and supplies to the front.
The ships were carrying supplies for the Russian army.
The first two are the most common, and the third is the most rare.
The ships were loaded with supplies and equipment for the expedition.
The ships were built in the United States and were armed with two 20 mm guns.
The ships were carrying supplies for the Russian army.
The first of the three ships was the USS Enterprise, which was launched in May of 1966.
The ships were built in the United States and were designed to carry troops and supplies to the Soviet Union.
The ships were built in the United States and were armed with two 12-inch guns.
The ships were built in the United States and were armed with two 20 mm guns.
The ships were loaded with supplies and equipment for the expedition.
The ships were loaded with supplies and equipment for the expedition.
The ships were built in the United States and were designed to carry troops and supplies to the Soviet Union.
The ships were carrying supplies for the Russian army.
The ships were built in the United States and were used to transport troops and supplies to the front.
The ships were loaded with supplies and equipment for the expedition.
The ships were loaded with supplies for the Russians.
The ships were built in the United States and were used to transport troops and supplies to the front.
The ships were loaded with supplies and equipment for the expedition.
The ships were loaded with supplies for the Russians.
The ships were loaded with supplies and equipment for the expedition.
The ships were loaded with supplies and equipment for the expedition.
The ships were built in the United States and were loaded with supplies for the Russians.
The ships were loaded with supplies and equipment for the expedition.
The ships were loaded with supplies for the Russians.
The ships were built in the United States and were designed to carry troops and supplies to the Soviet Union.
The ships were loaded with supplies and equipment for the expedition.
The ships were loaded with supplies for the Russians.
The ships were loaded with supplies and equipment for the expedition.
The ships were built in the United States and were designed to carry troops and supplies to the Soviet Union.
The ships were loaded with supplies and equipment for the expedition.
The ships were built in the United States and were designed to carry troops and supplies to the Arctic.
The ships were loaded with supplies for the Russians.
The ships were loaded with supplies for the Russians.
The ships were loaded with supplies for the Russians.
The ships were loaded with supplies and equipment for the expedition.
The ships were loaded with supplies and equipment for the expedition.
The ships were loaded with supplies and equipment for the expedition.
The ships were built in the United States and were used to transport troops and supplies to the front.
The ships were built in the United States and were armed with two 12-inch guns.
The ships were built in the United States and were used to transport troops and supplies to the front.
The Soviet Union had been the only country to have a nuclear weapon.
The ships were built in the United States and were used to transport troops and supplies to the front.
The ships were to be used to transport troops and supplies to the front.
The ships were carrying supplies for the Russian army.
The ships were built in the United States and were designed to carry troops and supplies to the Soviet Union.
The ships were loaded with supplies and equipment for the expedition.
The ships were loaded with supplies and equipment for the expedition.
The ships were loaded with supplies for the Russians.
The ships were loaded with supplies and equipment for the expedition.
The ships were built in the United States and were armed with two 20 mm guns.
The ships were loaded with supplies and equipment for the expedition.
The ships were loaded with supplies and equipment for the expedition.
The ships were loaded with supplies and equipment for the expedition.
The ships were loaded with supplies and equipment for the expedition.
The ships were built in the United States and were used to transport troops and supplies to the front.
The ships were loaded with supplies and equipment for the expedition.
The ships were loaded with supplies for the Russians.
The ships were carrying supplies for the Russian army.
The ships were loaded with supplies for the Russians.
The ships were built in the United States and were used to transport troops and supplies to the front.
The ships were loaded with supplies and equipment for the expedition.
The ships were loaded with supplies and equipment for the expedition.
The ships were built in the United States and were used to transport troops and supplies to the front.
The ships were built in the United States and were armed with two 20 mm guns.
The ships were loaded with supplies and equipment for the expedition.
The ships were carrying supplies for the Russian army.
The ships were built in the United States and were armed with two 20 mm guns.
The ships were built in the United States and were used to transport troops and supplies to the front.
The ships were built in the United States and were armed with two 12-inch guns.
The ships were loaded with supplies and equipment for the expedition.
The ships were loaded with supplies for the Russians.
The ships were loaded with supplies for the Russians.
The ships were loaded with supplies and equipment for the expedition.
The ships were built in the United States and were used to transport troops and supplies to the front.
The ships were loaded with supplies and equipment for the expedition.
The ships were built in the United States and were used to transport troops and supplies to the front.
The ships were built in the United States and were used to transport troops and supplies to the front.
The ships were built in the United States and were used to transport troops and supplies to the front.
The ships were carrying supplies for the Russian army.
The ships were to be used to transport troops and supplies to the front.
The ships were built in the United States and were used to transport troops and supplies to the front.
The ships were loaded with supplies for the Russians.
The ships were loaded with supplies for the Russians.
The ships were built in the United States and were designed to carry troops and supplies to the Arctic.
The ships were built in the United States and were used to transport troops and supplies to the front.
The ships were loaded with supplies and equipment for the expedition.
The ships were built in the United States and were used to transport troops and supplies to the front.
The ships were loaded with supplies for the Russians.
The ships were loaded with supplies for the Russians.
The ships were loaded with supplies for the Russians.
The ships were loaded with supplies and equipment for the expedition.
The ships were loaded with supplies for the Russians.
The ships were loaded with supplies and equipment for the expedition.
The ships were built in the United States and were used to transport troops and supplies to the front.
The ships were built in the United States and were used to transport troops and supplies to the front.
The ships were loaded with supplies and equipment for the expedition.
The ships were to be used to transport troops and supplies to the front.
The ships were built in the United States and were armed with two.50 caliber machine guns.
The ships were loaded with supplies and equipment for the expedition.
The ships were built in the United States and were used to transport troops and supplies to the front.
The ships were built in the United States and were armed with two 12-inch guns.
The ships were built in the United States and were used to transport troops and supplies to the front.
The ships were loaded with supplies for the Russians.
The ships were built in the United States and were used to transport troops and supplies to the front.
The ships were loaded with supplies and equipment for the expedition.
The ships were loaded with supplies and equipment for the expedition.
The ships were loaded with supplies for the Russians.
The ships were loaded with supplies for the Russians.
The ships were built in the United States and were armed with two 20 mm guns.
The ships were loaded with supplies and equipment for the expedition.
The ships were loaded with supplies for the Russians.
The ships were loaded with supplies for the Russians.
The aircraft was flying at a low altitude and was not in danger of collision.
The ships were carrying supplies for the Russian army.
The ships were loaded with supplies for the Russians.
The ships were loaded with supplies and equipment for the expedition.
The ships were built in the United States and were armed with two 12-inch guns.
The ships were loaded with supplies and equipment for the expedition.
The ships were loaded with supplies for the Russians.
The ships were loaded with supplies for the Russians.
The ships were built in the United States and were used to transport troops and supplies to the front.
The ships were built in the United States and were designed to carry troops and supplies to the Soviet Union.
The ships were built in the United States and were designed to carry troops and supplies to the Soviet Union.
The ships were loaded with supplies and equipment for the expedition.
The ships were built in the United States and were armed with two 20 mm guns.
The ships were loaded with supplies for the Russians.
The ships were loaded with supplies and equipment for the expedition.
The ships were built in the United States and were used to transport troops and supplies to the front.
The ships were loaded with supplies for the Russians.
The ships were loaded with supplies for the Russians.
The first of the two ships was the SS Admiral Graf Spee, which was the first German warship to cross the Atlantic.
The ships were built in the United States and were used to transport troops and supplies to the front.
The ships were loaded with supplies and equipment for the expedition.
The ships were loaded with supplies and equipment for the expedition.
The ships were built in the United States and were used to transport troops and supplies to the front.
The ships were loaded with supplies for the Russians.
The ships were loaded with supplies and equipment for the expedition.
The ships were loaded with supplies and equipment for the expedition.
The ships were loaded with supplies for the Russians.
The ships were carrying supplies for the Russian army.
The ships were loaded with supplies for the Russians.
The ships were built in the United States and were armed with two 20 mm guns.
The ships were loaded with supplies and equipment for the expedition.
The ships were loaded with supplies for the Russians.
The ships were built in the United States and were used to transport troops and supplies to the front.
The ships were loaded with supplies and equipment for the expedition.
The ships were loaded with supplies and equipment for the expedition.
The ships were loaded with supplies and equipment for the expedition.
The ships were loaded with supplies and equipment for the expedition.
The ships were built in the United States and were armed with two 20 mm guns.
The ships were loaded with supplies and equipment for the expedition.
The aircraft was flying at a low altitude and was not in danger of collision.
The ships were built in the United States and were designed to carry troops and supplies to the Soviet Union.
The ships were loaded with supplies and equipment for the expedition.
The ships were loaded with supplies and equipment for the expedition.
The ships were built in the United States and were armed with two 20 mm guns.
The ships were built in the United States and were used to transport troops and supplies to the front.
The ships were loaded with supplies for the Russians.
The ships were loaded with supplies and equipment for the expedition.
The ships were built in the United States and were used to transport troops and supplies to the front.
The ships were loaded with supplies for the Russians.
The ships were built in the United States and were used to transport troops and supplies to the front.
The ships were loaded with supplies for the Russians.
The ships were built in the United States and were armed with two 20 mm guns.
The ships were loaded with supplies for the Russians.
The ships were loaded with supplies for the Russians.
The ships were carrying supplies for the Russian army.
The ships were built in the United States and were armed with two 12-inch guns.
The ships were loaded with supplies for the Russians.
The ships were built in the United States and were armed with two 20 mm guns.
The ships were loaded with supplies and equipment for the expedition.
The ships were built in the United States and were used to transport troops and supplies to the front.
The ships were built in the United States and were armed with two 12-inch guns.
The ships were loaded with supplies for the Russians.
The ships were loaded with supplies and equipment for the expedition.
The ships were built in the United States and were armed with two 20 mm guns.
The ships were built in the United States and were armed with two 12-inch guns.
The ships were loaded with supplies and equipment for the expedition.
The ships were loaded with supplies for the Russians.
The ships were loaded with supplies and equipment for the expedition.
The ships were built in the United States and were armed with two.50 caliber machine guns.
The ships were loaded with supplies and equipment for the expedition.
The ships were built in the United States and were armed with two 20 mm guns.
The ships were to be used to transport troops and supplies to the front.
The ships were built in the United States and were armed with two 20 mm guns.
The ships were built in the United States and were used to transport troops and supplies to the front.
The ships were to be used to transport troops and supplies to the front.
The ships were built in the United States and were loaded with supplies for the Russians.
The ships were loaded with supplies for the Russians.
The ships were loaded with supplies and equipment for the expedition.
The ships were built in the United States and were used to transport troops and supplies to the front.
The ships were loaded with supplies for the Russians.
The ships were loaded with supplies for the Russians.
The ships were loaded with supplies and equipment for the expedition.
The ships were loaded with supplies for the Russians.
The ships were loaded with supplies for the Russians.
The ships were loaded with supplies and equipment for the expedition.
The ships were loaded with supplies for the Russian army.
The ships were built in the United States and were armed with two 20 mm guns.
The ships were built in the United States and were armed with two 20 mm guns.
The ships were loaded with supplies for the Russians.
The ships were built in the United States and were loaded with supplies for the Russians.
The ships were built in the United States and were designed to carry troops and supplies to the Soviet Union.
The ships were built in the United States and were loaded with supplies for the Russians.
The ships were built in the United States and were armed with two 12-inch guns.
The ships were loaded with supplies for the Russians.
The ships were loaded with supplies for the Russians.
The ships were loaded with supplies for the Russians.
The ships were loaded with supplies for the Russians.
The ships were built in the United States and were armed with two 20 mm guns.
The ships were loaded with supplies for the Russians.
The ships were loaded with supplies and equipment for the expedition.
The ships were loaded with supplies for the Russians.
The ships were loaded with supplies for the Russians.
The ships were built in the United States and were used to transport troops and supplies to the front.
The ships were loaded with supplies for the Russian army.
The ships were built in the United States and were loaded with supplies for the Russians.
The ships were loaded with supplies and equipment for the expedition.
The ships were built in the United States and were used to transport troops and supplies to the front.
The ships were built in the United States and were used to transport troops and supplies to the front.
The ships were loaded with supplies and equipment for the expedition.
The ships were loaded with supplies and equipment for the expedition.
The ships were loaded with supplies and equipment for the expedition.
The ships were carrying supplies for the Russian army.
The ships were loaded with supplies and equipment for the expedition.
The ships were built in the United States and were used to transport troops and supplies to the front.
The ships were loaded with supplies and equipment for the expedition.
The ships were loaded with supplies for the Russians.
The ships were built in the United States and were used to transport troops and supplies to the front.
The ships were built in the United States and were designed to carry troops and supplies to the Soviet Union.
The ships were built in the United States and were armed with two 20 mm guns.
The ships were loaded with supplies for the Russians.
The ships were loaded with supplies for the Russians.
The ships were built in the United States and were loaded with supplies for the Russians.
The ships were built in the United States and were used to transport troops and supplies to the front.
The ships were loaded with supplies for the Russians.
The ships were loaded with supplies for the Russians.
The ships were built in the United States and were armed with two 12-inch guns.
The ships were loaded with supplies for the Russians.
