
The Mapuche were also one of the last independent American indigenous groups, that were not fully absorbed into Spanish-speaking rule until after Chile's independence.
The first step in learning a new language is to learn the basics.
The first step in learning a new language is to learn the basics.
The first step in learning a new language is to learn the basics.
The first step in learning a new language is to learn the basics.
The Internet is a network of networks, which connects computers and other devices.
The first step is to learn the basics of HTML.
The first step is to learn the basics of HTML.
The ADT Corporation is a security company that provides home security systems.
The earthquake was felt in the capital city of Quito, Ecuador.
The first step in learning a new language is to learn the basics.
The ZMapp app is a free app that allows you to take a picture of your screen and then edit it with a variety of filters.
The first step in learning to play the piano is to learn the basics of music theory.
The United States Olympic Committee is the governing body for the Olympic Games.
The first step in learning a new language is to learn the basics.
The United States Olympic Committee (USOC) is the governing body for the Olympic movement in the United States.
The first step in learning a language is to learn the basics.
The NSA is the National Security Agency, which is a branch of the United States government.
The United States and the Soviet Union were the two superpowers of the Cold War.
The first step in learning a new language is to learn the basics.
The first step in learning a language is to learn the basics.
The first step in learning a new language is to learn the basics.
The first step in learning a language is to learn the basics.
The first step in learning a new language is to learn the basics.
The Turkish president has been in power since 2002.
The first step in learning a new language is to learn the basics.
The first step in learning a new language is to learn the basics.
The first step in learning a new language is to learn the basics.
The first step in learning a new language is to learn the basics.
The first step in learning a new language is to learn the basics.
The first step in learning a language is to learn the basics.
The first step in learning a new language is to learn the basics.
The first step in learning a language is to learn the basics.
The first step in learning a new language is to learn the basics.
The ISIL is a terrorist group that has been fighting in Iraq and Syria since 2014.
The first step in learning to play the guitar is to learn the basics.
The first step is to learn the basics of HTML.
The first step is to learn how to use the keyboard.
The first step in learning a language is to learn the basics.
The first step in learning a new language is to learn the basics.
The first step in learning a new language is to learn the basics.
The first step in learning a new language is to learn the basics.
The first step in learning a new language is to learn the basics.
The first step in learning a new language is to learn the basics.
The first step in learning a language is to learn the basics.
The Mapuche were also one of the last independent American indigenous groups, that were not fully absorbed into Spanish-speaking rule until after Chile's independence.
The first step in learning a new language is to learn the basics.
The first step is to learn how to use the keyboard.
The first step in learning a new language is to learn the basics.
The first step in learning a new language is to learn the basics.
The first step in learning a new language is to learn the basics.
The first step in learning a new language is to learn the basics.
The first step in learning a new language is to learn the basics.
The first step in learning a new language is to learn the basics.
The Argentine government has been in power since the late 1970s. It has been led by the president, Cristina Fernandez de Kirchner, since 2007.
The Argentine Theatre is a professional theatre company that was founded in Buenos Aires in 1955.
The New Orleans Deal was a plan to rebuild the city after Hurricane Katrina.
The first step in learning a new language is to learn the basics.
The first step in learning a new language is to learn the basics.
The first step in learning a language is to learn the basics.
The first step in learning a new language is to learn the basics.
The first step in learning a new language is to learn the basics.
The first step in learning a new language is to learn the basics.
The first step in learning a new language is to learn the basics.
The first step in learning a new language is to learn the basics.
The first step in learning a new language is to learn the basics.
The wicket is a small opening in the roof of a building, which allows the sunlight to enter the building.
The first step in learning a new language is to learn the basics.
It was developed by Lee Hsien Loong in the 1970s to help inexperienced folders or those with limited motor skills.
The first step in learning a new language is to learn the basics.
The first step in learning a new language is to learn the basics.
The first step in learning a new language is to learn the basics.
The first step in learning a new language is to learn the basics.
The Tasmanian tiger is a large carnivorous marsupial native to Tasmania, Australia. It is the only species of tiger in the world.
The Niue Islands are a group of islands in the Pacific Ocean, which are part of the Republic of Niue.
The first step in learning a new language is to learn the basics.
The first step in learning a new language is to learn the basics.
The first step in learning a language is to learn the basics.
The first step in learning a new language is to learn the basics.
The waves are very high and the water is very cold.
The first step in learning a new language is to learn the basics.
The United States has a large population of people who speak English as their first language.
The first step in learning a new language is to learn the basics.
The first step in learning a language is to learn the basics.
The first step in learning a new language is to learn the basics.
The Welsh language is spoken by about 200,000 people in Wales.
The first step in learning a new language is to learn the basics.
The Sagittarius is the ninth sign of the zodiac. It is the sign of the Archer, and is associated with the planet Jupiter.
The first step in learning a language is to learn the basics.
The Milky Way is a large spiral galaxy, which is located in the constellation Sagittarius.
The first step in learning a new language is to learn the basics.
The halo is a light that surrounds the head of a deceased person.
The first step in learning a language is to learn the basics.
The first step in learning a new language is to learn the basics.
The first step in learning a language is to learn the basics.
The first step in learning a new language is to learn the basics.
The Zulu people are a group of people who live in South Africa. They are known for their fierce fighting skills..
The first step in learning a new language is to learn the basics.
The first step in learning a new language is to learn the basics.
The first step in learning a new language is to learn the basics.
The first step in learning a new language is to learn the basics.
The first step in learning a new language is to learn the basics.
The first step in learning a language is to learn the basics.
The first step in learning a new language is to learn the basics.
The first step in learning a language is to learn the basics.
The first step in learning a language is to learn the basics.
The first step in learning a new language is to learn the basics.
The first step in learning a new language is to learn the basics.
The first step in learning a new language is to learn the basics.
The first step is to learn the basics of HTML.
The first step in learning a language is to learn the basics.
The first step in learning a language is to learn the basics.
The first step in learning a language is to learn the basics.
The first step in learning a new language is to learn the basics.
The first step in learning a new language is to learn the basics.
The first step in learning a new language is to learn the basics.
The first step in learning a new language is to learn the basics.
The first step in learning a new language is to learn the basics.
The first step in learning a new language is to learn the basics.
The first Guinness Book of Records was published in Dublin in 1759. It was a collection of the most remarkable achievements of the time.
The first step in learning a language is to learn the basics.
The first step is to learn how to use the keyboard.
The first step in learning a language is to learn the basics.
The first step is to learn how to use the keyboard.
The first step in learning a new language is to learn the basics.
The first step in learning a language is to learn the basics.
The first step in learning a new language is to learn the basics.
The first step in learning a new language is to learn the basics.
The first step in learning a new language is to learn the basics.
The first step in learning to play the flute is to learn the basics of the instrument.
The first step in learning a language is to learn the basics.
The first step in learning a new language is to learn the basics.
The first step in learning a new language is to learn the basics.
The first step in learning a new language is to learn the basics.
The first step in learning a new language is to learn the basics.
The first step in learning a new language is to learn the basics.
The first step in learning a new language is to learn the basics.
The first step is to learn the basics of HTML.
The humpback chub is a small, shy fish that lives in the cold waters of the Pacific Ocean. It is a member of the family of the salmonids.
The first step in learning a new language is to learn the basics.
The first step in learning a new language is to learn the basics.
The first step in learning a new language is to learn the basics.
The first time I saw her, she was a little girl. She was sitting on the floor, and she was crying. I asked her why she was crying, and she said, "I'm hungry."
The first step in learning a new language is to learn the basics.
The Mapuche were also one of the last independent American indigenous groups, that were not fully absorbed into Spanish-speaking rule until after Chile's independence.
The first step in learning a language is to learn the basics.
The first step in learning a new language is to learn the basics.
The first step is to learn the basics of HTML.
The first step in learning a language is to learn the basics.
The first step in learning a new language is to learn the basics.
The first step in learning a new language is to learn the basics.
The game of rugby is played by two teams of seven players each.
The first step in learning a new language is to learn the basics.
It is a very important part of the world's economy.
The first step in learning a new language is to learn the basics.
The first step in learning a language is to learn the basics.
The first step in learning a new language is to learn the basics.
The Seven Sisters is a series of seven mountains in the northeastern part of the United States.
The first step in learning a language is to learn the basics.
The first step is to learn how to use the computer.
The USGS is a federal agency that provides scientific information to the public.
The first step in learning a new language is to learn the basics.
The first step in learning a new language is to learn the basics.
The first step in learning a new language is to learn the basics.
The first step in learning a new language is to learn the basics.
The first step in learning a new language is to learn the basics.
The first time I saw a tornado, I was in the middle of a field.
The first step in learning a new language is to learn the basics.
The first step is to learn how to use the keyboard.
The first step in learning a new language is to learn the basics.
The first step in learning to play the piano is to learn the basics of music theory.
The Texas state flag is a red, white, and blue horizontal stripe with a state seal in the center.
The first step in learning a language is to learn the basics.
The first step in learning a language is to learn the basics.
The first step is to learn the basics of HTML.
The first step in learning a new language is to learn the basics.
The first time I saw the movie, I was very impressed. I was also very impressed with the way the movie was shot.
The Springboks are a rugby union team from South Africa. They are the current world champions.
The All Blacks are the most successful rugby team in the world. They have won the World Cup five times, and have been the most successful team in the Rugby World Cup since its inception in 1987.
The first step in learning a new language is to learn the basics.
The first step is to learn how to use the keyboard.
The United States Geological Survey (USGS) is a federal agency that provides information on the earth's surface and its resources.
The first step in learning a new language is to learn the basics.
The first step in learning a new language is to learn the basics.
The first step in learning a new language is to learn the basics.
The first step in learning a new language is to learn the basics.
It is a very important part of the world's economy.
The first step in learning a new language is to learn the basics.
It was developed by Camille Saint-Saens in the 1920s to help inexperienced folders or those with limited motor skills.
The first step in learning a new language is to learn the basics.
The first step in learning a new language is to learn the basics.
The first step in learning a new language is to learn the basics.
The first step in learning a language is to learn the basics.
The first step in learning a language is to learn the basics.
The first step in learning a language is to learn the basics.
The Mapuche were also one of the last independent American indigenous groups, that were not fully absorbed into Spanish-speaking rule until after Chile's independence.
The first step in learning a language is to learn the basics.
The first step in learning a new language is to learn the basics.
The first step in learning a language is to learn the basics.
The first step in learning a new language is to learn the basics.
The first step in learning a new language is to learn the basics.
The Super-G is a special type of skiing that is used for racing. It is a combination of the downhill and cross-country skiing.
The first step in learning a new language is to learn the basics.
The first step in learning a new language is to learn the basics.
The Artibonite people are the descendants of the Arawak Indians, who lived in the Caribbean region of the Americas.
The first known use of the word "computer" was in the 1800s.
The first step in learning a new language is to learn the basics.
The first step in learning a new language is to learn the basics.
The first step in learning a new language is to learn the basics.
The first step in learning a new language is to learn the basics.
The first step is to learn the basics of HTML.
The Simpsons is a popular American animated television series created by Matt Groening.
The first step in learning a language is to learn the basics.
The first time I saw a tornado, I was in the middle of a field. I was standing on a hill, and I could see the tornado coming.
The first step in learning a new language is to learn the basics.
The Chinese government has been trying to improve the quality of life for its citizens.
The Kandahar is a city in Afghanistan. It is the capital of Kandahar Province. It is located in the south of the country.
The city of Ürümqi is located in the northwest of China. It is the capital of the Xinjiang Uygur Autonomous Region.
The first step in learning a new language is to learn the basics.
The first step in learning a new language is to learn the basics.
The first step in learning a language is to learn the basics.
The first step in learning a new language is to learn the basics.
The first step in learning a new language is to learn the basics.
The first step in learning a new language is to learn the basics.
The first step in learning a language is to learn the basics.
The first step in learning a language is to learn the basics.
The first step in learning a new language is to learn the basics.
The first step in learning a new language is to learn the basics.
The first step in learning a language is to learn the basics.
The first step in learning a language is to learn the basics.
It was developed by Shri Shyam in the 1970s to help inexperienced folders or those with limited motor skills.
The first step in learning a new language is to learn the basics.
The first step is to learn how to use the keyboard.
The Baba Shyam is a Hindu deity, who is the son of the goddess Durga and the god Shiva.
The first step in learning a new language is to learn the basics.
The Nintendo Entertainment System (NES) was released in 1985. It was the first home video game console to be sold in the United States. It was also the first console to be sold in the world.
The first step in learning a new language is to learn the basics.
The first step is to learn how to use the keyboard.
The first step in learning a language is to learn the basics.
The first step in learning a new language is to learn the basics.
The first step in learning a new language is to learn the basics.
The first step is to learn how to use the keyboard.
The first step is to learn how to use the keyboard.
The first step in learning a new language is to learn the basics.
The first step is to learn how to use the keyboard.
The first step in learning a new language is to learn the basics.
The first step in learning a new language is to learn the basics.
The first step in learning a new language is to learn the basics.
The Japanese government has been trying to encourage the development of the country's tourism industry.
The first step in learning a new language is to learn the basics.
The first step in learning a new language is to learn the basics.
The Japanese word for "snow" is "snow." It is pronounced "snow." It is not pronounced "snow." It is pronounced "snow." It is pronounced "snow." It is pronounced "snow." It is pronounced "snow." It is pronounced "snow." It is pronounced "snow." It is pronounced "snow." It is pronounced "snow." It is pronounced "snow." It is pronounced "snow." It is pronounced "snow." It is pronounced "snow." It is
The first step is to learn how to use the keyboard.
The first step in learning a language is to learn the basics.
The first step in learning a new language is to learn the basics.
The first step in learning a new language is to learn the basics.
The first step in learning a new language is to learn the basics.
The first step in learning a new language is to learn the basics.
The first step in the process of learning is to understand the concept.
The first step in learning a language is to learn the basics.
The first step in learning a language is to learn the basics.
The first step is to learn how to use the keyboard.
The first step in learning a language is to learn the basics.
The first step in learning a new language is to learn the basics.
The first step in learning a new language is to learn the basics.
The first step in learning to play the guitar is to learn the basics.
The first step in learning a language is to learn the basics.
The first step in learning a language is to learn the basics.
The first step in learning a new language is to learn the basics.
The first step in learning a language is to learn the basics.
The first step in learning a new language is to learn the basics.
The United States Air Force is the largest air force in the world. It is also the most powerful.
The first step in learning a new language is to learn the basics.
The first step in learning a new language is to learn the basics.
The first step in learning a language is to learn the basics.
The Giant Slalom is a sport in which two skiers race down a course, which is made up of a series of jumps and turns.
The police are the most important part of any society. They are the ones who keep the peace and order in the society.
The first step in learning to play the guitar is to learn the basics.
The name of the village is Kanjar.
The first step in learning a new language is to learn the basics.
The first step in learning a new language is to learn the basics.
The first step is to learn how to use the keyboard.
The Audi TT is a sports car produced by the German automaker Audi. It was introduced in 1999 and is based on the Audi A3 platform.
It was developed by James Paget in the 1970s to help inexperienced folders or those with limited motor skills.
The first step in learning to play the piano is to learn the basics of music theory.
The first step in learning a new language is to learn the basics.
The first step in learning a new language is to learn the basics.
The first step in learning a new language is to learn the basics.
The first step in learning a new language is to learn the basics.
The first step in learning a new language is to learn the basics.
The first time I saw a tornado, I was in the middle of a field. I was standing on a hill, and I could see the tornado coming.
The Jordan Valley is a region in the southwest of Israel. It is located in the south of the country, and is bordered by the Dead Sea to the north, the Golan Heights to the east, and the Mediterranean Sea to the south.
The first step in learning a new language is to learn the basics.
The first step in learning a new language is to learn the basics.
The first step in learning a new language is to learn the basics.
The waves are very high, and the water is very cold.
The CEP is a non-profit organization that provides free computer training to the public.
The first step is to learn how to use the keyboard.
The first step in learning a new language is to learn the basics.
The first step in learning a new language is to learn the basics.
The first step is to learn how to use the keyboard.
The first step in learning a new language is to learn the basics.
The first step in learning a new language is to learn the basics.
The first step in learning a new language is to learn the basics.
The first step in learning a new language is to learn the basics.
The first step in learning a new language is to learn the basics.
The first step in learning a language is to learn the basics.
The first step in learning a new language is to learn the basics.
The first step in learning a new language is to learn the basics.
The first step in learning a language is to learn the basics.
The first step in learning a new language is to learn the basics.
The first step is to learn how to use the keyboard.
The first step in learning a language is to learn the basics.
The waves are very high, and the water is very cold.
The National Women's Hospital was established in 1959. It is located in Auckland, New Zealand.
The first step in learning a language is to learn the basics.
The first step in learning a new language is to learn the basics.
The first step in learning a new language is to learn the basics.
The moon is the only natural satellite of the Earth. It is the brightest object in the night sky. It is also the only natural body that can be seen from Earth.
The first step in learning a new language is to learn the basics.
The first step in learning a language is to learn the basics.
The first step in learning a new language is to learn the basics.
The first step in learning a new language is to learn the basics.
The first step in learning a new language is to learn the basics.
The first step in learning a new language is to learn the basics.
The Commonwealth Games are a multi-sport event held every four years.
The first step in learning a new language is to learn the basics.
The first step in learning a new language is to learn the basics.
The first step in learning to play the guitar is to learn the basics.
It is a very important part of the culture of the people of the Philippines.
The first step in learning a new language is to learn the basics.
The first step in learning a new language is to learn the basics.
The first step in learning a language is to learn the basics.
The first step is to learn how to use the keyboard.
The FAA is the Federal Aviation Administration.
The first step in learning a new language is to learn the basics.
The first step in learning a new language is to learn the basics.
The first step in learning a language is to learn the basics.
The Galapagos Islands are a group of volcanic islands in the Pacific Ocean, off the coast of Ecuador. អេក山西 (山西省) អេក山西 (山西省) អេក山西 (山西省) អេក山西 (山西省) អេក山西 (山西省) អេក山西 (山西省) អេក山西 (山西省) អេក山西 (山西省) អេក山西 (山西省) អេក山西 (山西省) អេក山西 (山西省) អេក山西 (山西省) អេក山西 (山西省) អេក山西 (山西省) អេក山西 (山西省
The cactus finch is a small bird that is found in the deserts of the southwestern United States. It is a member of the finch family. It is a very colorful bird, with a bright orange head and a black bill.
The first step in learning a language is to learn the basics.
The first step in learning a new language is to learn the basics.
The first step in learning a language is to learn the basics.
The first step in learning a new language is to learn the basics.
The first step in learning a new language is to learn the basics.
The waves are very strong and can cause great damage to the shoreline.
The first step in learning a new language is to learn the basics.
The first step is to learn the basics of HTML.
The first step is to learn how to use the keyboard.
The first step in learning a language is to learn the basics.
The Minoans were a culture that flourished in Crete in the 5th century BC. They were a culture that was very advanced in their time. They were also very religious. They believed in many gods, including Zeus, Hera, and Poseidon.
The first step in learning a new language is to learn the basics.
The first step is to learn the basics of HTML.
The first step in learning a new language is to learn the basics.
The first step in learning a new language is to learn the basics.
The first step in learning a new language is to learn the basics.
The first step in learning a new language is to learn the basics.
The first step in learning a language is to learn the basics.
The first step in learning a new language is to learn the basics.
The first step in learning a new language is to learn the basics.
The first step in learning a new language is to learn the basics.
The first step in learning a language is to learn the basics.
The first step in learning a new language is to learn the basics.
The first step in learning a new language is to learn the basics.
The first step in learning a new language is to learn the basics.
The first step in learning a new language is to learn the basics.
The butterfly is a beautiful creature, but it is also a very dangerous one.
The first step in learning a new language is to learn the basics.
The first step in learning a new language is to learn the basics.
The first step in learning a new language is to learn the basics.
The first step in learning a new language is to learn the basics.
The first step in learning a new language is to learn the basics.
The first step in learning a new language is to learn the basics.
The first step is to learn how to use the keyboard.
The first step in learning a new language is to learn the basics.
The first step in learning a new language is to learn the basics.
The first step in learning a new language is to learn the basics.
The first step in learning to drive is to learn the rules of the road.
The first step in learning a language is to learn the basics.
The first step in learning a new language is to learn the basics.
The waves are very strong, and they can be very dangerous.
The first step in learning a new language is to learn the basics.
The waves are very high, and the water is very cold.
The waves are very strong and can cause great damage to the shoreline.
The mouse is a small, furry animal that lives in the mouse family. It is a member of the rodent family.  شم ختن ( ختن ) ( ختن ) ( ختن ) ( ختن ) ( ختن ) ( ختن ) ( ختن ) ( ختن ) ( ختن ) ( ختن ) ( ختن ) ( ختن ) ( ختن ) ( ختن ) ( ختن ) ( ختن ) ( ختن ) ( ختن ) ( ختن ) ( ختن ) ( ختن ) ( ختن ) ( ختن ) ( ختن ) (
The first step in learning a new language is to learn the basics.
The first step in learning a new language is to learn the basics.
The first step in learning a new language is to learn the basics.
The first step in learning a new language is to learn the basics.
The first step in learning a new language is to learn the basics.
The first step in learning a new language is to learn the basics.
The first step in learning a language is to learn the basics.
The first step in learning a language is to learn the basics.
The first step in learning a language is to learn the basics.
The first step is to learn how to use the keyboard.
The first step in learning a new language is to learn the basics.
The first step in learning a language is to learn the basics.
The Greenlandic language is a member of the Finno-Ugric language family. It is spoken by about 200,000 people in Greenland, and by about 40,000 people in the Faroe Islands.
The first step in learning a new language is to learn the basics.
The first step in learning a new language is to learn the basics.
The Mapuche were also one of the last independent American indigenous groups, that were not fully absorbed into Spanish-speaking rule until after Chile's independence.
The first step in learning a language is to learn the basics.
The first step in learning a new language is to learn the basics.
The first step in learning a new language is to learn the basics.
The first step in learning a new language is to learn the basics.
The first step in learning a new language is to learn the basics.
"The French government was in a state of chaos. The Vichy government was in power, and it was a dictatorship.
The first step in learning a new language is to learn the basics.
The first step in learning a new language is to learn the basics.
The first step in learning a language is to learn the basics.
The first step in learning a new language is to learn the basics.
The first step in learning a new language is to learn the basics.
The first step in learning a new language is to learn the basics.
The first step in learning a new language is to learn the basics.
The first step in learning a new language is to learn the basics.
The first step in learning a new language is to learn the basics.
The first step in learning a new language is to learn the basics.
The 2006 FIFA World Cup was the 20th FIFA World Cup, and was held in Germany from 14 June to 15 July 2006.
The first F1 Grand Prix was held in 1950. It was held in the Italian city of Monza.
The first step is to learn how to use the keyboard.
The number of people who have died in the earthquake in Haiti is estimated at more than 200,000.
The first step in learning a new language is to learn the basics.
The island of Formosa is a small island in the South China Sea. It is a popular tourist destination, and is also known as the "Pearl of the South China Sea."
The first step in learning a new language is to learn the basics.
The Chinese government has been trying to improve the quality of life of its citizens.
The first step in learning a language is to learn the basics.
The Inca Empire was a powerful empire that ruled the Andes Mountains in South America from the 15th to the 19th centuries.
The first step in learning a new language is to learn the basics.
The first step in learning a new language is to learn the basics.
The first step in learning a new language is to learn the basics.
The first step in learning a new language is to learn the basics.
The first step in learning a new language is to learn the basics. ទទឹង 27 ម.មក្រហមឺរ 732
The first step in learning a new language is to learn the basics.
The first step in learning a new language is to learn the basics.
The first step in learning a new language is to learn the basics.
The first step in learning a new language is to learn the basics.
The first step in learning a new language is to learn the basics.
The first step is to learn how to use the keyboard.
The first step in learning a language is to learn the basics.
The first step in learning a new language is to learn the basics.
The first step in learning a language is to learn the basics.
The first step in learning a new language is to learn the basics.
The first step in learning a language is to learn the basics.
The first step in learning a new language is to learn the basics.
The first step in learning a new language is to learn the basics.
The first step in learning a new language is to learn the basics.
The first step in learning a new language is to learn the basics.
The first step in learning a language is to learn the basics.
It was developed by Thomas Edison in the 1880s to help inexperienced folders or those with limited motor skills.
The first step in learning a new language is to learn the basics.
The first step in learning a new language is to learn the basics.
The first step in learning a new language is to learn the basics.
The first step in learning a new language is to learn the basics.
The first step in learning a new language is to learn the basics.
The first step in learning a new language is to learn the basics.
The first step in learning a language is to learn the basics.
The first step in learning a new language is to learn the basics.
The first step in learning a new language is to learn the basics.
The first step in learning a new language is to learn the basics.
The first step in learning a language is to learn the basics.
The first step in learning a new language is to learn the basics.
The first step in learning a new language is to learn the basics.
The first step in learning a new language is to learn the basics.
The first step in learning a new language is to learn the basics.
The Sphinx is a large, ancient Egyptian statue that is located in the Giza Necropolis.
The first step in learning a new language is to learn the basics.
The waves are very high, and the water is very cold.
The first step in learning a new language is to learn the basics.
The first step is to learn how to use the keyboard.
The first step in learning a new language is to learn the basics.
The first step in learning a new language is to learn the basics.
The first step in learning a new language is to learn the basics.
The first step in learning a language is to learn the basics.
The French Revolution was a period of political and social upheaval in France, which began in 1789 and ended in 1799.
The first step in learning a new language is to learn the basics.
The Wall Street Journal is a daily newspaper published in New York City. It is the largest newspaper in the United States, and the second largest newspaper in the world.
The first step in learning a new language is to learn the basics.
The first thing you should do is to learn how to use the keyboard.
The Middle Ages were a period of time in Europe between the fall of the Roman Empire and the Renaissance.
The first step in learning a new language is to learn the basics.
The first step in learning a new language is to learn the basics.
The first step in learning a new language is to learn the basics.
The first step in learning a new language is to learn the basics.
The first step in learning a new language is to learn the basics.
The first step in learning a new language is to learn the basics.
The first step in learning a language is to learn the basics.
The first step in learning a new language is to learn the basics.
The first step in learning a new language is to learn the basics.
The first step in learning a new language is to learn the basics.
The Byzantine Empire was the largest empire in the world for over a thousand years.
The first step in learning a language is to learn the basics.
The first step in learning a language is to learn the basics.
The Byzantine Empire was a powerful empire that ruled most of the Mediterranean region from the 7th century until the fall of Constantinople in 1453.
The first step in learning a new language is to learn the basics.
The first step in learning a new language is to learn the basics.
The first step in learning a new language is to learn the basics.
The first step in learning a new language is to learn the basics.
The first step in learning a language is to learn the basics.
The first step in learning a new language is to learn the basics.
The first step in learning a new language is to learn the basics.
The first step in learning a new language is to learn the basics.
The Mapuche were also one of the last independent American indigenous groups, that were not fully absorbed into Spanish-speaking rule until after Chile's independence.
The first step in learning a language is to learn the basics.
The first step in learning a new language is to learn the basics.
The first step is to learn how to use the keyboard.
The first step in learning a new language is to learn the basics.
The first step in learning a new language is to learn the basics.
The first step in learning a new language is to learn the basics.
The first step in learning a new language is to learn the basics.
The first step in learning to drive is to learn the rules of the road.
The first step in learning a language is to learn the basics.
The first step in learning a new language is to learn the basics.
The first step in learning a new language is to learn the basics.
The first step in learning a new language is to learn the basics.
The first step in learning a new language is to learn the basics.
The first step in learning a new language is to learn the basics.
The first step is to learn the basics of HTML.
The first step in learning a new language is to learn the basics.
The first step in learning a new language is to learn the basics.
The first step in learning a new language is to learn the basics.
The first step in learning a new language is to learn the basics.
The first step in learning a new language is to learn the basics.
The first step in learning a new language is to learn the basics.
The first step in learning a new language is to learn the basics.
The first step in learning a new language is to learn the basics.
The first step in learning a new language is to learn the basics.
The first step in learning a new language is to learn the basics.
The first step in learning a new language is to learn the basics.
The first step in learning a new language is to learn the basics.
The first step in learning a new language is to learn the basics.
The first step in learning to play the guitar is to learn the basics.
The first step in learning a new language is to learn the basics.
The first step in learning a new language is to learn the basics.
The first step in learning a new language is to learn the basics.
The first step in learning a new language is to learn the basics.
The first step in learning a language is to learn the basics.
The first step in learning a new language is to learn the basics.
The first step in learning a new language is to learn the basics.
The first step in learning a new language is to learn the basics.
The first step in learning a language is to learn the basics.
The first step in learning a new language is to learn the basics.
The first step in learning to play the guitar is to learn the basics.
The first step in learning to play the guitar is to learn the basics.
The Soviet Union was a communist state that existed from 1922 to 1991. It was the largest country in the world at the time.
The first step in learning a new language is to learn the basics.
The first step in learning a new language is to learn the basics.
The first step in learning a new language is to learn the basics.
The first step is to learn the basics of the language.
The first step in learning a new language is to learn the basics.
The first step in learning a new language is to learn the basics.
The United States was the first country to use the atomic bomb on Japan.
The first step in learning a new language is to learn the basics.
The first step is to learn how to use the keyboard.
The Zagros Mountains are a chain of mountains in the northwestern part of Iran. They are the highest mountains in the world. They are also known as the "Mountains of the Dead."
The first step in learning a new language is to learn the basics.
The first step in learning a language is to learn the basics.
The first step in learning a language is to learn the basics.
The first step in learning a new language is to learn the basics.
The first step in learning a new language is to learn the basics.
The first step is to learn the basics of HTML.
The first step in learning a language is to learn the basics.
The first human beings were the Homo Erectus, who lived in Africa about 200,000 years ago.
The first step in learning a new language is to learn the basics.
The first step in learning a new language is to learn the basics.
The first step in learning a new language is to learn the basics.
The first step in learning a new language is to learn the basics.
The first step in learning a new language is to learn the basics.
The first step in learning a new language is to learn the basics.
The first step in learning to play the guitar is to learn the basics.
The first step in learning a new language is to learn the basics.
The first step in learning a new language is to learn the basics.
The first step in learning a new language is to learn the basics.
The first step in learning a new language is to learn the basics.
The first step is to learn the basics of HTML.
The first step in learning a language is to learn the basics.
The T-Rex is a large carnivorous dinosaur that lived during the Cretaceous period.
The first step in learning a new language is to learn the basics.
The first step in learning a new language is to learn the basics.
The first step in learning a new language is to learn the basics.
The first step in learning a new language is to learn the basics.
The first step is to learn the basics of HTML.
The first step in learning a new language is to learn the basics.
The first step in learning a new language is to learn the basics.
The first step in learning a new language is to learn the basics.
The first step in learning a new language is to learn the basics.
The first step in learning a new language is to learn the basics.
The first step is to learn how to use the keyboard.
The first step in learning a new language is to learn the basics.
The first step in learning a language is to learn the basics.
The first step in learning a new language is to learn the basics.
The first step in learning a new language is to learn the basics.
The first step in learning a new language is to learn the basics.
The first step is to learn the basics of HTML.
The first step in learning a new language is to learn the basics.
The first step in learning a new language is to learn the basics.
The first step in learning a new language is to learn the basics.
The first step in learning a new language is to learn the basics.
The first step in learning a new language is to learn the basics.
The first step in learning a new language is to learn the basics.
The first step in learning a new language is to learn the basics.
The first step in learning a new language is to learn the basics.
The first step in learning a new language is to learn the basics.
The first step in learning a new language is to learn the basics.
The first step in learning a new language is to learn the basics.
The first step in learning a new language is to learn the basics.
The orangutan is the largest living primate. It is also the most intelligent of all the primates. It is also the only primate that can speak.
The first step in learning a new language is to learn the basics.
The first step in learning a new language is to learn the basics.
The first step in learning a language is to learn the basics.
The first step in learning a language is to learn the basics.
The first step is to learn the basics of HTML.
The first step is to learn the basics of HTML.
The first step in learning a new language is to learn the basics.
The first step in learning a new language is to learn the basics.
The first step in learning a new language is to learn the basics.
The first step in learning a new language is to learn the basics.
The first step in learning a language is to learn the basics.
The first step in learning a new language is to learn the basics.
The first step is to learn how to use the keyboard.
The first step in learning a language is to learn the basics.
The first step in learning a new language is to learn the basics.
The first step in learning a language is to learn the basics.
The first step in learning a new language is to learn the basics.
What is the name of the country where you live?
The first step in learning a new language is to learn the basics.
The first step in learning a new language is to learn the basics.
The first step in learning a new language is to learn the basics.
The first step in learning a language is to learn the basics.
The first step in learning a new language is to learn the basics.
The first step in learning a new language is to learn the basics.
The first step in learning a new language is to learn the basics.
The first step in learning a language is to learn the basics.
The first step in learning a new language is to learn the basics.
The first step is to learn how to use the keyboard.
The first step in learning a language is to learn the basics.
The Greeks were the first to use the word "philosophy" to describe the study of the human mind.
The first step in learning a new language is to learn the basics.
The first step in learning a new language is to learn the basics.
The first step is to learn how to use the keyboard.
The first step in learning a new language is to learn the basics.
The first step in learning a new language is to learn the basics.
The first step in learning a new language is to learn the basics.
The first step is to learn the basics of HTML.
The first step in learning a new language is to learn the basics.
The first step in learning a new language is to learn the basics.
The first step in learning a language is to learn the basics.
The first step in learning a new language is to learn the basics.
The first step in learning a new language is to learn the basics.
The first step in learning a new language is to learn the basics.
The first step is to learn the basics of HTML.
The first step in learning a new language is to learn the basics.
The first step in learning a language is to learn the basics.
The first step in learning a new language is to learn the basics.
The first step in learning a new language is to learn the basics.
The first step is to learn the basics of HTML.
The first step in learning a new language is to learn the basics.
The first step in learning a new language is to learn the basics.
The first step in learning a new language is to learn the basics.
The first step in learning a new language is to learn the basics.
The first step in learning a language is to learn the basics.
The first step in learning a new language is to learn the basics.
The first step in learning a language is to learn the basics.
The first step is to learn the basics of HTML.
The first step in learning a language is to learn the basics.
The first step in learning a new language is to learn the basics.
The first step in learning a new language is to learn the basics.
The first step in learning a new language is to learn the basics.
The first step in learning a new language is to learn the basics.
The first step in learning a new language is to learn the basics.
The first step in learning a new language is to learn the basics.
The first step in learning a new language is to learn the basics.
The first step in learning a new language is to learn the basics.
The first step in learning a new language is to learn the basics.
The first step in learning a language is to learn the basics.
The first step in learning a new language is to learn the basics.
The first step in learning a new language is to learn the basics.
It is a very important part of the world's economy.
The first step in learning a new language is to learn the basics.
The first step in learning a new language is to learn the basics.
The first step in learning a new language is to learn the basics.
The first step in learning a language is to learn the basics.
The first step in learning a new language is to learn the basics.
The first step in learning a new language is to learn the basics.
The first step in learning a new language is to learn the basics.
The first step in learning a new language is to learn the basics.
The first step in learning a new language is to learn the basics.
The first step in learning a new language is to learn the basics.
The first step in learning a new language is to learn the basics.
The first step in learning a new language is to learn the basics.
The first step in learning a new language is to learn the basics.
The first step in learning a new language is to learn the basics.
The first step in learning a new language is to learn the basics.
The first step in learning a new language is to learn the basics.
The first step in learning a new language is to learn the basics.
The first step in learning a language is to learn the basics.
The first step in learning a new language is to learn the basics.
The first step in learning a new language is to learn the basics.
The first step in learning a new language is to learn the basics.
The first step in learning a new language is to learn the basics.
The first step in learning a new language is to learn the basics.
The first step in learning a new language is to learn the basics.
The first step in learning a new language is to learn the basics.
The first step in learning a language is to learn the basics.
The first step in learning a language is to learn the basics.
The first step in learning a new language is to learn the basics.
The first step in learning a new language is to learn the basics.
The Phoenicians were a people who lived in the Mediterranean Sea. They were the first people to use writing. They were also the first people to use the alphabet.
The first known use of the word "computer" was in the book "The Elements of Computing" by John Backus in 1868.
The Mapuche were also one of the last independent American indigenous groups, that were not fully absorbed into Spanish-speaking rule until after Chile's independence.
The first step in learning a language is to learn the basics.
The first step in learning a new language is to learn the basics.
The first step in learning a new language is to learn the basics.
The first step in learning a new language is to learn the basics.
The first step in learning a new language is to learn the basics.
The mountain gorilla is the largest living primate. It is also the most endangered primate.
The first step in learning a new language is to learn the basics.
The first step in learning a language is to learn the basics.
The first step in learning a new language is to learn the basics.
The first step in learning a language is to learn the basics.
The first step in learning a new language is to learn the basics.
The first step in learning a language is to learn the basics.
The first step in learning a new language is to learn the basics.
The first step in learning a new language is to learn the basics.
The San Francisco Bay Area is a large area of the United States, which is located in the western part of the state of California.
The first step in learning a new language is to learn the basics.
The first step in learning a new language is to learn the basics.
The first step in learning a new language is to learn the basics.
The first time I saw a sunset, I was in the middle of the ocean. I was on a boat, and I was looking out at the ocean. I was looking at the sky, and I was looking at the sea.
The first step in learning a new language is to learn the basics.
The first step in learning a new language is to learn the basics.
The first step in learning a new language is to learn the basics.
The Sundarbans are a large mangrove forest in the Bay of Bengal, which is located in the Indian state of West Bengal.
The Sundarbans are a large mangrove forest in the Bay of Bengal, which is located in the northeastern part of India.
The Gangetic plain is a vast area of the Indian subcontinent, which is located in the northeastern part of the country.
The Sundarbans is a large mangrove forest in the northeastern part of India. It is the largest mangrove forest in the world.
The Royal Bengal Tiger is the largest cat in the world. It is also the most endangered.
The first step in learning a language is to learn the basics.
The first step is to learn how to use the keyboard.
The first step in learning a language is to learn the basics.
The first step in learning a language is to learn the basics.
The Oyapock River is a river in the Oyapock region of the Amazon basin in the northeastern part of Brazil.
The first step in learning a new language is to learn the basics.
The first step is to learn how to use the keyboard.
The first step is to learn the basics of HTML.
The first step in learning a language is to learn the basics.
The first step in learning a new language is to learn the basics.
The first step in learning a new language is to learn the basics.
The first step is to learn how to use the keyboard.
The first step in learning a new language is to learn the basics.
The first step in learning a new language is to learn the basics.
The first step is to learn the basics of HTML.
The first step is to learn how to use the keyboard.
The Argentine Polo Association is a non-profit organization that promotes the sport of polo in Argentina.
The first step in learning a new language is to learn the basics.
The FIC West is a non-profit organization that provides a variety of services to the community.
The first step in learning a new language is to learn the basics.
The first step in learning a new language is to learn the basics.
The first step in learning a new language is to learn the basics.
The first step in learning a new language is to learn the basics.
The first step in learning a new language is to learn the basics.
The first step in learning a new language is to learn the basics.
The first step in learning a new language is to learn the basics.
The first step in learning a new language is to learn the basics.
The number of people who have been killed by tornadoes in the United States is estimated to be over 200,000.
The first step in learning a new language is to learn the basics.
The first step in learning a new language is to learn the basics.
The first step in learning a new language is to learn the basics.
The first step in learning a language is to learn the basics.
The Samoan language is a Polynesian language spoken by the Samoan people. It is the official language of Samoa, Tonga, and the Federated States of Micronesia.
The first step in learning a new language is to learn the basics.
The first step in learning a new language is to learn the basics.
The Mapuche were also one of the last independent American indigenous groups, that were not fully absorbed into Spanish-speaking rule until after Chile's independence.
The first step in learning a language is to learn the basics.
The first step in learning a new language is to learn the basics.
The pohutukawa is a native tree of the Pacific Northwest. It is a deciduous tree that grows to a height of about 30 feet. It has a rounded crown and a spreading, spreading, and spreading trunk. It has a rounded crown and a spreading, spreading, and spreading trunk.
The first step in learning a new language is to learn the basics.
The first step in learning a new language is to learn the basics.
The Manta is a type of sea turtle that lives in the Pacific Ocean. It is a large sea turtle that can grow to be over 100 pounds.
The first step in learning a new language is to learn the basics.
The first step in learning a new language is to learn the basics.
The first step in learning a new language is to learn the basics.
The first step in learning a new language is to learn the basics.
The first step in learning a language is to learn the basics.
The first step in learning a new language is to learn the basics.
The first step in learning a new language is to learn the basics.
The first step in learning a new language is to learn the basics.
The first step in learning a new language is to learn the basics.
The first step in learning a new language is to learn the basics.
The first step in learning a new language is to learn the basics.
The first step in learning a new language is to learn the basics.
The first step in learning to drive is to learn the rules of the road.
The first step in learning a new language is to learn the basics.
The first step in learning a new language is to learn the basics.
The first step in learning a new language is to learn the basics.
The first step in learning a new language is to learn the basics.
The first step is to learn how to use the keyboard.
The first step in learning a new language is to learn the basics.
The first step in learning a new language is to learn the basics.
The first step in learning a language is to learn the basics.
The first step in learning a language is to learn the basics.
The first step in learning a new language is to learn the basics.
The first step in learning a new language is to learn the basics.
The first step is to learn how to use the keyboard.
The first step in learning a new language is to learn the basics.
The first step in learning a new language is to learn the basics.
The first step in learning a new language is to learn the basics.
The first step in learning a new language is to learn the basics.
The first step in learning a new language is to learn the basics.
The first step in learning a new language is to learn the basics.
The first step in learning a new language is to learn the basics.
The first step in learning a new language is to learn the basics.
The first step in learning a new language is to learn the basics.
The first time I saw a tornado, I was in the fourth grade. I was in the back of the bus, and I saw the tornado coming.
The first step is to learn how to use the keyboard.
The first step in learning a new language is to learn the basics.
The first step in learning a new language is to learn the basics.
The first step in learning a new language is to learn the basics.
The first step in learning a new language is to learn the basics.
The first step in learning a new language is to learn the basics.
The first step is to learn how to use the keyboard.
The first step in learning a new language is to learn the basics.
The first step in learning a language is to learn the basics.
The first step in learning a new language is to learn the basics.
The first step in learning a new language is to learn the basics.
The first step in learning a new language is to learn the basics.
The first step in learning a language is to learn the basics.
The first step in learning a new language is to learn the basics.
The first step in learning a new language is to learn the basics.
The first step in learning a new language is to learn the basics.
The first step in learning to drive is to learn the rules of the road.
The Pennsylvania Wilds is a state park in Pennsylvania. It is located in the Pocono Mountains. It is a popular destination for hiking, camping, and fishing.
The Bavarians are a very friendly people. They are very hospitable and will help you in any way they can.
The first step in learning a new language is to learn the basics.
The first step in learning a new language is to learn the basics.
The Germans are known for their beer, which is brewed in many different styles. They also have a wide variety of other beers, such as Pilsner, Dunkel, and Helles.
The first step is to learn the basics of HTML.
The first step in learning a new language is to learn the basics.
The first step in learning a new language is to learn the basics.
The first step in learning a new language is to learn the basics.
The Java programming language is a high-level, object-oriented programming language. It is designed to be used in a variety of environments, including desktop, server, and embedded systems.
The first step in learning a new language is to learn the basics.
The first step in learning a new language is to learn the basics.
The first step is to learn how to use the keyboard.
The first step in learning a new language is to learn the basics.
The first step is to learn the basics of HTML.
The first step in learning a new language is to learn the basics.
The first step in learning a new language is to learn the basics.
The first step in learning a new language is to learn the basics.
The first step in learning a new language is to learn the basics.
The first step in learning a new language is to learn the basics.
The number of people who have died in the past year.
The first step in learning a new language is to learn the basics.
The first step in learning a new language is to learn the basics.
The first step in learning a new language is to learn the basics.
The first step is to learn the basics of HTML.
The first step in learning a new language is to learn the basics.
The first step in learning a new language is to learn the basics.
The European Union is a political union of 28 countries that are located in Europe.
The first step in learning a new language is to learn the basics.
The first step in learning a new language is to learn the basics.
The first step in learning a new language is to learn the basics.
The first step in learning a new language is to learn the basics.
The first step is to learn the basics of HTML.
The first step in learning to play the guitar is to learn the basics.
The first step in learning a language is to learn the basics.
The first step in learning a language is to learn the basics.
The first step in learning a language is to learn the basics.
The first step in learning a new language is to learn the basics.
The first step in learning a new language is to learn the basics.
The first step in learning a new language is to learn the basics.
The first step is to learn how to use the keyboard.
The first step in learning a new language is to learn the basics.
The first step in learning a new language is to learn the basics.
The first step in learning a new language is to learn the basics.
The first step in learning a new language is to learn the basics.
The first step in learning a new language is to learn the basics.
The first step is to learn how to use the keyboard.
The first step in learning a new language is to learn the basics.
The first step in learning a new language is to learn the basics.
The first step in learning to drive is to learn the rules of the road.
The first step in learning a new language is to learn the basics.
The first step in learning a new language is to learn the basics.
The first step in learning a new language is to learn the basics.
The first step in learning a new language is to learn the basics.
The first step in learning a new language is to learn the basics.
The first step in learning a new language is to learn the basics.
The first step in learning a new language is to learn the basics.
The first step in learning a new language is to learn the basics.
The first step in learning a new language is to learn the basics.
The first step in learning a new language is to learn the basics.
The first step in learning a language is to learn the basics.
The first step in learning a new language is to learn the basics.
The first step in learning a new language is to learn the basics.
The first step in learning a new language is to learn the basics.
The first step in learning a new language is to learn the basics.
The first step in learning a new language is to learn the basics.
The first step in learning a new language is to learn the basics.
The first step in learning a new language is to learn the basics.
The first step in learning a new language is to learn the basics.
The first step in learning a new language is to learn the basics.
The first step in learning a language is to learn the basics.
The first step in learning a language is to learn the basics.
The first time I saw a tornado, I was in the middle of a field. I was standing on a hill, and I could see the tornado coming.
The first time I saw the movie, I was very impressed. I was also very impressed with the way the movie was shot.
The first step in learning a new language is to learn the basics.
It was developed by John Smith in the 1970s to help inexperienced folders or those with limited motor skills.
The Minnesota Twins are a professional baseball team based in Minneapolis, Minnesota. They play in the American League.
The waves are very high, and the water is very cold.
The first step is to learn the basics of HTML.
The first step in learning a new language is to learn the basics.
The first step in learning a new language is to learn the basics.
The first step in learning a new language is to learn the basics.
The first step in learning a language is to learn the basics.
The first step in learning a new language is to learn the basics.
The first step in learning a new language is to learn the basics.
The first step in learning a language is to learn the basics.
The first step in learning a new language is to learn the basics.
The first step in learning a new language is to learn the basics.
The first step in learning a new language is to learn the basics.
The Finnish language is spoken by about 10 million people in Finland, Sweden, and Russia. It is the official language of Finland, and is also spoken in Estonia, Latvia, and Russia.
The first step in learning a new language is to learn the basics.
The city of St. Petersburg is located in the southeastern part of Russia. It is the largest city in the Russian Federation and the second largest city in the country after Moscow.
The first step in learning a language is to learn the basics.
The first step in learning a new language is to learn the basics.
The first step in learning a language is to learn the basics.
The first step in learning a new language is to learn the basics.
The first step in learning a new language is to learn the basics.
The first step in learning a new language is to learn the basics.
The first step in learning a new language is to learn the basics.
The first step in learning a new language is to learn the basics.
The first step in learning a new language is to learn the basics.
The first step in learning a new language is to learn the basics.
The first class is the most expensive class of airplane.
First Class is the most expensive class of air travel.
The first step in learning a new language is to learn the basics.
The first step in learning a new language is to learn the basics.
The first step in learning a language is to learn the basics.
The first step in learning a language is to learn the basics.
It is a very popular sport in many parts of the world.
The first step in learning a new language is to learn the basics.
The first step is to learn how to use the keyboard.
The first step in learning a new language is to learn the basics.
The first step in learning a new language is to learn the basics.
The first step in learning a language is to learn the basics.
The first step in learning a language is to learn the basics.
The first step is to learn how to use the keyboard.
The first step is to learn how to use the keyboard.
The first thing you should do is to learn how to use the keyboard.
The waves are very high, and the water is very cold.
The first step in learning a language is to learn the basics.
The first step in learning a new language is to learn the basics.
The first step in learning a new language is to learn the basics.
The first step in learning a new language is to learn the basics.
The first step is to learn the basics of HTML.
The first step in learning a new language is to learn the basics.
The first step in learning a new language is to learn the basics.
The first step in learning a language is to learn the basics.
The first step in learning a new language is to learn the basics.
The first step in learning a language is to learn the basics.
The first step in learning a language is to learn the basics.
The first step is to learn the basics of HTML.
The first step in learning a new language is to learn the basics.
The first step in learning a new language is to learn the basics.
The first step is to learn how to use the keyboard.
The first step in learning a new language is to learn the basics.
The first step is to learn how to use the keyboard.
The first step in learning a new language is to learn the basics.
The first step is to learn how to use the keyboard.
The following is a list of the most common words in the English language.
The first step in learning a language is to learn the basics.
The first step in learning a language is to learn the basics.
The first step is to learn the basics of HTML.
The first step is to learn the basics of HTML.
The first step in learning a new language is to learn the basics.
The first step in learning a new language is to learn the basics.
The first step in learning a new language is to learn the basics.
The first step in learning a new language is to learn the basics.
The first step in learning a language is to learn the basics.
The first step in learning a new language is to learn the basics.
The first step in learning a new language is to learn the basics.
The first step in learning a new language is to learn the basics.
The first step in learning a new language is to learn the basics.
The first step in learning a new language is to learn the basics.
The first step in learning a new language is to learn the basics.
The first step in learning a new language is to learn the basics.
The first step is to learn how to use the keyboard.
The first step in learning a new language is to learn the basics.
The first step in learning a new language is to learn the basics.
The first step in learning a new language is to learn the basics.
The first step in learning a new language is to learn the basics.
The first step in learning a new language is to learn the basics.
The first step in learning a new language is to learn the basics.
The first step in learning a new language is to learn the basics.
The first step is to learn how to use the keyboard.
The rivers of the world are the lifeblood of the planet. They are the source of life and the lifeblood of life.
The first step in learning a new language is to learn the basics.
The first step in learning a new language is to learn the basics.
The first step in learning a new language is to learn the basics.
The first step in learning a new language is to learn the basics.
The first step in learning a new language is to learn the basics.
The first step in learning a new language is to learn the basics.
The first step in learning a language is to learn the basics.
The first step in learning a new language is to learn the basics.
The island of Galapagos is a volcanic archipelago in the Pacific Ocean. It is located about 1,500 miles south of Ecuador.
The first step in learning a new language is to learn the basics.
The first time I saw the Aurora Borealis, I was in the middle of the night, and I was in the middle of nowhere.
The first step in learning a new language is to learn the basics.
The first step is to learn the basics of HTML.
The first step in learning a new language is to learn the basics.
The first step in learning a new language is to learn the basics.
The first step in learning a new language is to learn the basics.
