እርሱም እንዲህ ብሎ ጨመረ፣ “አሁን አራት ወራት ያለው አዲያቢቲክ እንዳልሆኑ ህፃን አለን የሆኑ አዲያቢቲክ ስለሆኑት ።”
ዶ/ር ኢሁድ ኡር የዳልሁዎዝ ዩኒቨርሲቲ በሃሊፋክስ ኖቫ ስኮሻ የጤና ፕሮፌሰር እና የካናዳ ዲያቤት ማህበር የሕክምና እና የሳይንሳዊ ክፍል ፕሬዚዳንት ሆኖ ይታመናል ድርጊቱ እና ትንተናው ገና በመጀመሪያው ደረጃ ላይ እንደሚገኝ።
እንደሌሎች ባለሙያዎች እሱ የሳኮራይት መልሱስ እንደሚፈወስ በጥርጥር ይጠየቃል እና ይህንን ማግኘት ለየዓይነት 1 የሳኮራይት በሽታ ያላቸው ሰዎች አንድም አይነት አስፈላጊነት የለውም ይባላል።
በሰኞ፣ ከስዊድን አካዳሚ የኖቤል የሥነ-ጽሑፍ ኮሚቴ ቋሚ ሚስተዋይት ሳራ ዳንዳን በስቨሪጅስ ሬድዮ ብሮድካስት መሠረት በስዊድን አስታወቀች ኮሚቴው በርግጥ በቀጥታ በቦብ ዲላን ጋር በማገናኘት ስለ 2016 የኖቤል የሥነ-ጽሑፍ ሽልማት ሁሉንም ሙከራዎች ትተዋል አለች።
ዳኒየስ እንዲህ ሲል ተናገረች፣ "በአሁኑ ጊዜ ምንም አይነት ነገር አልፈጠርንም። እኔ ጠርቼና ኢሜል ልኬ ነበር ወደምትቀርብበት የሚሆን ጓደኛውና በጣም ግልባታማ ምላሽ አገኘሁ። በአሁኑ ሰዓት ይህ በቂ ነው።"
በዚህ በፊት ጄሚ ሲሚኖፍ፣ የሪንግ አስተዳደር ሰብሳቢ እንደተናገረው ኩባንያው ከመኪናው የግቢ ካርባያው አጠገብ ያለው ሱቅ ከሆነው ድምፅ በታላቅ ድምፅ ሲናገረው ከሚሰማ ሲጀምር በኋላ ተቋቋመ።
እሱ አለው እንደሠራ የዋይ-ፋይ ያገለገለ ደጅ ሠርቶአል።
Siminoff ከ2013 ዓመት በኃይሉ በሻርክ ታንክ ውስጥ ሲታይ ከነደመ በኋላ ንግድ በከፍተኛ ሁኔታ ጎረፈ ይላል። በዚያን ጊዜ ከአስተዳደሮቹ ለመስራት የነበረውን ማስጀመሪያ የገንዘብ ድጋፍ እንዳይሰጠው ተወሰነ።
በ2017 ደረሰኝ ወራት ውስጥ፣ ሲሚኖፍ በኪዩቪሲ የንግድ ቴሌቭዥን ጣቢያ ላይ ተገለጸ።
ሪንግ ከተቃራኒ ደህንነት ድርጅት አዲት ኮርፖሬሽን ጋር በወረርሽኙ ሙሉ ተስማምቷል።
በኤቦላ ላይ ብዙውን ጊዜ መሞትን ሊቀንስ የሚችለው የሙከራ ቫክሲን ቢኖርም፣ በአሁኑ ጊዜ ግን የሚቀጥለውን ኤቦላ መጠን ማስቆም የሚችለው የሚፈልገው መድሃኒት ገና አልታወቀም።
የአንቲቢዮቲክ ህዋሳት የተዋሀደ አንዱ ዘኤምኤፕ በመጀመሪያ በፈተናዎች ተፈጥሯዊ መሆኑን አሳይቷል፤ ነገር ግን በሙሉ አካላዊ ጥናት ከሞትን መከላከል ይልቅ ያነሰ ተፈጥሯዊ ተረጂላታል።
በፓለም ሙከራ ውስጥ ዘማፕ እንደ መቆጣጠሪያ አገልግሎት ሆኖ ተጠቀም፣ በማለት የሳይንሳውያን እንደ መሠረታዊ መርህ ተጠቀሙት እና ሶስት ሌሎች አገልግሎቶች ተመድበዋል።
የአሜሪካ የግምናስቲክ ማህበር የአሜሪካ የኦሎምፒክ ኮሚቴ ደብዳቤን ይደግፋልና የኦሎምፒክ ቤተሰብ ለአስተዳደር የሚያስፈልጋቸውን ግዴታዎች ይረዳል። ለአባላት በሙሉ የሚሆን ደህንነት አካባቢን ያስፈጽማል።
ከዩኤስኦክ መግለጫ ጋር እንመስላለን፤ የአትሌቶቻችንና የክለቦቻችን እንዲሁም የስፖርታችን ጥቅሞች በተሻለ አከባበር በመቀየር ወዲያውኑ በድርጅታችን ውስጥ ከመቀበል ይሻላል።
የአሜሪካ ጂምናስቲክስ ማህበር የሚቆጣጠር ሙከራ የሚደግፉትን የእንስሳ ስቃይ የሚገልጽውን በላሪ ናሳር የማይታወቀውን የተጠቀሙትን አንድ ባለቤት እንዲያብራ በሚሰጠው ምላሽ እና ያስፈልጋቸውን እና ተገቢውን ለውጥ ያረገው ነው።
የዩናይትድ ስቴትስ ኦሎምፒክ ኮሚቴው እና የዩኤስኦሲስ የተያያዙ አንድ አላማ አላቸው - ሊትክክለክ እና ሌሎች ስፖርቶች እንዲያርፉ በማለፍነት ለሊትክክለክን ተከራዮች በደህንነት፣ በማስታወቂያ እና በተጣራ አካባቢ የእንቅስቃሴ አላማዎቻቸውን ለመከታተል ይችላሉ።
በ1960ዎች ብርዜዝንስኪ ለጆን ኤፍ ኬንኒዲ በመከለሚያ ሚና አገልግሎት አድርጎ ነበር፤ ከዚያም ለሊንደን ቢ ጆንስን እንደ አስተዳዳሪ ተቀምጦ ነበር።
1976 ዓ.ም የምርጫ ጊዜ ውስጥ የእስክትራ ፖሊሲ ምክር ለካርተር ሰጥቷል፤ ከዚያም ከ1977 እስከ 1981 ድረስ ከሄንሪ ኪስንገር በኋላ እንደ ብሔራዊ ደህንነት አማካሪ (NSA) አገልግሎት ሰጥቷል።
እንደ ኔስኤ ሆኖ በ1978 በካምፕ ዳቪድ ስምምነት፣ በ1970 ዎቹ መጨረሻ የአሜሪካ እና የቻይና ግንኙነቶችን አቃቤ ሕግ፣ በ1979 የሆነውን የኢራን አብዮት ለማስከትለው የኢራን ምርኮ ሕክምናና በ1979 የሶቪዬት ወደ አፍጋኒስታን ጥቃት በካርተር እገዛ ላይ ረዳት ሆነ።
በርያን ጎስሊንና ኤማ ስቶን የተጠሩበት ፊልም በሁሉም የሲኒማ ምድቦች ተመድቧል።
ጎስሊንግ እና ስቶን ለተሻለ ወንድ እና ሴት ተዋናዮች በየቀረባቸው ተመድበዋል።
ሌሎች ምርጫዎች ተለያዩ አመለካከቶች እንደ የክሊፕ ሥነ ስርዓት፣ የአስተዳዳር ተግባር፣ የአስተዳዳር አማራጭ ልብስ ትርኢት፣ የፊልም ማስተካከያ፣ የምንጭ ድምፅ፣ የፕሮዳክሽን ትርኢት፣ የድምፅ ማስተካከያ፣ የድምፅ ደምዳሜ እና የምንጭ ጽሑፍ እንድሁም ይታወቃሉ።
ከፊልሞቹ አውዲሽን (የሚሰለችው ተላላዎች) እና የከተማው የኮከበችዎች ሁለት ሙዚቃዎች ለተሻለ ኦርጂናል ሙዚቃ ተመርጠዋል። ሊየንስጋይት 26 ምርጫዎችን በማግኘት ከሌሎች ስቲዲዮዎች ይልቅ ከፍ ያለ ቁጥር አግኝቷል።
በእሑድ ቀን በቂጣ፣ የአሜሪካን ፕሬዜዳንት ዶናልድ ትራምፕ በፕሬስ ስክሪተሪው በኩል የተላከ መግለጫ በማድረግ የአሜሪካ ሰራዊት ከሲሪያ መውጣት እንደሚችሉ አስታወቀ።
የተሰጠው ማስታወቂያ ትራምፕ ከቱርክ ፕሬዚዳንት ሬጄፕ ታይይፕ ኢርዶጋን በስልክ በመነጋገር በኋላ መጣ።
በኢሲስ አዛዦች ላይ በወሰደው ግዜ በተነገረው መግለጫ የአውሮፓ ሀገራት ራሳቸውን ሊመልሱ እንዳይፈቅዱ ተናግረዋል።
ይህ ሰፊአነት የተለቀቀ አይነት አስታውስ መጣጥፎቹን ብቻ እንደሚረጋግጥ አይደለም በሳይንሳውያን አምካኝ ከዳይኖሰሮች መካከል አንዳንዶቹ በተለያዩ ቦታዎች የተገኙ ናቸው፤ ነገር ግን ስለ ዳይኖሰሩ ቀለበቱ ያሉ ሁሉም ዝርዝሮች እንደ ስለቱ እና ሦስት አይነት አደባባይ ማስተዋል አያሳውቁም።
ተመራማሪዎች የእንስሳውን ጠጒር በባህሪ ውስጥ ያለውን እና ዝቅ የተሰተለ አሜባ ክሮኮድይል ወይም በባህሪ ጎዳና የሚንሳፍፍ አሜባ ክሮኮድይል መሆኑን ይናገራሉ።
የምርምሩ ስኬት ደግሞ በወፍጮች ውስጥ የተቀረዙትን የበረራ ልማድ ያነጋግረናል።
ምክንያቱም የዳይኖሰር ጥርሶች የለም ወይም በጥርስ ላይ በበጎ መልኩ የተፈጠሩ ጥርሶች አይኖሩም ሆኖም የጥርስ አይነት ባለው ባለሞያዎች ይኖሩታል። የጥርስ ርዝመት እና የጥርስ ቅመም ካላቸው፣ ተመራማሪዎች ይህን ጥርሶች ለመፍጠር እዚህ እንደተቀማጠሩ እየተጓገሩ ነው።
የወፍ ማብሪያዎች እድልና አስተያየት በማሳየት ያሳያሉ እንደሆነው በብርሃን ሳይሆን ለሙቀት መቆጣጠሪያ ወይም ለማሳየት ተጠቀሙ። ምክንያቱም ይህ የጎንደር ዶይኖሰር እግር ባለመሆኑም የጎንደር አደጋይ ወፍ የሆነ ነው እንጂ የጎንደር ልጅ ወፍ አይደለም የሚሉትን ምርምር በመጠቀም የሚሰጡ ምክር ነው።
ምንም እንኳ ይህ የዳይኖሰር ጅማሮ እንደሆነ ቢሆንም፣ የተከሳተበት ሳጥኑ ያሳያል አድኛው የዶሮ አይደለም ተብላል።
አንድ መኪና ቦምብ በጁዊያንቴፕ በቱርክ ውስጥ በፖሊስ መሪ ቢሮ አስቀድሞ በዚህች ማለዳ ደረሰች ሁለት ፖሊሶችን ገደላ እና ከ20 በላይ ሰዎች በመገደል አደገማቸው።
የክልሉ ጠበቃው ቢሮ ለመስማት የቀረቡት አምስት አስር ከተጎሳጡ ሰዎች ውስጥ አንድ አስር ስምንት ፖሊሶች ናቸው።
ፖሊሶች አስታወቁት የዲኤሽ (ኢሲል) የሚባለው የሚሊሽያ ቡድን ያደረገው መሆኑን በጠረጴዛ ይጠበቃሉ።
እነሱ እንደሌሎች ኮከቦች በአንድ ሁኔታ እንደሚሰሩ ሁሉ ፀሀይም ሲሰሩ ይህንኑ መርህ ይከተላል፤ የኮከቦች ሁሉ እንደሚንቀሳቀሱ የቀናተኛ ሥራ በፀሐይ ብርሃን፣ በዙሪያቸው እንደሚሽከረከሩት እና በሌላ ምንም አይታወሱም።
ራዲዬሽንና የአዉሮፓ አንድነት በአንድ ላይ ይጠቀማሉ በአንድ ኮከብ ላይ የሮስቢ ቁጥር ለማስመረም እና በግማሽ ሞምንተም የተያያዘ ነው።
የሮስቢ ቁጥር እንደሚያንሸሽሽ፣ የኮከበች ንግግር በጥንቃቄ ከማንጎልጎል መስክ ጋር በሚያወዳደረው ደረጃ በተለመደ መንገድ ይሆናል።
ኢዋሳኪ በጉዞው የሚያየው ብዙ ጭንቀት እንደነበረው ታውቋል።
በቲቤት ተዘልሎ በነፓል ከተተወም በህንድ በማስያዝ ሲሆን ተማርኮአል።
802.11n መለኪያ ከሁለቱ ፍሬክዌንሲዎች ጋር፣ 2.4Ghz እና 5.0Ghz ይሠራል።
በመለዋወጫው ዋና መሣሪያ ላይ ራዲዮ ሁለት ከሆነ ፣ በተጠቃሚነት ጋር 802.11a፣ 802.11b እና 802.11g በአንድ ላይ እንዲሰራ ይፈቅዳል።
802.11n በመቀደሙ ከተመለከተ በጣም ፈጣን ነው ከአሰበጠኝ በ600Mbit/s ድረስ አለመጠቀምያ አፈፃፀም ጋር።
ዱቫል ከሁለት ልጆች ጋር የተጋበ ሆኖ በዚህ ነገር ውስጥ የተገኘው ሚልለር ላይ በጣም ተገቢ አስደሳች መልክ አላቀረበም።
ስለአስተሳሰቡ በጠይቋች ጊዜ፣ ሚሊር “ሚክ በማቅረቡ ጊዜ ብዙ ጊዜያት እንዲህ እንደሚል ተናግሯል ... እኔ ዝግጁ ነኝ ስለዚህ እሱ የሚለውን አልገባኝም” አለ።
ሁ እንዳሉት፣ በ2020 ከ2005 ደረጃ በላይ የካርቦን ዲኦክሳይድ የኤሚሽን መጠን በGDP አንድ ክፍል በመሰረታዊ ደረጃ ለማሳነስ ሞክረዋል።
አንድ ቁጥር ለመቆጠብ አልተወሰነም ፣ እሱም እንደሚለው በቻይና የኢኮኖሚ አስተዳደር ላይ ይመሠረታል።
ሁ ሀገሮችን በማስፋፋት እንዳይዘረፉና በኋላ ከተዘረፉ እንዲጠበቁ አስቸኳይት አድርጓል።
እሱም ተጨማሪ አለ “ከልማታቸው፣ ከኃላፊነታቸውና ከዕቅድ ሁኔታቸው በተጨማሪ ማንኛውም አስፈጻሚነት አይጠየቁም” አለ።
የኢራቅ የጥናት ቡድን ዛሬ በ12:00 GMT ያስቀምጠው የራሱን ሪፖርት።
እርማኖች መካከል ወግድን የሚያቋርጥ ወይንም ግፍን የሚያስፋፋ ወይንም የሚያመጣ ሁኔታ የለም በኢራቅ ላይ ማንም የሚሳሳት አይደለም ይህ ማስጠንቀቂያ ነው።
የአመሪካ ፖሊሲ በመካከለኛው ምሥራቅ እንዲከተለ ለሕዝብ ለመፍጠር እና ለመከፈት የተሰጠ ዘላቂ የምርመራ ሪፖርት ተላቀቀ።
ዘገባው የኢራቅ ጋር የተወሰኑትን የአስተዳዳሪዎች የአሁኑ የፖሊሲ እያንዳንዱ ጉዳዮች በቀጣይ ተበቀለ እና በቀጥታ መለወጥ አደረገ።
78 የጥቅም ማስተናገድ መካከል የመጀመሪያው በዚህ ዓመት መጨረሻ በሚያደርስበት ጊዜ ለኢራቅ ከጠላቶቹ ጋር የሚተቃወሙትን ድንበር መጠበቅ እና ከጎርፍ አገራት ጋር የዲፕሎማሲ ግንኙነት እንደገና መቆም አዲስ የዲፕሎማሲ አንድነትን መጀመር ይመከራል።
የአርጀንቲና የአሁኑ ሰኔትር እና ፕሬዜዳንት ክሪስቲና ፈርናንድዝ ዲ ኪርቼንር በላ ፕላታ ከቡናንስ አይረስ 50 ኪሎሜትር (31 ማይል) ርቀት ያለው ከተማ በከፍተኛ ሙያው ማቋረጣቸውን በከተማው ውስጥ ነገረች።
ኪርክኔር ነገሩን በአርጀንቲና ብሄራዊ ቲያትር ውስጥ አስታወቀች፣ በ2005 በቡየኖስ አየርስ ክፍለ አገር ኮንግሬስ አባል እንደነበረች ልማዷን ለመጀመር ያነሳችበት እኩል ቦታ ነው።
ውይይቱ በካቲሪና የማብቀል እና የመገንባት ድጋፍ ላይ የሚደረግ የገንዘብ ውስጥ አሰራር ላይ ስለ ነበረው ውይይት እንደተጀመረ፤ አንድ ኮንሰርቲቭ እንደሚለው “የቡሽ አዲስ ኦርሌንስ ውል” ብለዋል።
በመልካም የማሳመር ሙሉቃም ስራ ላይ ብዙ ክስተት የተነሳ በዋሺንግተን ውስጥ ለሚገኙ እና የተከበሩ ሰዎች የማሳመር ስምምነትን መስጠት ነው።
4 ሚሊዮን ሰዎች ከዚያም በላይ ወደ ሮም ለቀበሮው ሄዱ።
ሰዎች በበዙ ምክንያት በአብዛኞቹ ሰዎች መገኘት አልቻሉም። ስ. ጴትሮስ አደባባይ ውስጥ ሥርዐቱን ለመግባት.
በሮም በተለያዩ ቦታዎች ትልቅ የቴሌቪዥን ማሳያዎች በመገንባት ላይ ሆነው ለሕዝብ ሰነዱን እንዲያይ ተዘጋጅተዋል።
በብዙ የጣሊያን ከተሞች እና በዓለም ዙሪያ በተለይ በፖላንድ የተመሳሳይ ተክላካዮች በብዛት የሚታዩ በተጠቀሙባቸው ብዙ ሰዎች ተገኝተዋል።
ታሪክ ባለሙያዎች የFBI ያለፉትን ፖሊሲ በቀላሉ ሊታገሉ የሚችሉትን ምክንያቶች ላይ በመማከር ፣ በተለይም በመኪና ስርቆት ምክንያቶች ላይ በማከል ለመሰረዝ፣ የተሰሩትን የሥራ ክፍል ስኬት ማሳደግ በማሳሰብ ነው ያሳዘዙት።
ኮንግሬስ በ2005 ዓመታዊ በጀት ላይ በሆነው የፖርኖግራፊ ፕሮግራም ላይ ገንዘብ መስጠት ጀመረ እና ኤፌቢአይ የእርስዎ 10 አገናኝት በድርጊት ወደ የግል ፖርኖግራፊ ተለዋዋጭ እንዲሆኑ አዘዘ።
ሮቢን ውታፓ በብቻው 70 ግቦችን በብቻው በ41 ኳስ በ11 አራትና በ2 ስድስት በመመታት ከፍተኛ የግብ ማቅረቢያን ፈጥሯል።
የመካከለኛው ቦታ የደግሞሽ ተጫሪዎች፣ ሳቺን ተንዱልካርና ራሁል ደራቪድ በተሻለ መንገድ አገለገሉ እና መቶ ሩን ማዕከል ተካፍለዋል።
ነገር ግን ከኢንዱስ ቡድኑ መጥፎውን በማሳከት በአጠቃላይ 36 ሩን ብቻ ማድረግ ችለዋል፣ በጊዜው መጨረሻ በፊት 7 ውኬቶችን እየጠፉ ነበር።
የአሜሪካ ፕሬዚዳንት ጆርጅ ዌ። ቡሽ በምስክር-ዓመቱ ኖቬምበር 16 ቀን በጥዋት በሲንጋፖር ደረሰ፤ ይህም በእርሱ የእስያዊ አገሮችን ጉዞ መጀመሪያ የሆነ ነበር።
በሲንጋፖር የተከበረ ጠቅላይ ሚኒስትር ወንጌ ካን ሴንግ ተቀበለው፣ ንግድና አረመኔነት በተመለከተ ጉዳዮች ከሲንጋፖር ጠቅላይ ሚኒስትር ሊ ሂሰን ሎንግ ጋር ተወያዩ።
በመካከለ-ዘመን ምርጫ ላጠፋበት በኋላ ቡሽ በዕቅድ ስብሰባ ላሉ አባላት ስለ በእሲያ ውስጥ የንግድ ዕቅድ ስለበዛው ይናገራሉ።
ጠቅላይ ሚኒስቴር ስቴፊን ሃርፐር በኤንዲፒ መሪ ጃክ ሌይተን ከ25 ደቂቃ የከፋፈሉት
ላይቶን የአክራሪ የአካላ ጥበቃ ሕግ ለማሻሻይ በጠቅላይ ሚኒስትር ጋር በተደረገ ስብሰባ ጥሪ አቅርቦአል፣ በአክራሪ የአካላ ጥበቃ ሕግ ላይ በተጨማሪ እና በሙሉ መስራት ያለበትን ለውጦች እንዲፈጸም ይጠይቃል።
ከቀደም በላይ ፌዴራል መንግሥት የሜርሴ ሆስፒታልን በዴቭንፖርት በታስማኒያ የስርዓት የእገዛ ስጦታ ወስዶ ከተቻለበት ከዚያ በኋላ የአውራጃው መንግሥት እና አንዳንድ አባላት የታስማኒያ የሪፐስንትናት ቤት ምክር አባል በማጭበርበር፣ የሚከተለውን ኖቬምበር የፌዴራል ምርጫ በማስታወቅ ላይ የሚታየውን ስኬት በመለየት አስተካክለዋል።
ግን የአውስትራሊያ ጠቅላይ ሚኒስትር ጆን ሀዋርድ የተደረገው ዘወትር የሆስፒታሉን እቃዎች እንዳይላክበት በታስማኒያ መንግስት በማስተዋል በመስጠት 45 ሚሊዮን አውስትራሊያ ዶላር የተደረገ ነው አለ።
በቅርቡ የተሰጠ ዜና መሰረት የባሕር ውስጥ ደረጃ በማየት ሲሞትም ነው የተቀመጠው፤ በፓጎ ፓጎ እና አገር ኒኡ ዙሪያ የተመዘነገበ ሲሞትም ነው።
በቶንጋ ምንም የጉዳት ወይም ከባድ የመጠን ጉዳቶች አልተወሰኑም፣ ነገር ግን በቆጥበት የኃይል ብልሽት ነበር ፣ የቶንጋ ሃላፊዎችን ከፓሲፊክ የክረምት መሪ ማዘንዘኛ ማረፊያ በተላከ የሲሞናሚ ማስጠንቀቂያ መቀበል የከለከለባቸው ነበር።
14 ትዕይንቶች በሃዋይ በባህር ዳርቻ ወይም በግጭቱ ዘንጋ በአርብ ቀን ዘግበዋል፣ ይህ ሁሉ ሆኖም ማስጠንቀቂያው ተወስዷል።
የአሜሪካ ፕሬዝደንት ጆርጂ ዌ ቡሽ ማስታወቂያውን በሐሤት ተቀበለ።
በሰሜን ኮሪያ በጣም አስፈላጊ የዑስትራይዝ ምርመራ አድርጎ የተናገረው የቡሽ አንተጋዳይ ጎርደን ጆህንድሮን ነው።
የአትላንቲክ ማዕበል ወቅት ዐሥረኛው በስሙ የተጠራው ማዕበል የትሮፒካል ማዕበሉ ጀሪ በአሁኑ ቀን በአትላንቲክ ውቅያኖስ ላይ ተከስቷል።
የብሔራዊ ሆሪካን ማዕከል (NHC) እንደሚናገር በዚህ ጊዜ የወርቅማ አውሬ ጀሪ ምንም ጉዳት በመሬቱ ላይ አላደረገም።
የአሜሪካ የመሬት አካላት ምርመራ ቢሮ የሚገመትው የቀድሞ የተጎዳ ወንዞች ግድግዳው 6 ኢንች ዝናብ ሊያጠፋው ይችላል።
በካትሪና አውራ ነፋስ ጊዜ ውስጥ በነይንት ዋርድ ከእግሩ ከ20 በላይ ውሃ አጠፋ፣ አሁን በቅርቡ ያለው ግድግዳ ከፍሳቱ ምክንያት ውሃ አጠፋበታል።
100 ፍት የሚሆን ርዝመት በዋሽ ግድብ ላይ ውሃ አፈሰሰ።
ጠቅላይ አስተዳዳሪ አዳም ኩወርደን ያለውን አስቸጋሪነት ሲናገር ወደ ዊኪኔውስ በአሁኑ ወር ስለ መሰረዝ ሁኔታውን አስተያየተ።
እርሱ [ዋሌስ] ከመጀመሪያው ጀምሮ ለኛ አዋረደን። በመጀመሪያ በሕግን መነሳት ነበር እንደሚነሳ በማሳመን እና በሁለተኛው መግቢያው ድምፅን እንደሰማ በማሳመን እስከ ሥራው ድንበር ድረስ አሳስቶናል።
የማህበራዊ ችግሮች በጾታዊ ይዘት ላይ በመመስረት ፖሊሲዎችን በተደረገ አቅማመጥ ወደፊት ለማስተዳደር እየተሰራ መገንባቱን ያመነግባል፣ ይህም ለተበገሩ ሚዲያዎች መረጃን ለሚሰጥ አንድ የመረጃ አቅራቢ ነው።
በብዙው የተደረገው ስራ በአስተሳሰብ ነው፣ ነገር ግን የሳጂታሪየስ የክልል አይነት አይነት ማመልከቻዎችን ለማምዘክር የሚያገለግል ፕሮግራም ተፃፈ።
በወረቀት ዓለም ውስጥ የጌላክሲው ጨለማ ነገር እና የሚልኪ ወይን ጨለማ መንገድ መካከል በማጎልበት የተፈጠረው የማስጎብኝነት መሳሪያ በአጋጣሚ ቡድን የሚፈልጉት ስሜት ሊሆን ይችላል።
እንደወጡት ጨረቃ ውሃውን ወደ ግምባታው ለመስበር እንደሚያስችል ሁሉ፣ በሳጂታሪያስ ዓለም እንዲሁም ፀሐይው የኃይሉን ማሳደሪያ ይጠቀማል።
ተመራማሪዎች እንደሚሉት ቅጥረ ጨለማ ሌሎች ቅጥረ ጨለማ በሚሰሩበት ሁኔታ እንደ ሌሎች የሆኑ ህነፃዎች ተጽዕኖ ያሳድራል።
ይህ አንቀጽ ይላል እንደሚከተለው፤ በዓለም ውስጥ ቅምጥርያ አካባቢ ያለ ነው፣ በሚያበራ አቀማመጥ ያለው እና በእጅጉ አነስተኛ አቀማመጦች የተሰራ ነው።
የቴሌቪዥን ዜናዎች ከፋብሪካው ውስጥ ነጣጥሮ የሚወጣ ነጭ ጭምር እንደሚታይ አሳየ።
በፋብሪካ አካባቢ የሚኖሩ ሰዎች ውስጥ እንዲቀመጡ እና አየር መታጠቢያዎችን እንዲዘጉ የእድሜ ጠበቆች ማስጠንቀቂያ አስተላልፈዋል። ደግሞም የቧንቧ ውሃ መጠጣት እንዲቆሙ ተጠይቀዋል።
በጃፓን ኑክሌአር አገናኝ መረጃዎች መሠረት፣ በተለያዩ ተቋሞች የራዲዮ አካቲቭ ሲዝየምና አይድኦዲን ተገኝቷል።
ባለሥልጣናቱ የሚገመቱት ይህ የኡራኒየም የነዳጅ ማከማቻዎች በሚከተለው ቦታ ሊፈነዱ እና ሊፈስ ይችላሉ ነው።
ቶኒ ሞል በደቡብ አፍሪካ የKwaZulu-Natal ክፍል ውስጥ አዲስ የXDR-TB ዓይነት ተለይቶ አገኘ።
በነጋሪው ቃል አዲስ ተደራሽነት “ሞትን የሚያስደነግጠውና ታላቅ ችኩል” ሆኗል ይላል።
ዶ/ር ሞል የጠበቀ ነው የሆስፒታል ታማሚዎች በሆስፒታል ውስጥ በሽታውን እንደተቀበሉ እና ቢያንስ ሁለት ከነዚህ የሆስፒታል የጤና ሠራተኞች ናቸው።
በአንድ ዓመት ውስጥ፣ የተያዘ ሰው ከ10-15 በተደጋጋሚ የተዛማጁን ሰዎች ሊያከማች ይችላል።
ነገር ግን፣ XDR-TB ያለው በዓለም ላይ በህመም ድንገተኛ የሚያገለግሉት ክፍል አነስተኛ መሆኑን ይመስላል፣ በየዓመቱ ከ 330,000 በላይ ምርመራዎች መካከል 6,000 ብቻ በደቡብ አፍሪካ በአንድ ግዜ ውስጥ ነው።
2 እንደሁለቱም ሳተላይቶች ከ 1000 ፓውንዶች በላይ ይመዝናሉ እና በ 17,500 ማይል በሰዓት እየተጓዙ በእየርሱ ላይ ከ 491 ማይሎች ላይ ገጠመዋል።
ተመራማሪዎች ከመተጋጋጠው የተነሳው የማቀድቀድ ኃይል ጸናች እንደሆነ ይላሉ።
እንደዚሁም ሳይቀር የሚያስቀጡት የመጣጥፍ መጠኑ ምን ይሆን እንደሚሆን እና ዓለሙ እንዴት እንደሚጎዳ ለመወሰን እየሞክሩ ነው።
የአሜሪካ የመከላከል መስመር በሚኒስትሩ የመከላከል ዲፓርትመንት የተሰራ የመከላከሽ ማሰፊያውን ይቆጣጠራል።
የተከናወኑት የስነስርዓት ምርመራ ውጤቶች በሕዝብአገልግሎት ድረገጽ ላይ ይታወቃሉ።
በኦሃዮ የተነገረው አንድ ዶክተር የነበረ በፒትስበርግ፣ ፔንስይልቬኒያ ውስጥ በህፃናት ሆስፒታል የሠራ ሰው በምድብ የተባለ ግድያ ላይ ክስ እንዲመሰረትበት ነው ምክንያቱም እናቱ በአንድ መኪና ኋላው ሞተች በሚል ምክንያት ተገኝቷል።
29 ዓመቷ ዶ/ር ማላር ባላሱብራሚያን በብሉ አሽ፣ ኦሃዮ በሲኒሳኒ በሰሜን አንድ የከተማ ግንባታ ከ15 ማይሎች በላይ በወለደች በመንገድ አጠገብ በቀሚስና በሹራብ ስር በትልቅ መድኃኒት ሁኔታ ላይ ተገኝታለች።
500 እግር ያህል ርቀት የነበረችውን ጥቍር የሆነችውን ኦልድስሞቢል ኢንትሪግ መኪናዋን ለሰው ወደ እርስዋ አመራቸው።
53 ዓመቱ ሳሩጃ ባላሱብራሚያንን በደም የተለበጠ በግርግር ሥር ደፍነዋል።
ፖሊስ በዚያ ቦታ አንድ ቀን ቢሆን እንደቆየ አስታወቀ።
በዚህ ወቅት የተገኙት የበሽታው መጀመሪያዎቹ ቀርቦች በጁላይ መጨረሻ ተነገሩ።
በአደጋው መንሸራተት በድንኳኖቹ በኩል ለሰዎች እንደሚያስተላልፍ የተፈጠረ ይሆናል።
በዚህ ወጣት አደጋው የሕንድ መንግስት እንደ በተቸገረበት አካባቢ በድንበሮች ላይ የድንጋዮችን አሽከርካሪዎች መቀመጥ፣ ብዙ የድንጋዮች አሽከርካሪዎችን ማከፋፈልና በድንጋይ ሊቅመም ያለበትን የፈርጅ ማሰተር መውሰድ ያስፈልገዋል።
መንግሥቱ ለተባለ የወባ ቫክሲን ብዛት መስጠትን ተስፋ በማድረጉ በሚመጣው ዓመት ለጤና አገልግሎት በመዘጋጃ ይረዳል።
ይህ ዓመት በታሪክ በተጠቃሚ በሆነው አካባቢ ቫክሲኖችን ለመውሰድ የተዘጋጀው ዕቅድ ከሌላ ደረጃ ዝቅ የተቆጠረ ምክንያት እና የገንዘብ ጉዳት በሰበብ ተዘግቧል።
1956 ዓ.ም. ላይ ስላኒያ ወደ ስዊድን ተለወጠ በተከተለው ሶስት ዓመታት ለስዊድን ፖስታ ቤት ሥራ ጀመረና የፋብሪካ አለቃ ሆነ።
1,000 በላይ አይነቶች ለስዊድንና ሌሎች 28 አገራት ተሰራቸዋል።
የሥራው ውጤት በቁምነገሩ እና በዝርዝሩ ብቻ እንጂ ከአካላት ውስጥ በተገኙት አነስተኛ "ተስፋዎች" መካከል አንዷ መሆኗ ተቀባይነት አገኘ። በእርሱ ብቻ ሥራውን ለማቅረብ ያለው ክህሎት አለው።
1000ኛው የሆነ ሥራው “ታላቁ ሥራ በስዊድን ነገሥታት” የተባለ በዳዊት ክሎኬ ኢረንስታል በ 2000 ተሰራ እና በጉኒስ የዓለም መዝገበ መጽሐፍ ውስጥ ተመዝግቧል።
እርሱም የብዙ ሀገራት ፖስታካርድዎች አዋቀር ላይ በተሳተፈ ነበር፤ በቅርብ ጊዜ የሥራው ምሳሌ የካናዳ $5 እና $100 የብሎት መክፈል ላይ የጠቅላይ ሚኒስተሩ ፖርትራይት ይከታተላል።
ከአደጋው በኋላ ጊብሰን በፍጥነት ወደ ሆስፒታል ተወሰደ ነገር ግን በአጭሩ በኋላ ሞተ።
64 ዓመት ያለው የትራክ ሹፌር በአደጋው ምክንያት ላይ ጉዳት አልደረሰበትም።
በዚያው ቀን በአገባብ 1200 የዓለም ሰዓት ተሽከርካሪው ከዚያ ቦታ ተወስዷል።
አንድ ወንድ የተመላለው ጋራጅ አጠገብ በአደጋው ቦታ አሉ። "ከመንገዱ ማዶ የሚጠባበቁ ልጆች ነበሩና ሁሉም አለቀሱና አለቀሱ" አለ።
ሁሉም በአደጋው ስፍራ አጠገብ ስለነበሩ ከዚያ ሸሹ።
በባሊ ስብሰባው ላይ የተከታተሉት ሌሎች ጉዳዮች የዓለም የቀረውን የዱር ምርቶች ማስቀመጥ እና የቴክኖሎጂ ማካፈል በመላው ዓለም ሀገሮች ከነደጋገሪ በታች በመሆን በመስፋት የበለጠ መዳበር በመፍጠር ነበር።
የተባበሩት መንግስታት በዓለም ሙሉ ከሚደርሱ የእንቅስቃሴ ለውጦች የተገኙ አገሮችን ለመርዳት ገንዘብ ለመሰብሰብ ያስባሉ።
ገንዘቡ ለውሃ ውጤት መልስ፣ ለተሻለ የውሃ አስተዳደር እና ለተለያዩ የግብርና አይነቶች መረጃዎች መስርያ ይሆናል።
ፍሉክ የጽፈው ሴቶችን በጤና ጉዳያቸው ላይ የሚሰጠው ድጋፍ በአንዳንድ ጊዜ ያልተሳካ መሆኑን ይናገራል።
ብዛት የጉዞ አመራሮችና መብቶች በሴቶችና በወንዶች ከሞከሩላት የተነሳ በህክምናዊ ግዴታ እንደ ተግዳሮት የሚጠቀሙበትን የማህፀን መከላከያ ተግባር የሚፈልግ በመሆኑ ወደ ዚህ መጨረሻ ውሳኔ መጣች።
40 ሰዎች በአዳራሹ ውስጥ ቀርተው ወደ ማረፊያ ክፍሎቻቸው መመለስ አልፈለጉም አሉ በዚህ ጊዜ በሚቀጥለው የታገዙት ሰዎች ወደ ሆስፒታል እንደተላኩ በጦርነቱ ማቆሚያ ከቆሙ በኋላ።
የምስል ቀይሮች መቼም ለሁኔታው መፍትሄን ይፈልጉ ነበር እንሆኝ የእስረኞች ፍላጎት የተገለጸ አልነበረም።
10፡00ና 11፡00 ማታ በኤምዲት ሰዓት መካከል በከፍተኛ ገበያ የመንግስት ሰራተኞች በማውጣት ተጠቀሱ።
በጥቂት ጊዜ ውስጥ፣ በምርጥ የጦር መሣሪያዎች ጋር የቆዩ ሹማቾች ወደ አደባባዩ ገቡና በእስረኞቹ ላይ አስሮ ንብረት ወረዱ።
በመጨረሻም በ11፡35 ቁጥር ምክንያት የእሳት አደጋ መምሪያ ተግባሩን በመጠን ሊቀዉሙ ችለዋል።
1963 ዓ.ም. የተገኘውን ግድብ በካላት በመሆኑ የምንዳቸውን በሌላው አቅጣጫ የሚያፈስሱት አድማሳዊ ውሃ ፍሳሶች እንዳይኖሩ ሆነ።
ይህ እንቅስቃሴ ለመስመርያዎች እና የባሕር ዳር መፍጠር የሚያስፈልገው እና ለአያያዝ የሚውሉ ስፍራ ነው።
ስለዚህ፣ ሁለት ዓይነት ዓሣዎች አሁን በመጠን እንደጠፉ አሉ እና ሁለት ዓይነት ዓሣዎች ደግሞ እንደተጠረጠሩ ተባለ፤ ይህ በውሃ ውስጥ የሚገኙትን ሳሞንን ይካተታል።
በጦርነቱ በኋላ ውሃው የበለጠ በአንድ ጥቂት እግር ብቻ ሆኖም ቢያዛም፣ ባለሥልጣናቱ በተፈጠረ የተጠቀሰውን ማሕበር ወደ ቀድሞ ሁኔታው ለመመለስ እንደሚያስችል ተስፋ አድርገዋል።
ምንም የጭፍጨፋ ማስጠንቀቂያ አልተሰጠም፣ እና በኳታር የአርድ ሳይንስ ምዝገባ መሠረት የጭፍጨፋ ማስጠንቀቂያ ደግሞ ከባድነቱ የ6.5 ማግኒቱድ መስፈርቱን ስላልተወሰነ አልተሰጠም።
በዚህ አካል ከጥልቅ ውሆች በውጭ አጣጣለ እንኳን አይኖርም፣ ሰዎች ግን እየተፈራ፣ የጅምላ ንግዶቻቸውን እየተተዉና ከቤታቸው ሲወጡ ጀመር።
ወልቢይ ወንፍሬ ምንም እንኳ ጥቅምት ብዙ እድልዎች ነበሩ፣ ለስውይዋው ፍቅረኞች ግን እንደገና ትመለስ ዘንድ አስታወቀቻቸው።
“ይህ መልቀቅ አይደለም። ይህ አንድ ክፍል መዝጋት እና አዲስ ክፍል መክፈት ነው።”
የናሚቢያ ህገመንግሥቱ እና የፓርላማ ምርጫዎች የመጨረሻው ውጤት የሚያሳይው የሚገለጽው የጦርነት ፕሬዚዳንት ሂፊከፕውንየ ፖሃምባ በታላቅ አቋም በመምረጥ ተመርጧል።
የሥልጣን ፓርቲው, የደቡብ ምዕራብ አፍሪካ ሕዝብ ድርጅት (SWAPO) በፓርላማ ምርጫዎች ብልሃቱን አስቀጥሏል።
የሠራዊቱ እና የአፍጋን ኃይሎች ወደ አካባቢው ገቡ የቦታውን ለማስቀመጥ እና ሌሎች የሕዝባዊ ተባባሪዎች አውሮፕላኖች ለመርዳት ተላኩ።
እንደዚህ ያሉ አደጋዎች በተራራማ መሬት ላይ ከፍተኛ የማለፉነት ዕድል አለ፣ እና በወሊቃ እድለኞች ውስጥ የሚፈጠር ውጤት መሆን ተመንጃል።
የትከሻ ስፍራውን ለማግኘት ሙከራ በመጥፎ አየር አቀማመጥ እና በማይረባ ጎን ተከለከለ።
የጤና ማህበራት ማንጎላ፣ መደሲን ሳን ፍርንቲየርስ እና የዓለም ጤና ድርጅት ይህ በሀገሩ ውስጥ በታሪክ ያልተመዘገበ የነበረው ክፋት እንደሆነ አስታወቁ።
"አንጎላ በመሪነት ወደ ኤፕዲሚክ በጣም አዛብ ወደ ገደብ እየተመራ ነው፣ በአንጎላ ውስጥ ሁኔታው እጅግ ምንነት ነው" የሜድሲን ሳን ፍሮንቴየር ተናጋሪ ሪቻርድ ቬርማን አለ።
10:00 ጡዋት ከትክክለኛው አየር ሁኔታ ጋር፣ በማታ ያለው ትክክለኛ ዝናብ በፍጥነት አጣጢል፤ እንደሚገባ ቀን ለሰባት-ሰው የሩግቢ ችግር ነበር።
የደቡብ አፍሪካ የስኳት ተከታታይዎች በመንገደኞች ክፍለ 26-00 ከዛምቢያ ስኳት ተከታታይዎች ጋር ድል አሸንፈው መልካም ተጀመሩ።
ማስተዋል እንደሚመስል በደቡብ መዋዕላቸውን የማያሳልፉት እነዚህ ሰዎች አይደሉም። ነገር ግን የደቡብ አፍሪካ እንደ ገና የማሻሻሉ ወይም የሚያሻሻሉ እንደሆኑ ያመለክታል።
የራሳቸው የዲፈንስ ብልሹነት፣ የኳስ አስተዳደር ክህነት እና የቡድን ሥራ አቀማመጥ ያደርጋሉ እንደሚታይበት እና ይህ የሚመካ ቡድን መሆኑ ግልጽ ነው።
በአምስተርዳም ከተማ እና በአን ፍራንክ ሙዚየም ሹማምት ዛፉ በቫይረስ በመያዝ የጤና አደጋ መሆኑን አስመልክተዋል፤ እንደዚሁም በመውደቅ ላይ መሆኑን ጠበቁ።
እርሱ በማታ ላይ መቀነስ ይችል ነበር ብሎ ተደርጓል፣ ግን ከስህተት የፍርድ ቤት ፍርድ በኋላ እርሱ ተጣለ።
የቤቱ መግቢያ በሙሉ፣ እንደተባለው “ሰባቱ እኅቶች” ከ100 እስከ 250 ሜትር (328 እስከ 820 እግር) ጥልቀት አለው።
የኢንፍራረድ ምስሎች በሌሊት እና በቀን የሙቀት ተለዋዋጮችን ማየት ያስችላሉ፣ የምድረ በዳ ምስል መውጣት የሚችል ሁኔታን ይነግሩታል።
እነሱ በ ቀን ከዙርያው መሬት በርዝመት የሚያዝሉ እና በሌሊት ደግሞ የሚያስፈልጉ ናቸው።
“የትኩረታቸው እንደትንቢት አይጠንክረውም፣ እንደ ምድር ያሉ በምድር ውስጥ ሙሉ ብቃት ያላቸው ግንኙነቶች ያሉት ትንሽ ስለመቀየር ብቻ ነው” አለ ግለን ኩሽንግ ከዩ.ኤስ. ጂዮሎጂካል ሰርቬይ ቡድን የተወሰነ አባል በሰሜን አሪዞና ዩኒቨርሲቲ በፍላግስታፍ፣ አሪዞና የሚገኘው።
በፈረንሳይ ምርጫ በባህላዊ መንገድ ነው፡ አድራሻ ሰጪዎች በርካከኛው በምርጫ ሙሉዎች በኩል በተለያዩ እንደተለዩ በመሬት ላይ የተሰፈረ የወረቀት ሰነድ ውስጥ ይገባሉ።
ከወደቂው የአድራጊው መለያ እንዲረጋገጠ በኋላ ወደቂው እስኪታስተረጂ እስከሚደረግበት ድረስ በሳምንታዊ ሳጥን ላይ ማህተም ይሰጥናል እና ይፈርሳል።
የፈረንሳይ ምርጫ ሕግ በቀጣይ በብዙ መለያየት የሚበደል የምርጫ ሂደት ሊገጥም ይችላል።
1988 ጀምሮ የምርጫ ሳጥኖች ግልጽ መሆን አለባቸው የተመረጡ ምርጫ ተዳዳሪዎች እና ተመልካቾች የምርጫው መጀመሪያ ላይ በሳጡ ውስጥ ሌላ የማይኖር ነገር መኖር እንዳይኖር ለማረዳት እና እንዳይሞላ ከዚያ በፊት የተቈጠሩ እና የተረጋገጡ ምርጫ ተዳዳሪዎች በስተቀር።
አመልካቾች በሙሉ የማዕረግ ሂደት ላይ ለመመሳከር የራሱን አቤቱሎችን ሊልኩ ይችላሉ። በማታ ግን፣ የትኬት መሪዎች ሥር በተወሰነ ሂደት ውስጥ በአመልካች ምርመራ የመናገሩን ቁጥሮች ይቈጠራሉ።
ASUS የኢ ዲ ጲ ሲ በዓለም አቀፍ ደረጃ በሃብት እና ስራ የቀንስ ማሻሻያዎች በመንጠባበቅ ቀድሞ ተጠቃሚዎች እጅ ደረሰ እና በ 2007 የታይፔይ የኢት ወር በሆነ አነስተኛ ዋጋ ተወሳኽ ርዕስ ነበር።
ነገር ግን የተሸከሙ ኮምፒውተሮች የግል ገበያ በአሰፈሪ መልኩ የተለየ እና በ 2007 ኤዝዩስ ላይ በቻይና ሊቀመንበር ዩዋን የታይዋን የዘላቂ ልማት ሽልማት በተሰጠለት በኋላ ይለወጣል።
የጣቢያው ድርጣቢያ ሾውውን “አዲስ ማሽተት ያለው ክላሲክ ሬዲዮ ድራማ” እንደሆነ ይገልጻል!
በቀድሞው ዘመን ድራማው በኢንተርኔት ራዲዮ ጣቢያው TogiNet Radio ድረገጽ ውስጥ የነበረው ብቻውን ቀለም አድርጎ ነበር፤ ራዲዮ ውይይት ላይ የተመሰረተ ድረገጽ።
በ2015 በመጨረሻ ወራት ውስጥ TogiNet አስትሮኔት ሬዲዮ እንደ አካባቢ ማህበረሰብ ስራ ጀመረ።
በሙዚቃው የተነበበ በድምፅ ሙዚቃው የከፋ ተደጋጋሚነት ስለአንዳንድ የከፋ ድምፅ የአብራር ሙዚቃዎች ከአካባቢያዊ እስከ ምሥራቅ ቴክሳስ ድምፅ ተነገረ።
እንደ ዜናዎች የተመለከተው፣ በቢሽኬክ መንገዶች ላይ ፖሊስ የለም በማለት በሙሉ ሌሊት በከፍተኛ መጠን የዝርፊያ ስራዎች ቀጠሉ።
በአንድ ተመልካች መጠን ቢሽከክ እንደ "ዲሞክራሲያዊ መንግስት" ተገልጽቷል፤ ምክንያቱም በአደባባይዎች ውስጥ ከፍተኛ የሰው ብዛት ይሰበሰባሉ እና በገበያዎች ውስጥ የሚሸጡ የተወሰኑ የተጠቃሚዎች ንብረቶች አሉ።
በቢሽኬክ ብዙዎች የደቡባዊ ሰላማዊ ሰዎችን ሕግ አላያዙ እንደሆኑ በማሳደብ አንቀጽለዋል።
ደቡብ አፍሪካ የአል ቢልክስን (ኒው ዚላንድ) በየሩጊበ ህብረት የትራይ ኔሽንስ ውድድር ላይ በየውለ በፎከንግ ስታዲየም በሩስትንበርግ፣ ደቡብ አፍሪካ መታቸው።
ጨዋታው በ 21-20 እንደተሸነፈ ሲያልቅ በአጠቃላይ በተውጣጡ መርሐግብር ሁሉም የአል ባለክስ ጋር አጠቃላይ 15 ጨዋታዎችን እያሸነፉ ሲፈጸም ነው።
ለስፕሪንግቡክስ፣ በተቀጣሪ አምስት ድል እንደተጠናቀቀ ያልቀረበ።
ለአል ብላክስ እነዚህ ከሁለት ሳምንታት በፊት የአለቃነትን ወንበር የያዙ ልዩ የጨዋታ ፍፃሜ ነበረ።
የተመለከተው ጨዋታ በኢሊስ ፓርክ በጆሃንስበርግ በሚገኘው አካባቢ በሚቀጥለው ሳምንት ይደረጋል፣ ከዚያም የአውስትራልያ ቡድን ከስፕሪንግቦክስ ጋር ይዘጋጃሉ።
10:08 ፒ ኤም በሰኞ ወደ ምስራቅ ሞንታና አካባቢ መካከለኛ መሬት መንቀጥቀጥ ተከሰከሰ።
በአሜሪካን የከርሰምድር ዳሰሳ ቢሮ (USGS) እና በየአገሩ የመሬት መንቀጥቀጥ መረጃ ማዕከል ከተሰሙት ምንም የቀጥታ ጉዳት ሪፖርቶች የሉም።
20 ኪሎሜትር ስትፍላጎት (15 ማይሎች) ከዲሊን ሰሜን-ሰሜናዊ በመስራት እና 65 ኪሎሜትር ስትፍላጎት (40 ማይሎች) ከቡት ደቡብ በመስራት የመሬት እስቅልቅል ተከሰተ።
በማንኪያ አካባቢ በሊዮን የምስራቅ ፈረንሳይ በሰንበት ላይ የተገኘው የሞተ የዱር ጉልበት ከሰው ለሰው የተተላለፈ የወፍ ኢንፍሉዌንዛ H5N1 ተለዋጭነት መሆኑ በማረጋገጥ ላይ ነበር።
ፈረንሳይ በአውሮጳ ዩኒየን ውስጥ ስባተኛው ሀገር የሆነ እና የዚህን ቫይረስ የሚጋፈጠው ኦስትሪያ፣ ጀርመን፣ ስሎቬኒያ፣ ቡልጋሪያ፣ ግሪክ እና ጣሊያን በሙሉ ይከተሉናል።
የሆነው በክሮኤሽያ እና ዴንማርክ የተጠረጠሩ የኤች 5 ኤን 1 ምልክቶች ገና አልተረጋገጡም።
ቻምበር፣ ሞት፣ ጥፋት እና ሽብር በዓለም ላይ በሚዘልፉበት የሚለያዩ ሚሊዮኖች ሰዎች ምክንያት ለእግዚአብሔር ተጣረቁ።
የታሪክ ተመራማሪው Chambers በመሆኑ የወቅቱን ክስ እንደማያስተናግድ እና “ሁሉም ሰው ማንንም ሰው ሊከሰስ ይችላል” ብሎ ይከራከራል።
በፈረንሳይ መድረክ በካሚሌ ሳን-ሳንስ የተዘጋጀው የመድረክ ሥነ-ስርአት በመድሀኒት ምኞትና በጃፓን የተገለበጠ አንድ ተክለኛ የሕይወት አሳዛኝ ታሪክ ነው።
እንዲህ ስለሆነ ተዋንያን በመድረክ ላይ በሚጠጡበት ጊዜ ትምክህት ቤቱ በአስተዳደር የተቀማይ አድርጎ ይደሰት።
የቀድሞው የቤት ተናጋሪ ኒውት ጂንግሪክ፣ የቴክሳስ ጠቅላይ ሚኒስትር ሪክ ፔሪ እና የኮንግረስ እናት ሚሺል ባክማን በሚቀጥሉበት ቅደም ተከተል አራተኛ፣ አምስተኛ እና ስድስተኛ ተስፋፋሉ።
ውጤቱ ከተወጣ በኋላ ግምጋር አቅርቦ ሳንቶሮምን አመሰገነ ነገር ግን ሮሜኒ ላይ የነበረውን ከፍተኛ ተቃዋሚነት የመለያ የሆነውን የሚያሳይ ምርመራ የነበረውን የሚያስተዋውቅ አድማጮችን ገለፀ።
ፓሪ፡ ወደ ቴክሳስ ይመለሳል ዛሬ ምሽት የተደረገውን ስብሰባ ውጤቱን ለማስወረድ በመንገዱ እንደሚቀጥል ወይም ወደማይቀጥል ይቀርባል። ነገር ግን ኋላ ወደፊት መቀጠል እንደሚችል አለና በጃኑዋሪ 21 ቀን በደቡብ ካሮሊና ይቀጥላል።
ባችመን የአይዞዋን አመስ የዘር ምርመራ በአውግስት ካበደች በኋላ የእርስዋን ወደ ፅዳት ማምጣት ተወች።
ፎቶው ወደ ሮናልድ ረዊጁን UCLA የህክምና ማዕከል ተልኳል፣ እሱም በኋላ ሞቷል።
እንደ ሪፖርቱ ዕድሜው ወደ 20 ዓመቱ ነበር። በመግለጫው ውስጥ ቢበር አለ፤ "በዚህ አዘናኝ አደጋ ላይ እኔ በዚያ አልነበርሁም እና በቀጠሮ አልተሳተፍኩም፣ ነገር ግን እኔ አስተያየቴ እንዳለና ለዚያው የመከሰቱ ቤተሰቦች ጸሎቴን እልካለሁ።
የመዝናኛ ዜና ድር ጣቢያ TMZ በሰፑልቬዳ ብሎቭር ማንኛውም በማዕዘኑ አንጻር መኪናውን እንደጠፋ አስታወሰ፣ የፖሊስ ጣቢያን ለመሰረት በመንገዱ ቀዳሚ ጠርዝ እና በመቀጠል የፊልም ማረጋገጥን ሲሞከር ሲሆን ፣ የካሊፎርኒያ ሃይወይ ፓትሮል አባላት ለመልስ በሁለቱም ጊዜያት ትእዛዝ ይሰጡት እንዲል የትራፊክ ማቆሚያ ይጀመሩበታል።
በፖሊሶች ምክር መሠረት፣ ፎቶግራፈሩን የመታው ተሽከርካሪ የተሳካሪው አይታገሥም።
ከመሆኑም በአንድ ቀን ውስጥ የሚሰጡት ሜዳሊያዎች ዐሥራ ስምንት ብቻ ስለሆኑ፣ የወርቅ ሜዳሊያ ማሸነፍ የሚያስገቡት ብዙ ሀገሮች አሉ።
በነዚህ ሆኖ ነዚብራንዳ ከአና ጆክምሰን ጋር በሴፒር-ጂ የተወሰኑ ወንድሞች ውስጥ በዘጠኝኛው ላይ እና ፊንላንድ ከካቲያ ሳሪኔን ጋር በአንድ ቀን በአስረኛው እንደተጠናከረው ነው።
ሚችሊ ጉርሌ ከአውስትራሊያ በወንድዎች ሱፐር-ጂ ላይ በአሥራ አንድኛው ስፍራ ጨረሰ። ኦልድሪች ጅሊኔክ ከቼክ ሪፓብሊክ በወንድዎች ሱፐር-ጂ ላይ በዐሥራ ስድስተኛው ስፍራ ጨረሰ።
Arly Velasquez ከሜክሲኮ በወንድነት ሁፔር-ጂ ውድድር በአምስተኛው ደረጃ ወጥቷል። አዳም ሃል ከኒው ዚላንድ በሁፔር-ጂ ውድድር በዘጠኝኛው ደረጃ ወጥቷል።
በፖላንድ የዐይን እድሜ ያለመታየት የወንድ ስኪዬር ማቺይ ክሬዜል እና መንገድ መሪ አና ኦጋርዜንስካ በሱፐር-ጂ ላይ በ17ኛው ደረጃ ተጠናከሩ። የደቡብ ኮሪያ ጆንግ ሰዎርክ ፓርክ በወንዶች ሱፐር-ጂ አቀማመጥ በ24ኛው ደረጃ ተጠናከረ።
2010 በኢትዮጵያ ካለንድር በኋላ ወደ ሀይቲ የመጡ የዩኒቨርሰል ሰላም ሰራዊቶች በሰፈራቸው በተደረገው የበሽታ ውጥረት ላይ ተጠርጥረዋል።
በመወከላው ተብሎ፣ ከዩኒቴድ ኔሽን ሰፈር የተወጣው አረንጓዴ በትክክል አልተሰራበትም፣ እንደዚህም የባክቴሪያው አደጋ ወደ አርቲቦናይት ወንዝ ዘርፍ የሚወስድ አንዱ ከሀይቲ ትልቅ ወንዞች ሆኗል።
ከእነዚህ ቡድኖች መጪው በፊት፣ ሄይቲ ከ1800ዎቹ ጀምሮ በበሽታው ጉዳይ ችግር አላገኘም።
የሃይቲ የፍትህ እና ዲሞክራሲ ኢንስቲትዩት በርቀት እንደተደረገ ጥናት የኔፓል የውና ሰላማዊ ጠባቂዎች በዘለቀቅነት ቫይረሱ ወደ ሃይቲ ያመጡት እንደሆነ አመለክቷል።
Danielle Lantagne, በቫይረሱ ላይ የተባለ የተያያዙ ኢንቲርናሽናል ባለሙያ፣ ከተማረከው ህክምና ተከታታይ በሆነ ሰላም ጠባቂ ተነሳ መሆኑን አስታውቋል።
ሃሚልተን አረጋግጦአል እንደገለፀው ሀርቫርድ ዩኒቨርሲቲ ሆስፒታል በጠንካራ ሁኔታ ታጋሽን ተቀብሏል።
ባለሽቱው ወደ ናይጄሪያ በጉዞ ላይ ያለው፤ አንዳንድ ኢቦላ በሽታ ወጥቶአል።
ሆስፒታሉ የህክምና ክንድ መቆጣጠሪያ መርሆችን ተከትሎ፣ በሚያስችልበት አደጋ ከሌሎች ጋር እንዳይወራረዱ ታማሚዎችን በማፍረስ ተከተለ።
"በሲምፕሰኖች ከመስራት በፊት ሲሞን በበርካታ ቅጾች በበርካታ ቦታዎች ሥራ አድርጎ ነበር።"
በ1980ዎቹ እርሱ በአውታር ሾውዎች እንደ ታክሲ፣ ቼርስና የትራሲ ኡልማን ሾው ላይ ሥራ አድርጎአል።
1989 ዓ.ም በማግኘቱ በሩክስና በግሮኒንግ እገዛ እየሰሩ የሲምፕሰንስን የተብለውን ፕሮግራም በመፍጠር የአንደኛው የፕሮግራሙ ጸሀፊዎችን መቅጠር ላይ ሃላፊ ነበር።
በ1993 ከሾው ቢወጣም እንኳን እንደ አስተዳዳሪ ፕሮዳይሰር አባቱን አስቀመጠ እና ለየክፍል የሚቆጠር የሚልየን የዶላር ሚሊዮኖች እንደ ራያሊቲስ ይቀበል ነበር።
ቀድሞያት ቻይና መንግሥታዊ ሚዲያ አንድ አውሮፕላን ሊቆም እንደሚችል ያወረደች ነበር።
በሚቀጥለው ሪፖርት የተዘረዘረው አውሮፕላኑ በቦምብ ሊያወጣው እንደተደነገገ እና ወደ አፍጋንስታን ከተማ የካንዳሀር ተመለሰ ተብሎ ተገልጿል።
የመጀመሪያው ዘገባ አይነቱ አሰራር ተመለስ ወደ አፍጋኒስታን ከተከለከለ በኋላ በ Ürümqi ውስጥ የአስቸኳይ አግባብ መረጃ ማስረጃ እንዳልተፈቀደ ነበር።
በኢራን አየር አደጋዎች የተለመዱ ናቸው፣ ይህም ምክንያቱ ለህዝብ እና ለሠራዊት መጓጓዣ የሚጠቀሙት የትርፍ መንገዶች በጥሩ ሁኔታ አይከበሩም።
ኢንተርናሽናል የማቅለቢያ መስፈርት አዲስ አውሮፕላን መግዛትን አይፈቅድም።
በዚህ ሳምንት በመጀመሪያው፣ ፖሊስ ሄሊኮፕተር ተጋጠመ፣ ሶስት ሰዎችን ገደለ እና ሶስት ተጨማሪዎችን አቆማለት።
በዚህ ወር ኢራን በዓመታት ውስጥ ከቦታው ሁሉ የማይደምረው የአየር አደጋ በሐሰት አለፈ፣ የአሜንያ ወደሚሄድ አውሮፕላን ከፍተኛው በወደቀ ጊዜ 168 ሰዎች ሁሉ ሞቱ።
በዚያው ወር ሌላ አውሮፕላን በማሺሃድ አየር ማረፊያ ግድግዳ ውስጥ ተጋጭቶ ሰባት ዐሥር ሰዎች ሕይወታቸውን አጡ።
ኤሮስስሚት ከጠባብ ስነስርአቸው የቀረውን ኮንሰርቶቻቸውን ተሟግተዋል።
የሮክ ባንዱ ወደ አሜሪካና ካናዳ የቱሪዝም ጉዞ እስከ ሴፕቴምበር 16 እየሄደ ነው።
በዋና መዘምራን ስቲቭን ታይለር ከመድረክ ላይ በሚደረጉት ሙሉቀቁት ላይ በወደቀ ምክንያት በአግስት 5 ቀጠሉት ጉዞአቸውን ይቅር አሉ።
ሙራይ በተጨማሪ ጊዜ ውስጥ የመጀመሪያውን ጨዋታ ከፍለት ከእስክሩ በኋላ ከዚያው በሁለት ተጫዋቾች ውስጥ በእያንዳንዱ እና በሁሉም ኳስ ላይ በጨዋታ ተመሳሳይ ቁጥር ነጥቦች ሲያስደርሱ ከለከለ።
ደል ፖትሮ በሁለተኛው ሴት በመሪዎች ላይ ነበር፣ ነገር ግን ከ 6-6 ዕጣ በኋላ መተኛት አለበት።
በዚህ ጊዜ ፖትሮ እጁ አስተካክሏል እና በማገልገል ላይ መመለስ እንደሚችል ዕቅዱን አዘጋጅቶአል።
መርሐግብሩ በአካባቢያዊ ሰዓት 8፡30 አብሮ ይጀምራል፡፡ (በዓለም ሰዓት 15.00)።
በአገሩ ላይ የታወቁ ዘፈኞች የባሃጅንስ ዘፈኖች ወይም ለሽሪ ሻያም አምላክ የተገዙ ዘፈኖችን አቅርበዋል።
ዘፋኞች ሳንጁ ሻርማ በጃይ ሻንካር ቸውዳሪ ተከትሎ በቻዕፓን ቦግ ብሃጃን በዘፈን ሲጀምር፣ ራጁ ካንድልዋል ደግሞ ይተካሉ።
ከዚያ ላክኻ ሲንግ በየብሞችን (bhajans) መዘምራት አመራለት።
108 የለመድ በሆኑ በህንድና፣ የተከፈሉበት 56 የመጠጦች እና ምግብቸው፣ እንደ ፍራፍሬ፣ ሩዝ፣ የበለጠ ምግብቸው እና ሌሎች ለአማልክት የተሰጡ በባባ ሻያም ላይ ተሰጡ።
ላክኻ ሲንህ ቻፓን ቡኆን ባጃን እንዲሁም ያቀረበ ነበር። የዜማ አማኚሱ ራጁ ካንደልዋል እንደሆነ አምጥቶታል።
በአርብ ቀን በቶኪዮ ጌም ሾው ውስጥ በዋና ቃለ መጠይቅ ላይ የኒንተንዶ ፕሬዚደንት ሳቱሮ ኢዋታ የኒንተንዶ ሪቪልዩሽን የኮንሰል አዲስ መቆጣጠሪያ ዲዛይንን ገልፀዋል።
ተመሳሳይ ከቲቪ ርሞት ጋር፣ የመቆጣጠሻው በተጠቃሚው ቲቪ ቅርብ ሁኔታ ለውጥ ካለበት ሁለት ነጥብ ሰንሰር ይጠቀማል እንዲሁም ለመቀመጫው በሦስት ልዩ አቅጣጫ ትልቁ ሦስት ነጥብ ሆኖ ለመደበኛነት ይቀመጣል።
ይህ ተጫዋቾችን በተጫወቱ የቪዲዮ ጨዋታዎች ውስጥ እንቅስቃሴዎችንና እንቅስቃሴዎችን በአየር ውስጥ መንገድ በመጎተት መቆጣጠር ይፈቅዳሉ።
ጂያንካሮ ፊሲከላ ከመጀመሪያው በጥቂት ጊዜ በኋላ የመኪናውን ቁጥጥር አጣ፤ ስለዚህ ሩጫውን ማቋረጥ አለበት።
ተመሳሳይው ፈርናንዶ አሎንሶ በሁሉም የተጋሩ ጊዜ ላይ አለ፤ ነገር ግን በመኪናው ተረክቦ ሲሆን በቀኝ መኪናው የተሳሳተ መጠን የተነሳ ዝቅ እንደገባ ነው።
ማይክል ሹማከር ከአሎንሶ በስተኋላ በተጠማማ ውስጥ ሩጫውን ጨረሰ፤ እዚያውም በወቅቱ በተለያዩ ጊዜያት ስለ ደረሰበት የደህንነት ችግር ተዘጋጅቷል።
በእጅግ ጣፋጭ እና በጣም በጥሩ ድምጽ የምትዘምር መሆኗን በዜና መግለጫ አስታወቀ።
በንጹህነት ልለው ማለት እፈልጋለሁ በማየትዎቹ ሁሉ እንደተሰማኩና በእያንዳንዱ እንደተፈተንን ነበር።
3 ደቂቃዎች ከተለቀቀላቸው በኋላ፣ በአቅራቢያው ያለው ካሜራ በሙከራ ብዛት የወጡ የተርማል ፎም ከነዳጅ እንቅብ የሚሰበርበትን ይንገራል።
ነገር ግን፣ ከቀድሞው የተመለከተ አይነቱ በማሰብ የሕዝብን ተሸካሚ ተጋዳላይ ለመግፋት የሚደረግ አልነበረም።
የናሳ የህዋሶች መሪ ኤን. ዌይን ሃሌ ጁንየር የፋም በኋላ ከበረታችን በኋላ ወደቀ ይላል።
ነፋሱ ለ5 ደቂቃ ሲወድቅ ከዚያም አንድ ደቂቃ በኋላ እስከ 70 ኪሎ ሜትር በሰከንድ ደረሰ ... እና ከዚያም ዝናቡ በመንደፍ ጀመረ እና እንዲሁም እንደሚበልጥ ሲወድቅ በቆዳዎ ላይ ሲደርስ እንደሚበላሽ ይመስላል ከዚያም በሰማይ የበረዶ ጠረጴዛ በመውደቅ ይጀመሩና ሕዝቡ እየጮሁ እየጮኹ ሲሮጡ ነበር።
አርማንድ ቪርሳቼ እንዲህ ብሎ፣ “እኅቴንና የእሷን ወዳጄ አጠፋሁ፤ በመንገዴም ሁለት የእግር ማጉላት ባለ ሰዎች ነበሩ ሰዎች በላዩ ብሰለው አስጨነቁአቸው” አለ።
ኤንኤችኬ ደግሞ የካሺዋዚኪ ካሪዋ የኒዩክሌር ኃይል ፕላንት በኒጋታ ግዛት በአስፈላጊው መሠረት እየሰራ መሆኑን አስታወቀ።
የሆኩሪኩ የኤሌክትሪክ ኃይል ኩባንያው የሺካ የኑክሌር ኃይል ፕላንት ማስቆሚያ 1 እና 2 መዘጋቱ በመሬት መንቀጥቀጥ የተነሳ መሆኑን ሰበብ አልነበረም ብለዋል።
9400 መንደሮች ውሃ እና ከዚያም ወደ 100 በርቀት ኤሌክትሪክ የሌላቸው ተነገር ተወስኗል።
አንዳንድ መንገዶች ተበላሽተዋል፣ በተጎዳቸው አካባቢዎች የባቡር አገልግሎቶች ተቋረጡ፣ እና ኢሽካዋው የተራ ውስጥ ያለው ኖቶ የአየር ማረፊያ ለአገልግሎት በቀጥታ ተዘግቷል።
እንዲውል ባለቤት ግቢ የተከሰከሰ ነው።
በሁለት ሰዓታት ውስጥ በመንግስት ሕንፃ አካባቢ ሦስት ተጨማሪ ቦምቦች ፈነዱ።
አንዳንድ ዘገባዎች የሞት ቁጥርን ዘጠኝ እንደሆነ ይዘረዝራሉ ፣ በይፋ ዘገባዎች እስከ 30 ሰዎች የተጎዳጁትንም ያረጋግጣሉ ፤ ይሁን እንኳ መጨረሻው ቁጥር አሁን ገና አልታወቀም።
ሲያኑሪክ አሲድና ሜላሚን በሞቱ እንስሳት የተወሰዱ ፈሳሽ ናሙናዎች ውስጥ ከሚወሰደው የተያዘ ሥጋ በማስበላቸው ተገኝቷል።
የዩኒቨርሲቲ ምርምሪዎች እንደተናገሩት የሁለቱ ኮምፖውንድዎች በአንድ ላይ ስለሚተጋገሩ እና ስለሚያነሱ የእርግዝና አውድ ማድረግ ላይ ጉዳት ሊያደርሱ ይችላሉ።
ምርመራኞች በድመት እክል ውስጥ በመላሚንና ኑክሌይክ አሲዶችን መጨመር የተፈጠሩትን ክሪስታል አይነት ተመልክተዋል።
የእነዚህ የክርስታል ማሳያዎች አካላት ከተተጋለጡ እንስሳት ጥርሶች ጋር የሚያስማሙ ናቸው ፣ በፍላም-የሙዚቃ ኢንፍራራድ ስፒክትሮስኮፒ (FTIR) ጋር ሲነጻጸር።
እኔ አላውቅም ብዬ ነው ወይስ አውቀዋል እንጂ፣ ወደዚህ ሀገር የሚመጡት በመላው የዜናል አሜሪካ ምርቶች ከታክስ ነፃ ናቸው።
80% የእኛ ንግድ በመካከለኛው አሜሪካ ሀገራት በቀረጥ ተቀማጭል ነበር፣ የምናደርገው ለእናንተ ነው።
እኔ እንደምሰምዘው የተገባ አይመስለኝም፤ አግባብ በሙሉ አይደለም።
ምን ያለን ለሌሎች ያለን ነገር፤ እንደምንመልሳቸው ሁኑ እንደሚመልሱልን መልሱልን።
ከልፍንያ ጋብርነት አርኖልድ ስዋርዛናግር የተባለ ቀለፋንያ ገዥ አዲስ አንድ የሕግ አዋጅ እንዲፈረም ፈርሶታል፡ የሕግ አዋጁ ያለው አማራጭ ለህፃናት በሚሰጡ የቫይኦልንስ ቪዲዮ ጨዋታዎች መሸጥ ወይም መከራየት ከሚያስቀጣው ነው።
በካሊፎርኒያ ውስጥ የሚሸጡ ጎርካዊ ቪዲዮ ጨዋታዎች ከ$18 በላይ መለያየት መኖራቸው አስፈላጊ ነው፤ እና ለማጥፊያዎች መሸጥ ከተፈፀመ ለአንድ ጊዜ በተለያዩ ችግሮች ላይ $1,000 የሚደርሰው ቅጣት አለበት።
የሕዝብ የክስ ሽፍታ መሪው ኪር ስታርሜር ኤስኪዩ በዛሬ ጧት ሁኔና እና ፕራይስ ላይ ክስ እንዲጠረጠር አስታወቀ።
ሁኔ ተቀርቧል እና በሕዝብ ጠቅላይ ሚኒስትሩ ቤት በኤድ ዴቪ አቡ ተተኪሎ ይለፍልል። ኖርማን ላምብ አቡ የንግድ ሚኒስተር በዴቪ ስፍራ ለመቀየር ይጠበቃል።
ሁኔ እና ፕራይስ በፌብሩዌሪ 16 ቀን በዋስትምንስተር መጠረጠሪዎች ፍርድ ቤት ሊታይ የተመደቡ ናቸው።
25 ዓመቷ ያለው Nicholas Alden እና 21 ዓመቷ ያለው Zachary Cuddeback ተሞቱ። ከእነሱም ውስጥ Cuddeback የመኪናው አሽከርካሪ ነበር።
ኤድጋር ቪጉይላ በክንዱና በቁስለ እግሩ አቀማመጡ ተጉላለበት በሚል ጊዜ ክሪስቶፈር ስኪይድር የፊቱን መላስ ለመፈጸም ግለሰብ መሆን ይገባዋል።
የኩካ ክንዶች እንደሚያዘልቅ አይሰሩም፤ ነገር ግን አይን አንዱ ዕውር መሆኑን፣ አንድ እንደጎዶኑ በከፊል መጠፋት፣ እና ከቲቲኒየም የተሠራ ፊት በተደረገው በሰንሳይደር ጠንካራ ህመም ውስጥ እንደሚገኝ ተነገር።
ስኒድር ከየትኛውም ስፍራ የሚኖርበት ከዩኤስኤፍ የሰራዊት ቦታ የቪዲዮ ማገናኛ ሰጠው።
ከአርብ ዕለቱ ሩጫ በላይ በአንድነት በመቀመጫ የሩጫ ሁለት ዘመናት አርባብቱ በመወዳደሩ በተለይ የአባት ደረጃ በሩጫ ውስጥ ነበር።
አንደበቱ የመጀመሪያ ክስተት ስላሎም ነበር፣ በዚያም እርሱ የመጀመሪያውን ሩቅ መጨረሻ አልደረሰም። በዚያ ሩቅ ከ116 አስመዋቂዎች መካከል ቁጥር 36 ሰዎች እርሱ እና ተመሳሳይ ውጤት አገኙ።
በቀላሉ ውስጥ ሌሎች የሽልማቶች ውስጥ በየሴትን ግያንት ስልሎም ከ4:41.30 ያለ የጠንካራ ጊዜ ጋር በአስረኛ ቦታ ጨረሰች፡፡ የአውስትሪያዋ ክላውድያ ሎሚሽ በ2:11.60 ደቂቃ እየተከተላት በመጀመሪያ ክፍል የድል ተጫዋች እና ጊዮንጊ ዳኒ ከሀንጋሪ በ1:09.02 ደቂቃ በአስተኛ ቦታ የተያዘች፡፡
4 አንደበት ሲኪዮች በሴቶች ቡድን ውስጥ ተቀምጠው በውድድሩ መጨረሻ ማድረስ አልቻሉም፣ እና ከ117 አንደበት ሲኪዮች መካከል 45 በጂያንት ስላሎም ለመከላከል አልቻሉም።
በማድያ ፕራዴሽ የተሰረቁት ላፕቶፕና ስልክ በፖሊስ እንደተመለሱ ተገለጸ።
በላይ ሾመው አንቀጽ ሰባት ዲ ኬ አርያ አሉ፣ “የሚገርመውን አምስት ወንዶች ሁሉ አስይዘናል፣ የሚታወቀውን ስዊስ ሴት በመጠላት፣ ሞባይል ስልክውንና ኮምፒተሩን እንደገና አግኝተናል።"
የተጠረጠሩት ስሞች ባባ ካንጃር፣ ቡታ ካንጃር፣ ራምፕሮ ካንጃር፣ ጋዛ ካንጃር እና ቪሽኑ ካንጃር ነበሩ።
የፖሊስ ኮሚሽነር ቻንድራ ሸኬር ሶላንኪ አስተያየተ መሰረተ ክስ ሰዎች በፍርድ ቤት ከፊታቸው ተሸፍነው ገቡ።
እንኳን በመኪናው ከሰከሰበት ጊዜ በቤት ሶስት ሰዎች ነበሩ፣ ማንም ጉዳት አላደረሰባቸውም።
ነገር ግን፣ የመኪናው ሹፌር በራሱ ጭንቀት ከባድ ጉዳት ሰበር።
የአደጋው መንገዱ በአጭበርባሪ አገልግሎት ቀስተኛውን አሻሽለው ከቀይ አውዲ TT ውስጥ ያለውን ሹፌሩ ሲያስወጡ ጊዜያዊ ዝግ ተደረገ።
በመጀመሪያ በዛሬት ያርሞዝ ሆስፒታል በግሪት ያርሞዝ ተተከልክሏል።
በኋላ እሱ ወደ ካምብሪጅ ውስጥ ወደ አድንብሮክስ ሆስፒታል ተቀይሯል።
አዴኮያ ወደ ኤድንበርግ ሕዝብ ፍርድ ቤት ወደሄደች ልጅዋን ለመግደል ስታታለል ሲሆን አክሱዋ ነበር።
ከፍርድ ቤት በአስተማማኝነት እንዳለች እና ምክንያቱ ገንበር እንዳልተወሰነበት ብዙ ገደብ አልሄደም፣ ሆኖም ማንኛውም አይናቀ ምስክር ከሆነም የምስክርነት ቃሉ ከተለቀቀ በኋላ የለውጥ የለውም፡፡
በመንግስት ብዙ ክፍሎች ውስጥ ይህ መደበኛ ተግባር ነው፣ ነገር ግን እንደ ስኮትላንድ ፍትህ የተለየ ሲሆን፣ ፍርዶች የፎቶዎቹን ማስተላለፍ በጉዳት እንደሚያደርሱ ፈረደዋል።
ፕሮፌሰር ፓሜላ ፈርግሰን ከዳንዴ ዩኒቨርሲቲ በመጠቀም ጋዜጣዎች የተጠቃሚዎችን ፎቶዎችና ሌሎች ነገሮች በማቅረብ ሲሆን በደህንነት ላይ እንደሚገኙ ማስታወሻ ሰጥቷል።
የክራውን ቢሮ፣ በጠቅላላ የክስ ተከታታይ ሂደት ላይ የሚገኝ ሲሆን፣ ለጋዜጠኞች ማሳወቅ እንዲሰጠው ከክሶች ተመሰረቱ እስከሚሆን ድረስ ምንም አይናገርም።
በተሰቀለው ሰነዱ ወደ ድንበር ግጭት አቅንቷል፤ የሚለውም ፍልስጥኤም በ1967 ዓ.ም ከመካከለኛው ምስራቅ ጦርነት በፊት ያለውን ድንበር በመሠረት ሊያስተካክል እንደፈለገ ነው።
ሌሎች የተነጋገሩት ርዕሶች የኢየሩሳሌም የሚቀጥለው ሁኔታ እንደሁለቱም ሀገሮች በመሰረታዊ የአካል መንገድ ስለሚተዳደር ሁኔታ እና የጆርዳን ሸለቆ ችግር ናቸው።
እስራኤል በስምምነቱ በተሰጠ ጊዜ በተራሮች ላይ አሥር ዓመት የጦር ተዳዳሪነት ማስፈልግ ነበር በሚል ሙሉ በመጠየቅ ነበር፣ ለምሳሌ ሲል ፓለስቴይን ልዩ ስልጣኔዎች (PA) አምስት ዓመት ብቻ ለመኖር በማስተማመን ነበር።
በተፈጥሮ መቆጣጠሪያ ሙከራው ውስጥ ያሉት አደጋ መቆጣጠሪያ ኃያላን ተጨማሪ በደኅና ምክንያት ከዱር መስኖ ባለሞያዎች በሚጠቀሙበት በሚያሻሽሉበት በሙከራው ምክንያት ዝርዝርና ውጤቱን ለማረጋገጥ እንዲበረታቱ ሆናሉ።
በኔው ሰውት ዌሌስ ፓርክ ሠርቪስ (NPWS) እና በሸውቲንግ ስፖርት አስማት ኦፍ አውስትራሊያ (NSW) ኢንኪ በመተባበር የተመረጡ ተማሪዎች ከተሸውቲንግ ስፖርት አስማት የስደድ ፕሮግራም በታች ተመዝግበዋል።
በኔስፓውስ የባህል ውርስ ማስቀመጫ ዲረክተር ሚክ ኦ'ፍሊን እንደሚለው፣ በመጀመሪያው ክንውን አራት ብቁ ሃላፊዎች የሕይወት አለቃቀፍና የተቆጣጠረ መሰል ግማሽ እውቀት ተሰጧቸው።
ማርቴሊ እንደ አዲሱ የዘጠኝ አባላት ጊዜያዊ ምርጫ ምክር ቤት (ሲ.ኤ.ፒ) የተሾሙ በትልቅ እለት ተመሰከሩ።
ይህ ከአራት ዓመታት ውስጥ ማርቴሊ አምስተኛው CEP ነበረ።
በቅድመ-ወር የፕሬዚዳንት ምርጫ ኮሚሽን የCEPን ተቀባይነት እንደአንዱ ክፍል የሆኑት ለሀገር በማስመለስ ወደ አዲሱ ምርጫ መንገድ ላይ ለመቀጠል ያለውን እርምጃ አጠቃለለ።
ኮሚሽኑ ማርቴሊው በኦክቶበር ወር የጀመሩትን የስርዓት ተቃውሞ ምክንያት ለማስመለስ በመሆኑ የተፈጥሮ ነበር።
ብዙ ጊዜ የተነሱ የግፍ ሰልፎች በምርጫ ማስከበር ከተሳካ ጋር የተያያዙ ይሆናሉ፣ ይህም በ2011 አስቀድሞ ሊጠናቀቅ ይችላል።
60 ያህል የተዘገቡ አነጋገሪ አደጋ በiPods የተደረጉ እና ስድስት የእሳት አደጋዎችን አስከትሎ ብዙ ሰዎችን ጥቂት ቍጥር በእሳት አደጋ የደረሰባቸው ዘንድ አድርጎአል።
የጃፓን የኢኮኖሚ፣ የንግድና የኢንዱስትሪ ሚኒስቴር (METI) ሲል በዚህ ዓይነት መሣሪያ አንድ በሶ ሰባት አደጋዎች እንደተከሰቱ ይናገራል።
በዚህች ሳምንት ውስጥ METI አስታውቋል፣ ኦፕል 34 ተጨማሪ የሙቀት ጉዳቶችን እንዳሳወቀ ነው፤ ድርጅቱ ምንም እንኳን ገና "ሳይጠቅም" ነው የሚቆጥሩት።
የጥበቃ ሚኒስቴርም ለ Apple እንደሚዘገይው የሪፖርቱ "በጣም አይቀርብም" በማለት መልሷል።
የመሬት መንቀጥቀጡ በማሪያናስ በ7፡19 አካባቢያዊ ሰዕት (09፡19 ጡት GMT በአርብ) በተከሰከሰው ጊዜ ነው።
የሰሜናዊ ማሪያናስ የአደገኛ አስተዳደር ቢሮ ምንም ዓይነት ጉዳት በሀገሪቱ ውስጥ እንዳልተነሳ አሳወቀ።
የፓሲፊክ ጫጫታ ማስጠንቀቂያ ማዕከል በማለት ጫጫታ እንደሚከሰት ማሳያ የለም አለ።
አንድ ፊሊፒንኛ ፖሊስ በማንና ዋና ከተማው በፊሊፒንስ ውስጥ የቱሪስት አውቶቡስ ማረጋገጥ በማድረግ አንድ ቱሪስትን ማርኮ ወስዶታል።
ሮላንዶ ሜንዶዛ በታዋቂው ምንጭቱ M16 ጥፍር ጋን በቱሪስቶች ላይ በላ።
ብዙ የተዳናኝ ሰዎች አድናቆት ተጠርጠሩ እና ቢያንስ ስድስት ሰዎች ሞተው መሆናቸው ተረጋግጧል።
6 ናቸው የተማረኩት ሕፃናትና አማራጮች በየትኛውም ምክንያት ፍሊፒን ፎቶግራፈሮች እንደነበሩ በመከላከል በቅድመ ጊዜ ተፈቱ።
በኋላ በመሳሪያ የተከታተለው አንዲት ሴት ነበረ ምክንያቱም የቆጠራ መስመርን ለመጠቀም ተፈለገ። ሜንዶዛ ተገድሏል።
Liggins አባቱን ተከትሎ በመድሃኒት ዘርፍ ሥራ አገለገለ።
1959 ዓ.ም. ከሆስፒታል በአክላንድ የሀገር ሴቶች ሆስፒታል በመሠረታዊ ተፈጥሯዊ ትምህርት በማግኘት በአካባቢያዊ መዳረሻ ውስጥ ቀዶ ጠጋኝ ሆኖ እየሰራ ሄዶአል።
በሊጊንስ ሆስፒታል ሲሰራ፣ በነፃ ጊዜው በቅድመ-ወሊድ ላይ ጥናት ጀመረ።
የምርመራው ውጤት አሳይቷል በሆርሞን ለይታ በተከናወነች ጊዜ የሚያገለግሉትን የተወለደ ሕፃናት የአፋፍ ልብስ እንዲረፋ ያግዛል።
የሺንሆዋ ዜና አገልግሎት አሳይቷል፣ በወቅት የመንግስት መረጃ አጠቃላይ በአርብ ውስጥ ሁለት የአውሮፕላን አሰላል ካርቶን ገንዘቦችን እንደ ነበረ ተገኝቷል።
ላሉና አያይዘው ፈዳያ የውሃ በሉጋሎም መክፈል አለበት።
ቶሚ ድሬምር እንዲህ አለ፦ "ሉና የተወለደችው የመጀመሪያው ንግስት ነበረች፣ የተወለደችው የመጀመሪያው አስተዳዳሪዬም ነበረች። ሉና በአንድ ሌሊት ሞተች፣ የፀሐይ ሁለት ኮከቦች ለእርሷ አንድ መለኮት ያላቸው በእርሷ አብሮ በሆኑት ሁለት ጽኑዓን ሴቶች"
ደስተን “ጎልድደስት” ሩኔልስ እንዲህ ብሎ አስተያየት ሰጥቷል፣ “ሉና እንደ እኔ በጣም አታላይ ነው... ምናልባት እንኳን ይልቅ የበለጠ... እኔ ወደዚህ ይመለሱ እወዳለሁ እና እጠቅሳለሁ... በተሻለ ቦታ እንዲሄድ በፊትህ አለቃል።”
ከ2010 በፊት የተሰጠው የምርመራ ቡድን ላይ ከ1,400 ሰው ውስጥ ኦስትሪያ የሪፐብሊክ መሆንን የተቃወሙት ከ2008 ጀምሮ በ8 በመቶ ዝቅ ብለዋል።
የኮንሰርቪቲቭ ጠቅላይ ሚኒስትር ጁሊያ ጊላርድ በ2010ዎቹ በአገር ደረጃ ምርጫ ምርጫ ጊዜ አውስትራሊያ የንጉስት ኤሊዛቤት II ግዛት ከተባረረ በኋላ ድምፅ ማቅረብን እንደሚያመኘው በመናገር የአገርን ሁኔታ መወሰን አስታወቀች።
34 በመቶ ከተመዘገቡት እንዲሁም እንዲሁም የሚፈልጉት ንግሥቲት ኤሊዛቤት የሁለተኛ የአውስትራልያ የመጨረሻ ንጉሥ መሆኗን ነው።
በቅርብ ግዜ የተደረገ ምርጫ ውስጥ፣ 29 በመቶ በሙሉ የተመዘገቡት አውስትራልያ በተቻለ ወቅት ውስጥ ሪፐብሊክ መሆን ያለባት እንደሚመስል ተመልክተዋል። በሌላ በኩል ግን፣ 31 በመቶ አውስትራልያ ሪፐብሊክ መሆን አይገባትም ብለዋል።
የኦሎምፒክ ወርቅ ሜዳሊያ ተሸካሚው በ 100 እና 200 ሜትር እንዲሁም በኮምኔውሌዝ ጌምስ ላይ በሶስት ሌሎች ክስተቶች መንከራከር ሲጠበቅ ነበር፣ ነገር ግን የተቃዋሚዎቹ ተቃውሞዎች የብቃቱን ጠባቂነት አሳይተዋል።
እርሱ በመንገዱ ላይ ያለውን ህመሙን በመውጋት ለመቻል እንቅስቃሴ መስመር ላይ የተከለከሉትን መድሃኒቶች መጠቀም አልቻለም።
በየንዋሪ 25 ጥር፣ ከሳንትራል ሞዝዌክ ዩኒቨርሲቲ የሂሳብ እና የኮምፒተር ሳይንስ ፕሮፌሰር ካርቲስ ኮይፐር በታሪክ ውስጥ ከታወቁት በላይ ታላቁ የፕሪም ቁጥር ተገኝቷል።
በፌብሩዌሪ መጀመሪያ ጊዜ በተጠቀሱበት ልዩ ሀርድዌር እና ሶፍትዌር የተጠቀሱ ሰዎች በብዙ ቁጥር ሆነው ተረጋገጡ እና በሰኞ ተጋለጠ።
የኮከብ ኮከቡ ምንጭ ለውሃ ለምድር ሆኖ የፕሮቲን ማምረቻ እና ህይወትን ማገዝ የሚችሉ ንጥል አቀማመጦችን ያስገኛል።
የሳይንስ ሰዎች በየሰይፍ የሚወለዱ ፔለቲኮች እንዴት እንደተፈጠሩ ለመረዳት ተስፋ አድርጓል፣ በተለይ የምድር ሰይፋት ከሌሎች ጌላክሲዎች ጋር ከጋጡ በኋላ እንዴት እንደተፈጠሩ ለመረዳት ነው።
በዚህ ዓመት የማንዴት ቃል የሰጠው 53 ዓመት ያለው Cuomo በዚህ ወር የተመሳሳይ ፆታ ጋብቻን ለማቀበል የሕግ ስነስርዓትን ተፈሪሞታል።
"የፖለቲካ ንግግር እና ማስታወሻ" ሲል ሲያስገባው ውሸቶችን አስቀምጧል።
በ2016 በሚቀጥለው ዓመት በሥራው ላይ እንደሚቀመጥ ተጠበቅ።
ነክስጅን የFAA በሚንቀሳቀሱት ስርዓት ሲሆን አውሮፕላኖች በአጭር መንገዶች እንዲበሩ እና በየዓመቱ ሚሊዮኖች የጋሎን የነዳጅ መዳን እንዲያደርጉ እና የካቦን መላኪያውን ያሳክቃል።
ከመሬት ላይ የሚያስተላልፉትን የራዳር ቴክኒክ ሲከፈት በሳተላይት ቴክኒክ ይጠቀሙበታል ይህም የአየር መንገድ ቁጥጥር ኃይሎች የአየር ላይ መኪናዎችን ከተለያዩ አይነቶች በማወቅ በአግባብ የተረጋገጡ መረጃዎችን ለወዳጆች ሊሰጡ ይችላሉ።
በወምበሌ ውስጥ ተጨማሪ ልዩ መጓጓዣ የለም እና የእርሻ ባቡሩ ያለ ማቆሚያ ይሄዳል፤ የሕዝብ መኪና ፓርክና መስቀል ቦታዎችም በእርሻ ላይ አይገኙም።
በመጓዝ ልክ ስሜት በመጡመት የተፈጠረ ፍርሃት ምክንያት ሆኖ ይታወቃል መሽሎቹ በተዘጉ ስፍራዎች ካልሆነ ከአንድ የላይኛ ቡድን ድጋፍ ሳይኖራቸው የሚያገለግሉ ሆነዋል።
አንድ አዲስ የወፍ ዓይነት በጋላፓጎስ ደሴት እንደተወለደ በአርብዓት በሳይንስ ጋዜጣ የተወሰነ የምርምር ስነ-ሰርግ ነው።
የምርምር ቡድኖች ከፕሪንሰተን ዩኒቨርሲቲ በአሜሪካና ከአፓሳላ ዩኒቨርሲቲ በስዊድን የወይራ ዘር በሁለት ትውልድ ብቻ እንደተለወጠ አወቁ። ይህ ሂደት በዘመናዊ ነዳጅ፣ ካስተዋጊሳ አሻራ ዘርና በኮኒሮስትሪስ ጆስፒዛ በመካፈል የበለጠ ጊዜ ሊወስድ ያስተሰማማል።
ወርቅ በሁሉም ዓይነት አቀማመጥ ሊጠቀም ይችላል። እርሱ ወደ ትንሽ አቀማመጦች እንዲወደቅ ሊሠራ ይችላል።
በማንኛውም አባባል ሊዘረዝር ይችላል፤ የተዘጋብና የተጎናጸፈ መሆኑንም ይችላል እና በመድሀኒት ወይም በወረቀት መለወጡንም ይችላል።
ሊወሰንና ከሌሎች ሜታሎች ጋር ሊያገናኝ ይችላል። እንደገና በመስበር በተብለው "በብርሃን የተጻፉ መጽሐፍት" በተባለው መጽሐፍ ውስጥ የተቀረጸ ይሆናል።
የኬሚካል የpH ዋጋ ተብሎ ይጠራል። ይህን ዋጋ በቀይ ክሎቨር ውሃ መጠን ይቻላል።
ውሃው በአልካሊነዊነቱ (alkalinity) መሠረት ከተለያዩ የሆኑ ቀለሞች ይቀየራል።
የpH ደረጃው በተመለከተው ኬሚካል የውሃ አይኦንን (በpH ውስጥ ያለው የH) ብዛት በመለካት ይመለከታል።
የሃይድሮጂን አየን የፕሮቲን አይነት ናቸው በሚወስዱት ኤሌክትሮኖቻቸው (ሃይድሮጂን አቶሞ በአንድ ፕሮቶን እና በአንድ ኤሌክትሮን የተፈጥሮ ስለሆነ)።
ሁለቱን የእንጀራ ምርቶችን ተዋጠኙና ከዚያ እጆችዎን በመጠቀም ወደ ኳስ ተለውጦ አስጠንቀቁት።
በእጅዎ ውስጥ ያለው ንፍስት ከውጭው ብርሃን ጋር ይፈጥራል፣ በአንድ ዓይነት የውጭ ብርሃን ይፈጠር የሚችል ይህንም እንደ አንዳች አዲስ እና አስፈላጊ ይሰማል።
በከተሞቹ ሃራፓና ሞሄንጆ ዳሮ በነበሩ ቤቶች በሁሉም ስፍራ የሚፈልቅ ውሃ ነበር፤ እነዚህም ቤቶች በተሞላ የመጥፎ ውሃ ስርዓት ጋር ተገናኙ ነበር።
በግሪክ የሚገኙ የሚኖዓን ከተሞች አንዳንዶቹ በክሬት እና ሳንቶሪኒ ውስጥ ያሉ ቤቶች ከውሃ ጥራት ሥርዓቶች የተፈረሱ ጉዳቶች ተገኝተዋል።
የጥንታዊ ግብፃውያን፣ ፐርሺያንና ቻይናዊ ባትሆችም አሉ። በሮማዊ ጊዜያት ባት በጊዜያዊው መውለጃ ክፍል ከሆነ በእነዚህ ባትሆች ውስጥ ወንዶችና ሴቶች በአንድነት ይጠቀሙባቸው ነበር።
ስንዝር ብዙ ሜትሮች በርቀት ላለው ሰው ስትደውሉ፣ ይህ እንደ ሳታላይት እንደምትጠቀሙ ያሳያል።
በአካባቢው ያሉ ከተሞች የሚላኩትን ስምልክ ይቀበሉና ወደታች በፍጥነት ይመልሱታል።
ብረት በሞግዚት ላይ ወደ አካላዊ ቦታ ይላካል፤ ሳይንስተኞች እነዚህን በሞገዚት ላይ ባለው ቴሌስኮጵ ለማስተዋወቅ ይጠቀሙላቸዋል። ምክንያቱም የምድር የአየር አቀጣጠር በሚያገዙ ብርሃን እና ዕይታችን የሚያገዙትን አንዳንዶቹ ይወግድላቸዋል።
100 እግር የሚበልጥ ከሆነ ከባድ መለኪያ የሚያስፈልግ ይሆናል ሳተላይት ወይም የሰማይ ዓይን ወደ አካል ለመላክ።
ኮረናው በእውነተኛው አስደናቂ መንገድ አለምን ለማስተለወጥ በረድ እና በቀላልነት መጓጓዣን በማበረታታት በብዛት አረፍተን ይረዳናል።
ብዙ ባቡሮች፣ መኪናዎችና ሌሎች የትራንስፖርት ዓይነቶች አመጡልን።
በኋላ መጠን በአካባቢያቸው መካከለኛ የሆኑ የባሕር አንበሳዎች መጡ ፣ እነሱም ከቆዳ እስከ እግር ባለው ስፋት መካከለኛ የሆኑትን የአሳ ቅርጽ በመብላት በአካባቢያቸው ነበሩ።
በመጨረሻም ብዙ አነስተኛ የእንስሳት ዓይነቶች (የተጠፉ የቤት ፍየሎችን ጨምሮ) ከታነሷ የተለያዩ አይነት ነካቶችን በብዛት ይበላሉ፤ ምሳሌ፤ ትንኝሻዎች፣ እባቦች፣ ሳሙናዎች እና የተለያዩ ወፎችን ይጨምራል።
የሚሳካቸው ሚስጥር የቆን አመለካከት ነው፣ የተለያዩ የድምፃዊው ብጤት አማራጮችን የሚመለከት የተለያዩ የቆን አይነቶች ነው።
አንበሳ አንድ ማኅበረሰብ አውሬ ነው፤ በትልቅ ቡድን የሚኖር ሲሆን በትልቅ ቡድን የሚኖር ተብሎ አንበሳ መንጋ በመጠራት ይታወቃል።
ብልጽግና በተዛማጅ ከአንድ እስከ ሶስት ጾታዎች ሊከፈል ይችላል፤ እናትና ልጅ ጾታዎች ይጨመርባቸዋል እንዲሁም እስከ ሶስት ሺህ ሌሎች ይቀጥሉባቸዋል።
ሴቶች በተለይ በትልቅ ወንድማቸውና ልጃቸው ቤተሰብ ውስጥ እርስ በርሳቸው በጣም ቅርብ ይሆናሉ።
እንደ አምባገነና ወይም ግድያ የአንበሳ አ
እባብ በአጠቃላይ ብቃት የተሞላ አታሌት ይመስላል፣ ሊዘልል (ምንም ሆኖ በቀጥታ መቀመጥ አይችልም) ፣ ሊያበረታታ ፣ ሩቅ ሊዘለል እና ከሰው አምስት ጊዜ የሚበልጥ የማዕከላዊ ሃይል ያለው ነው።
ፓናትሮች (Panthers) ከአንበሳዎች፣ ነብሮች እና ሌዮፓርዶች ጋር በአንድ ቡድን (Genus Panthera) ውስጥ ይገኛሉ። የፓናትሮች የሚያዝኑት አራት አይነት እንስሳት ሁሉም ለመዘፈን ኃላፊነታቸው አለ።
የዚያን ድምፅ እንደ አርፍስቶክ ወይም መለከት ተጫዋቾች ወይም የመሳሰሉት አይመስልም ነገር ግን በቋንቋዎች የሚናገሩ ሰዎች ነው።
የዱር ፍየል አነስተኛ እንስሳትን ይወዳሉ። አንበሶች፣ ምንቁዋይዎች፣ አይጥ እና ወፎችን ሊይዙ ቢችሉ ይይዛሉ። የዱር ፍየሎች የሚሰድዱ እንስሳቶች ሁሉ በመላቸው ከእነሱ ትንሽ እንስሳቶች ናቸው።
ታዋቂዎቹ የሳይንስ ሰዎች ይመስላቸዋል ሽርክ በሽም በመከታተል እና በመሻት በመሬት ላይ የነበሩትን አካባቢዎች መያዝ ምግብን ይሰሳል።
በጨለማ የሚታይ ከፍተኛው የሌሊት ማየት እና በዝምታ የሚንቀሳቀሱ ናቸው። ኦሴሎትስ በአካባቢያቸው ሊዋስው ከቻሉ በኋላ በዝምታ አምላካቸው ላይ ይዘላለፋሉ።
ከተናጠለ ህዝብ ጋር ለተለያዩ ተቋማት የሆኑ የህይወት ተከታታዮች ትንሽ ቡድኖች በተለያዩ እርሻዎች (እንደ ዳም ወይም ወንዝ በታች ከተሰደዱ ወይም ወደ አዲስ ደሴት ከተሰደዱ እና እንደ ፊት እንዳይመለሱ ከሆነ)፣ እነሱ በሚኖሩበት በተለየ መንገድ ከፊት እንዳሉበት በተለይ አገባብ ላይ ይገኛሉ።
ይህ አዲስ አከባቢ ልዩ አማራጮችና ልዩ ተወዳዳሪዎች አሉት፣ ስለዚህ አዲሱ ሕዝብ በከፍተኛ የመዋጋት ችሎታ ለመሆን የተለያዩ ባሕሪያት ወይም ቅንጅቶች ያስፈልጋቸዋል ከዚህ በፊት ካለው ይልቅ።
የቀድሞው ሕዝብ ቁጥር ያልተለወጠ ቢሆንም፣ የሚያስፈልጋቸው ለመገበት እያለ፣ እነሱ እንደድሮ ሊቀየሩ ይገባቸዋል።
ጊዜ እየሄደ እና አዲስ ሕዝቦች ወደ አዲስ የአካባቢ መቀመጫቸው እየተለመዱ እየሄዱ ሲሆን፣ ከሌሎች ሕዝቦች ይልቅ እየተለዩ እየሄዱ ነበር።
በመጨረሻም፣ ከሺዎች ወይም እንኳ ከሚሊዮን ዓመታት በኋላ፣ ሁለቱ ህዝቦች እጅግ ተለያይ ባሕሪያት ይኖራቸዋል እንደነዚህም አይችሉም እንዲያወያዩበት።
ይህን ሂደት "ቅንጣት" ብለን እንጠራለን፤ ምንም አይነት ተከላካይ የሆኑ አይነቶችን መፍጠር ያሰጠው ማለት ነው። ቅንጣት አይሽረው የሚመጣው ማለትም በልዩነት የበለጠ ክፍል ነው።
ተክሎች ለሰው ልጆች ለመተንፈስ ኦክዘግን ይፈጥራሉ እና የሰው ልጆች ያውጭዋሉትን ካርቦን ዲኦክሳይድ ይወስዳሉ (ማለትም ያውጭዋሉ)።
ተክሎች ከፀሓይ በብርሃኑ ማመንዘባቸው አብሮ ምግብን ያሰራሉ። እነሱም ደግሞ ሣር ያሰራሉ።
እኛ ቤታችንን ከተክላዎች ጋር እናሠራለን፣ ልብሳችንን ከዛፎች ጋር እናደርጋለን፣ የተሻለውን የምግብ እድል ከተክላዎች ጋር እንመገባለን፣ ስለዚህ እንስሳት ያለ ተክላዎች መኖር አይችሉም።
ሙዚሳዱሬስ በዘመኑ በጣም በዝተው ሽያጭ አጋር ነበር ስለዚህ ከሌሎች ትልቅ ሙዚሳዱሬስ በቀር ከምንም አይፈራም።.
በረድቤቱ በላይ ከ70 በላይ የተጨመሩ ጥርዶችና በአፏ ላይ የተለየ የጥርስ ስብስብ አለው፣ ማለት ወደ መንገዱ ሲገባ ማመልጫት የለውም።
በእውነት አናውቅም ነገር ግን የተረፈው ሊሆን ይችላል። እስክትንፋሱ በአይላቸው፣ በታላቅ ዓሳዎች፣ በእንስሳት እና በሰው ላይ የሚተርፍ ነው።
በውሃ ውስጥ የሚገባ ማንኛውም ነገር ይወጋል፤ እንኳን ት. ሬክስን በእኩል የሚገናኘው ታላላቅ ዲኖሳውሮችም አይችሉም።
በተለምዶው የብሉይ አድርጎ የሚበሉት የሚወዷቸው የሮማውያን ምግብ አይነቶች የእኛን የሚመስሉ ናቸው። ነገር ግን በዘመናዊ ወይም በማኅበራዊ በዓላት ላይ የሚበሉ የተለያዩ ዓይነቶች እንደ ዱካ ዱሪ፣ ቀበሮ፣ ማርኮስ እና ዶርሞውስ የተባለ የአንጋፋ አይነት ይኖሩባቸዋል።
ሌላ ተለይታ የሚገኘው ችግረኞች እና ሴቶች ምግቡን በደረጃ ላይ እያቀረቡ እየበሉ ነው እና ሀብታሞች ብዛት ያላቸው ስምምነት በአብሮነት እየተቀመጡ በማዕዱ አጠገብ ከምርጥ ወንበር ጋር ይበሉታል።
ባለጊዜው የሮማ የመመለስ ምግብ በአሜሪካዎች ወይም በአውሮፓ የአዛውንት ዘመን ከአዚያ ወደዚህ የሚወሰዱ ምግቦች ውስጥ አልተጨመረም።
ለምሳሌ፦ እነሱ በየበረሃው የተዋበ ቅርንጫፍ፣ ላሞን፣ የፍራንሳይ ሰዎች፣ ፍየል እና የቀድሞ የሮማ ሰዎች እንዳልበሉ ዶሮ የሉም።
የባቢሎናውያን አማራጮች የአማልክቶቻቸውን ቤቶች ለእያንዳንዱ አማልክት አንገብጥለው እንደነበር ተባለ።
ሰዎች ወደ አማልክቶች የሚያመጡትን መሥዋዕቶች ካህናቱ በልብስና በበዓላት በማካሄድ ልመናቸውን ይፈጽሙ ይሆናል።
የቤተ መቅደሱ የውስጥ አደባባይ ተዘጋጅቶ የነበረው ቅድስት የቅዱሳን የቅዱሳን በሆነ ቦታ ነበር፣ የካህናት ብቻ ይገቡበት የነበረው።
በጊዜያዊ ጠንቅቅ ውስጥ የሚገኙ ዘጉራት ተብለው የሚጠሩት አንዳንድ ታላላቅ ማስከበሪያዎች እንደ መቅደስ ክፍል ይሠሩበታል።
በግንባሩ ላይ የሚገኘው አካባቢ ለአማልክቶች ፍትሃዊ መጠጊያ ነበር።
በየመካከለኛው ምዕራብ የሚገኘው በሞቃት የአየር ንብረት ውስጥ ቤት እጅግ አስፈላጊ አይደለም።
የዕብራይስጥ ቤተሰብ ለምዕያው ከብዙዎቹ ሕይወት በምድረ በዳ ውስጥ ተዘጋጅቷል።
ሴቶች ምግብ በመንገድ ላይ ይጋግሩ፤ ገበያዎች እንደ ወደ መንገዱ የተመለከቱ ጠረጴዛዎች ተከፈቱ፤ ድንጋይዎች ለቤቶች ማሠራት ተጠቀሙ።
በካናን ውስጥ ከፍተኛ የሆኑ የዛፎች ዱር አልነበሩም፤ እንደዚህ ሆኖ የእንጨት ዋጋ እጅግ ከፍተኛ ነበር።
ግሪንላንድ በተበታች መልኩ ተቀመጠ። በኖርስ አማልክት ትምህርት ውስጥ ኤሪክ የሚባል ቀይ ከአይስላንድ ከግድያ በመፈንቅለት ወጥቶ በምዕራብ ከተጓዘበት ጉዞ ጋር ግሪንላንድን ለመጀመርያ ጊዜ አግኝቶ የተሰኘው የግሪንላንድ ስም ከእርሱ የመጣ ነው።
ነገር ግን የእርሱን ውጤት በመንጠቅ የኤስኪሞች በዚያን ጊዜ በዚያው በሰላም ሕይወታቸውን እያኖሩ መሆናቸውን ታያለህ።
በሁሉም አገር ውስጥ እንደሚኖሩት ስካንዲናቪያውያን ሲኖሩም የሰዎች፣ ነገሥታት፣ ባህሎች እና የታሪክ መስኮት በዴንማርክ፣ ስዊድን፣ ኖርዌይና ኢስላንድ መካከል ብዙ ልዩነቶች አሉ።
በብሄራዊ ባሕር አይነት ካጠቀሱ፣ እንደሚመስል ባሕር ካርታው በዲክላሬሽን ኦፍ ኢንዴፐንደንስ ኋላ በተጻፈ ይሆናል ሊጠበቁ ይችላሉ።
ነገር ግን ይህ እውነት አይደለም። የሚነገርውን የሚከተለው ምንም እንኳን በሰነዱ ኋላ ብቻ ጻፍነዋል ሆኖም አይነቱ ካርታ አይደለም።
በማወቅ ላይ የተጻፉት ቃላት “የነጻነት አዋጅ አስቀድሞው የተዘጋጅተው በሁለተኛው ወር 4, 1776 ነበር” ናቸው። የጽሑፉ አስተናጋጅ በሰነዱ ድንገተኛ ገጽ አጭር ይገኛል።
፹፱ ¾ ኢንች በ ፳፬ ½ ኢንች የሚቆጠሩ በትልቅ ቦርድ ላይ የተጻፉ ሰነዶች በማከማቸት ለማጠራቀም በተጠቀሙ እንደነበረ ታውቃል።
ስለዚህ፣ አማራጮቹ እንደ ምልክት ምልክቶች በምስል ላይ ተጨመሩ የሚሆን ነው።
ዲ-ዲ ቀን መረጃው እና የቀጥሎ የተከተሉት ጦርነቶች የፈረንሳይን ሰሜናዊውን ክፍል ነጻ አደረጉ፣ ግን ደቡባዊው ክፍል እንደገና ባለምርምር እንዳልሆነ ቀረ።
1940 ዓ.ም. ከደርሷ የጀርመን ጦር ጋር የሰላም ስምምነት የገባ፣ በመግቢያው ከመዋጋት ይልቅ የሚያጋሩ በፊችይ የፈረንሳይ መንግስት በመቆጣጠሩ ነበር።
በ1940 በኦገስት 15 ቀን ምንቸው አላይ አባላት የደቡብ ፈረንሳይን በወርደው በመውረስ ወደምትባል “የድራጎን ስራ” ተግባራቸውን ጀመሩ።
የአሜሪካ እና የነጻ ፈረንሳይ ኃይሎች የፈረንሳይን ደቡብ ይፈቱ ዘንድ ተዋጉ እና በሁለት ሳምንት ውስጥ በጀርመን ላይ ተመለሱ።
አርት በመካተት የሚኖሩና በአንድነት የሚሠሩ ብዙ ሰዎች በሚጋለጡት ባህል አንድ አካባቢ ውስጥ አንድ ነው።
የተለያዩ ባህላዊ ደረጃዎችን በማስመለክት ሲተለይት፣ ቃሉ ትርጓሜ ከላቲን ቋንቋ ከ "ሴቪሊስ" ቃል የተገኘ፣ የሚለው በርካታ ማለት ሲሆን ይህንን ቃል ከ "ሲቪስ" ቃል ተዛመደ በመሆኑ የከተማ ወይም የከተማ-መንግስት ማለት ሲሆን ይህ ደግሞ የማኅበሩን መጠን ይገልጻል።
የአገር-ከተማ የሕዝብ የቀድሞ አባቶች ናቸው። የከተማው ባህል ዕውቀትን በትውልዶች በማስተላለፍ የሚቀጥለው እና ረዥም ጊዜ የተሰፋ ባህላዊ ወርሳዊነት ነው።
በውጭብሎች የትንታኔ መልክዎች በጎዳታ የጽሑፍ ምስክርነት በመጥፋት ብዙ ጊዜ ያልተታወቁ የተለያዩ የተፃፈው ቅርጸት ያልተቀበሉ ይሆናሉ።
በነጻነት ጦርነት ጊዜ አሥራ ሦስቱ መንግስታት በመጀመሪያ የጋራ መንግስት በማስተካከል የአንድ ብቻ ባለቤት የኮንግረስ ሲሆን በውስጡ አባልነት የነበረው የሕብረት አንድነት አንድ የማይበረታታ ማስተዳደር በተቀመጠ ነበር እንደ አይነቱ አስተማረናቸው።
ኮንግሬስ በግብር ማሰባሰብ አለመተዳደሩ እና አስተዳደር ወይም ብሔራዊ ሥልጣን አለመኖሩ ምክንያት በመሆኑ በመንግሥታት መንግሥት ላይ ይተዳደራል፣ እነርሱም ብዙ ጊዜ ለሕጎቹ ማስከበር አይተባበሩም።
ማንም በግምት የሚያጠፋ ወይም የግብርና ሕጎችን ወይም ከአንድ አገር ወደ ሌላ የሚለውጡ ቅጣቶችን ሥልጣን የለውም።
የሕግ ማሻሻያው ከሁሉም ግዛቶች አንድምንነት በማግኘት በፊት ተሻሽሎ ሊሆን ይችላል፤ ስለዚህ ግዛቶች ስለ ተወካዮቻቸው ብዙውን ጊዜ አይገኙም በሚለው ምክንያት ለፌዴራል መንግሥት ማስተዋወት አይችሉም።
የጣሊያን ብሄራዊ የእግር ኳስ ቡድን ከጀርመን ብሄራዊ የእግር ኳስ ቡድን ጋር በዓለም ሁለተኛ በተሳካ የእግር ኳስ ቡድን የሚቆጠርና በ2006 የፊፋ የአለም ኳስ ቻምፒየንስይፕም አሳይቶ ያለው ነው።
ተዋዋቂ የሆኑ የስፖርት አይነቶች የእግር ኳስ፣ የበረታ ኳስ፣ ባለይነት ኳስ፣ የውሃ ፖሎ፣ የቆሻሻ መጫወቻ፣ ሩግቢ፣ የአሽከርካሪ ሩጫ፣ የበረዶ ስክትዌትንግ፣ የኮረብታ ስክትዌትንግ እና የF1 የአሽከርካሪ ሩጫ ናቸው።
የክረምት ስፖርቶች በሰሜን እጅግ አስተዋዮች ስለሆኑ ኢትዮጵያውያን ከዚህ ውስጥ በዓለም አቀፍ ተጫዋቾች እና የኦሊምፒክ ጨዋታዎች ውስጥ ያቀላቀሉት ናቸው።
ጃፓን ከ7,000 ደሴቶች አለው (በዓላማው የትልቁ ሆንሹ ነው)፣ ስለሆነም የሰባተኛው በዓለም በደሴቶች ቍጥር በርዝማኔ ወጥመድ ሀገር ነው!
በደሴቶች ክልሉ ምክንያት ጃፓን ብዙውን ጊዜ በጎበኛዊቷ ቀለበት እንደ “ደሴቶች ማኅበር” ትታወቃለች።
ታይዋን የሚመለስ ታሪክ እስከ 15ኛው ክፍለ ዘመን ይመለሳል፣ በዚያን ጊዜ የአውሮፓ መርከበኞች ከበሩበት በኋላ እንደ Ilha Formosa ወይም የተዋበ ደሴት አስቀምጠው ነበር።
በ1624 ዓ.ም. የምሥራቅ ህንድ ኩነታት በደቡብ ምዕራብ ታይዋን ላይ ባስተሰሰለው የሚገኘው አባባስ ውስጥ አዲስ የሩዝ ፍሬ አበባ አቀነባበረ፣ ቻይናውያን ሠራተኞችን በለያዩ የሩዝ እና ስኳር አበባዎች ለማሠራት በተቀጠረው ሥራ ውስጥ አቀረበ።
በ1683፣ በቄን ሥርዓት (1644-1912) ሀይሎች የታይዋን ምዕራብና ሰሜን ባሕር ዳርቻ ማግኘት ተቻለላቸው እና በ1885 ታይዋን አንድ ከቄን ኢምፐርያ አካባቢ አወጣጡ።
በ1895፣ በመጀመሪያው ሲኖ-ጃፓንዝ ጦርነት (1894-1895) ላይ ከማሸነፉ በኋላ፣ የቂንግ መንግሥት የሺሞኖሴኪ ውል ተፈራረመ በነዚህ ከጃፓን ቴይዋንን አሳልፎ ሰጠ የትምህርቱን ደሴት እስከ1945 ድረስ መንግሥታዊ ሥልጣን አለቀመው።
Machu Picchu በተባለው የኢንቲሁዋታና መቅደስ፣ የፀሐይ መቅደስ እና በድርቅ መኖሪያ የተባሉ ሦስት ዋና ሕንጻዎች ይወላጃል።
በብዙው የግንባታ ስፍራ ሕንጻዎች አዲስ ሆነው በመገንባት ተጎበኞች እንዴት ተፈጠሩ በመመልከት ሊያውቁ ይችላሉ።
1976 ጀምሮ ማቱ ፒቹን በመላው በአንድ ሦስት ባለው መጠን ማስተካከል ተሳካ፣ እና እስከ ዛሬ ድረስ የመለወጥ ሥራው ቀጥሎ በሄደ ነበር።
ለምሳሌ በዓለም ውስጥ እጅግ ተለመደ የፎቶግራፊ ቅርፀት የ 35 ሚሜ ቅርፀት ነው፣ ይሄም በየመጨረሻው የፊልም ጊዜ ይታወቅ የነበረ የካሜራ አካባቢ ነው።
ዛሬም በማሠሪያ ላይ ይገኛል፣ ነገር ግን በተልዕኮ የተወረሰውን የዲጂታል ካሜራው ፊርማ የፎቶ ቅርጸት አስፈላጊ ነው።
35ሚሜ ቅርፀት ውኑ ቅርፀቱ ሲሆን፣ በጣም ደግሞ በ 36 ሚሜ አርዝናና በ 24 ሚሜ ቁመት ጋር በመጣል ተቀላቅሎ ይታወሳል።
የዚህ የተለያዩ ምርመራዎች (እንዲያገኙ በቀላሉ የተለየ አይነት ቁጥር በሆነው አሥራ ሁለት ላይ ለመያዝ) በእንደዚሁ የተባለ ሁኔታ 3:2 እንደሚሆን ተነገረ።
ብዙ ዝርያዎች (ምሳሌ ሆነ የ APS ዝርያ) ለዚህ የአካል አራዊት ግድግዳ እጅግ ቅርብ ወይም አንድ ያሉ።
የሦስት ደረጃ ህግ፣ ብዙውን ጊዜ የሚሳተፍ እና ተዘንግ የሚቀር ህግ ነው ፣ በማስተካከያ ላይ ጉልበትን ማከል እየጠበቀ የሚሳል ቀለል ነው።
በምስሉ ውስጥ ዋናው ነገር እንዲኖር በተመረጠ ቦታዎች ላይ መኖሩ እንደሚገባ ይገልጻል ፣ እንዲሁም ምስሉን በአግድም እና በቁጥቋጦ የሚከፍል መስመር መካተት እና በምሳሌ ይታያል።
በዚህ የአውሮፓ ታሪክ ወቅት ውስጥ፣ የካቶሊክ ቤተ ክርስቲያን እንደ ባለ ብዙ ሀብት እና ሥልጣን ቦታ ሆኖ አስተናግዷ ነበር።
ሺህ አመት በላይ የክርስትያንነት ያለው በየቋንቋና በየወገኑ ልዩነት የአውሮፓን ህዝቦች በአንድነት ለመሆን ያግዛቸዋል።
አንድ ግን ለሁሉም አሳዛኝ ሀይል ነበረ ከነገሥታት እስከ አገልጋዮች ድረስ ሁሉንም በማጥናት ያስገርማቸው ነበር።
ከክርስትና የተነሳ አንዱ ከተለያዩ የሃይማኖት ተምሳሌቶች ሀብት ለመከራከርና ድሃነት ለመቀነስ መጠቀም እንደሚገባ መመሪያ ነው። ስለዚህ የቤተክርስቲያን የገንዘብ መሰረቶች ለዚህ ተልከተኛ ምክንያት ተዘጋጁ።
ለብዙ ሺህ ዓመታት የቤተ ክርስቲያን መካከለኛ ሥልጣን በሮም ነበር፣ እና የሥልጣን መንገድ የእስማማት እና ገንዘብ እንዲሁም ብዙዎችን ይህን አነጋገር መገንዘብ አስመልክቶ ሊጠይቁ እንደሚችሉ አድርጎታል።
በግጭቱ ከተነሳ ከጥቂት ጊዜ በኋላ፣ የብሪታኒያውያን የጀርመን የባሕር ምክር ማውጫዎችን መጥረቅ ጀመሩ።
የተከበረው የአለም ሕግ በብዙ የአለም ግብአቶች በተጸረፈ ሁኔታ፣ የሚስካለው የሠራዊት እና የሕዝብ እርዳታ ማቋረጥ በመንገድ ላይ የተቆለፈው ዕቅድ በሁለቱ ክፍሎች በአለም ሕግ የተሻሻለ መሆኑን በማሰብ ነው።
ዩኬ የአለም ውሃዎችን የነዳጄ ለመከላከል በመጥቀም፣ የአገዛዝ መርከቦች ወደ ባሕር ውስጥ በገቡ ጊዜ አደገ ነገሮችን እንዲያጠፉ የሚያደርግ ሁሉንም ክፍሎች መከላከል እንደሚያደርግ ነበር።
ምክንያቱም እንደዚህ ዐይነቱ አለንበት መልስ በተቸገረ ምክንያት፣ የጀርመን አለም ለይሁዳዊያን እንደማስቸገር የመታሸያ መርከብ ሰልፍ አብሮ መልስ ያስተማሩ ነበር።
በ1920ዎቹ ዘመን በብዙዎቹ ህዝቦችና አገራት ዘንድ የገዛ አስተሳሰብ የሆነው ሰላም እና ፈርቅ ነበር።
ከዓለም አሠሪ ሃይማኖት አንዱ በመመልከት የሰራዊት ግፍና በደል የተሞላበትን እንደተመለከቱ ብዙ ሃገራት ወደፊት እንደዚህ ሁኔታ እንዳይመጡ ማከለከል አሻንፉ።
በ1884 ዓ.ም. ቴስላ ወደ አሜሪካው አስተዳደር ሄደ፣ በኒውዮርክ ከኤድሰን ኮምፓኒ ጋር ለመስራት።
4 ካኖች ብቻ ከራሱ ጋር ወደ አሜሪካ መጣ፣ የሸረ ሳህል መጽሐፍና ቻርስ ባችለር (የቀድመው ሥራው አስተዳዳሪ) የሰጠው የምስክር ደብዳቤ ነበሩት፣ ለቶማስ ኤድዚን የቀረበው።
ባለጊዜያዊ ቻይና በዘመናት የተለየ በማሳየት በእያንዳንዱ የቻይና እድሜ ወይም በእያንዳንዱ የሚገዛ ቤተሰብ የተከበረ ሥልጣን ነበር።
ተጨማሪም፣ በእያንዳንዱ ሥልጣን መካከል ያለው የተከፋፈለ ዘመን በተከፋፈሉ ክልሎች ላይ ነበር። ከነዚህ መካከል እጅግ የታወቀው የሦስት ንግሥታት ዘመን በሃን እና ጅን ሥልጣናት መካከል ለ60 ዓመታት ነው የተፈጠረው።
በዚህ ጊዜ ውስጥ በብዙ ከፍተኛ ነገሥታት መካከል በአለቃነት ለማወጣት ጠንካራ ጦርነቶች ተደርገዋል።
የሦስት መንግሥታት ዘመን አንዱ ከቀድሞው የቻይና ታሪክ በደም የተሞላ ዘመናት አንዱ ነበረ። ብዙ ሰዎች በከፍተኛው ዙፋን በዝናኑ የኢምፐርያዊት ክስተት ውስጥ ለመንገሣቸው ተዋጊዎች በሲያን መንግሥት ላይ ሞቱ።
በማንበብ እና በፖለቲካዊ በመሆኑ ብዙ ማስተዋል አለ፦ ቁጥር ስርዓትን በመጠቀም፣ ከስለታዊ አለምነት ወደ ዲሞክራሲ መቀየር፣ ብሔራዊነት እና ሃገሩ ለሕዝቡ እንደሆነ እንጂ ለአንዱ ሰው አይሆንም በመከራከር።
እና ከሙያዊ አሻራ ትርፍ በኋላ ይህ ለአይነቱ የሚደፍሩ እና በሙያዊ ልምምድ የሚሳካው ወንዶች ሁሉ እድል ነበረው ተናገሩ።
ይህ ለመከላከያ ብዛትም እኩል ነው፣ ምክንያቱም ከተለያዩ ክፍሎች ምክንያት ጋር የመከላከያ ኃይልን ስለማያደርጉ አሁን የተቻለነት መሠረት በማደርግ ይመደባሉ።
የፈረንሳይ አብዮት ለሌሎች ሀገራት ለታሰቃየው አገልጋይ ክፍል እየተሳታፊ ለመሆን ምክንያት ሆኗል።
ሙሀመድ በዚህ ዓለም ላይ ከሚፈጸሙ ነገሮች በላይ በሚፈጠሩ ነገሮች በጥልቅ ተስማሚነት ነበረ። እርሱ በተደጋጋሚ ወደተብሎ ሄራ ኮረብታ በመሄድ በኖር ተራራ ላይ በብርሃን ለማዳረስ ይሄድ ነበር።
ብቻውን ወደ ሐውልቱ ገባ እና ሰውን አጠገበው፣ በዚህ ጊዜ የሙሃመድ መንፈሳዊ አመለካከቶች የተደለዘበት ፎቶ በተረጋገጠ ሁኔታ ተሰጠት።
በመካ ከተማ ሰሜን ላይ በተወሰነ ኰረብታ ላይ ያለው ሀይቅ ከዓለም ወዳጅ ተለይቶ ነው።
በእርግጥ እንኳ ቢያንስ የእርስዎ እውቀት እንደሆነ መድረሱ አይቀልልም። በሁኔታው ግን ወደ ውሃ ጒድጓዱ ሲገቡ ሁሉም ጨለማ ይሆናል።
በውስጡ ከሚያየው የግልፍታ ሰማይ እና በዙሪያው ያሉት ብዙ ተራሮች በቀር ሌላ የለም። በዓለም ውስጥ በተለይ ከውስጥ ከባሕር ውስጥ በጣም ጥቂት ነገሮች ሊያዩ ወይም ሊሰሙ ይችላሉ።
በጂዛ የተሠሩት ከልብስ የአለም ድንበሮች አንዱ እስከ ዛሬ ድንገት የሚኖረው ነው።
በግብጽ በሦስተኛው ምዕተ ክርስቶስ በፊት የተገነቡት ታላቁ ፒራሚድ ለዘመኑ ህልውናዊ ሀይማኖታዊ አለቃው ከተገነቡት ነው።
የጂዛ ደረጃ ወይም ጂዛ ኔኮፖሊስ በግብጽ የሙታን ሸለቆ ውስጥ ብዙ ፒራሚዳዎች (ትልቁም የታላቁ ፒራሚዳ) እና አነስተኛ መቃብር በተጨማሪም ብዙ ፒራሚዳዎች እና ትልቁ ስፍክስ ያሉበት ነው።
ታላቁ ፒራሚድ በፈርዖን ኩፉ እንቅበል ተገነባ፣ ብዙ ትንሽ ፒራሚዶች በኩፉ ሚስትና ቤተሰቦቹ እንቅበል የተገነቡ ቤተ መቅደሶች እና መቅደሳት ነበሩ።
"በውጭው ቀስት" በቀስት ላይ የሚገኘው V ቅርጸት ተቋቋሚ ነው እና "በታች ቀስት" አንድ መወፈር ወይም ትርጉም የሌለው አራት ማዕዘን ሲሆን ታችኛው አጠገብ ነው።
ይህ ማለት ከመጨረሻ ጀምሮ ማስጀመር እና ማምዘኑን ማሳደግ መሆን አለብህ፡፡ በታች ዘወር ሲወርድ ከትንፋሹ ላይ መጀመር እና ማምዘኑን ማሳደግ መሆን አለብህ (ምንም ቢሆን ያለ እጅህ የተያዘበት ቦታ የሆነው)።
ተለምዶ up-bow የሚያስፈጥር ድምፅ የሚረካ ነው፣ በአንጻሩ down-bow የሚያስፈጥር ድምፅ ጠንካራ፣ የጋብቻ ይልቅ ነው።
ራስዎን ላይ የሚያዘጋጁ ምልክቶችን ላይ ማስቀመጥ አይስተውልዎትም ግን በላዩ የተለቀቁት ምልክቶች ለዘፈን ምክንያት ስለሆኑ ይጠንቀቁ።
1789 በጥቅምት 6 በአየር ገና የፈረንሳይ ንጉስ ሎዊስ 16ኛ፣ ንግሥቱ ማሪ አንቶዌን፣ ልጆቻቸው ማሪ ቴረዜ (11 ዓመት) እና ሎዊስ-ቻርልስ (4 ዓመት) እና እህታቸው ማዳም ኤሊዛቤት በየርሳይልስ ከፓሪስ ወደ የአምስተኛው የከተማ አደባባይ በየንዝሮች እየታዘዙ ተመለሱ።
በአይነታቸው ወደ ቤተ መንግሥቱ የሚመለሱበት ካርያጄ ውስጥ ፓሪስ በንግድ ተከበበ፣ የነበሩትም ሕዝብ ለንጉስ እና ለንግሥት የሚጮኹትና የሚያለቅሱ ሰዎች ነበሩ።
ያለቃቸውን ንጉሥና ንግሥት ሰፊው ማንኛውም ነገር በመሰብሰብ በላያቸው ማንኛውም ችግር ከመነሣት ወደማስፈራረስ ያስገደዱአቸዋል።
በቫርሳይ በቤተ መንግሥት ፊት የነበረውን የንጉሠ ጉዳይ አለቃ በሚስጥር ሁኔታ በመግደል ወቅት ነበር።
የአሜሪካ አገር ጦርነት በፊሊፒንስ ላይ የሚውልበትን ዋጋ ፊሊፒኖች ራሳቸው ነው የሚከፍሉት።
እነሱ ከዩናይትድ ስቴትስ የተነሳ ጉዳይ የሚቆጣጠሩበት የኢንተረስት እና ዋና ገንዘብ ማከፋፈያ ለማስከፋፈያቸው የፊሊፒን መንግሥት በዋል ስትሪት ባንኮች በኩል የተላቀቁ ቦንዶች ላይ የግብር ክፍያ ተገድደው ነበር።
በእርግጥ የፊሊፒንስ ሕዝብ አስፈላጊዎችን ማስወገድ ከሆነ የተፈጠረው ትልቅ ትርፍ ለዩናይትድ ስቴትስ ግዛት መሠረታዊ ጥቅም አሳይቷል።
ለተምፓርስ ማወቅ የምንፈልጉትን ሁኔታዎች እና የተፈጠረበትን ዘመን መገንዘብ አለብን።
11ኛ፣ 12ኛና 13ኛ (1000-1300 ዓ.ም) ክፍለ-ዘመናት የተቀረጹበት የዘመን ምዕዳን በአውሮፓ ታሪክ በአማካይ ከፍ ያለው መካከል ዘመን ተብሎ ይጠራል።
ከአማኞቹ ለምድያን ዘመን ቀድሞ በመጀመሪያ የሚመጡት አማኞች ለምድያን ዘመን እና በመጨረሻ የሚቀጥሉት አማኞች ለምድያን ዘመን ተከተሉ፡፡ በመጨረሻም በ1500 ዓ.ም ዙሪያ ቢሆን አማኞቹ ለምድያን ዘመን ተፈጥሯል።
ቴክኖሎጅ ዲተርሚኒዝም በተግባር ከቴክኖሎጂ ግድያ ወይም ቴክኖሎጂ ግዴታ እስከ የሰው ዕድሜ በስተመጨረሻ በሰይንቲፊክ ህጎችና በቴክኖሎጂ አቀራረብ የተተከለ ሲሆን አንድ ዓይነት ነው የሚያካትቱ አስተሳሰቦች።
የቴክኖሎጂው ተመሳሳይ ማውጫዎች በሁለት የአጠቃላይ አስተሳሰቦች ውስጥ ይገባሉ፦ የቴክኖሎጂው ራሱ ዕድገት በበረታች የተሻለ የባህል ወይም ፖለቲካዊ ተጽዕኖ መንገድ እና በተቀባይነት ቴክኖሎጂው በሙሉ ማህበረሰብ በመላ ላይ እንዲያሳድሩ እንጂ በማህበረሰብ ሁኔታዎች ላይ አይከታተልም።
ለምሳሌ፣ አንድ ሰው መኪና የመንገድ ልማት የሚያስፈልግ የሚመጣው ነገር መሆኑን ሊለው ይችላል።
ሆኖም በአገር ማኅበር ውስጥ በትንሽ የመኪና ቁጥር የሚደረገው የመንገድ አውታር ኢኮኖሚያዊ አይደለም፣ ስለዚህ የመኪና የምትገዛውን ዋጋ ለመቀነስ አዲስ የምርት ዘዴዎች ተዘጋጁ።
የትልቅ መኪና ባለቤትነት ወደ ከፍተኛ ደረጃ የትራፊክ አደጋዎች መጨመርም ያመጣል፣ የተጎዱ መኪና ክፍሎችን ለማስተካከል የአደባባይ የሚያስፈልጉ አዲስ ቴክኖሎጂያዎችን ያመጣል።
የሮማንቲክ ፊክሽን የተጻፈው በጎቴ፣ ፊቸትና ስክሌግል እንደሆኑ የተለያዩ ደካሞች ከመጻፍ የተነሳ የወገን የበለጠ ክፍል ነው።
በሮማንቲክነት ዘመን ተራሮች የግል ፊት አላቸው እና በጊዜ ውስጥ በጎደሎች ጣና የተዛመዱ ባህሎች እና ባህሪዎች ተፈጥሩ እና እነዚህ ከማኅበሩ ቦታ ጋር በማስተናገድ ሲሆኑ በስተቀርበው ህግን ይሻላሉ እንደተዘዋወረው በማጣቱ ምክንያት።
እንደ ላሲ ሆኖ የዓለም የፋሽን ከተማ በመታወቅ እንደሆነ ሁሉ፣ ኮንስታንቲኖፕል እንደ አውሮፓ የፋሽን ከተማ የተቀበለ ነበር።
፪፻ እስከ 1100 ድረስ የረካታ መሄጃ የነበረችውን ታሪክ የሚታወቅ ሆኗል።
በዐሥረኛው ክፍለ ዘመን ምክንያቱ ክሬስታውያን ከማመልከቻቸው በኋላ እንደ መጠንቀቂያ፣ ቅመም እና ሌሎች በዚያንች ዘመን ከብዛት ከፍ ያለ ዋጋ ያሉ ስጦታዎችን በመመለስ የቢዝንቲን ገበያ በመጠቀም እየጠቀመ ነበር።
በዚያ ወቅት የሞዳ ዋና ከተማ ስም ከኮንስታንቲኖግል ወደ ፓሪስ መለዋወጡ የነበረው ነው።
የጎቲክ አይነትው በ10ኛና በ11ኛ እና በ14ኛው ምዕተ አለም ጎታ በርቷል።
በመጀመሪያው የተለያዩ ብዛት በምስራቅ ቢዚንቲን ባሕል ተጠንቀቅበታል።
ነገር ግን በመንገደኛው መልክት መስሪያዎች ምክንያት የምዕራብ ሰንበት ስርዓት ስለሚዘገይ ከ25 እስከ30 ዓመታት በኋላ ይሆናሉ።
በመካከለ ዘመናት መጨረሻ ውስጥ ምዕራብ አውሮፓ በገዛ ዓይነቷ መንገድ መነሳት ጀመረች። በዚያን ጊዜ ከታላላቅ ልማዶች መካከል አንዱ የክራዚያድ ሰልፍ ምክንያት ሲሆን ሰዎች በፉንጋ መውረድ ለመቀየር ይጀምሩ ነበር።
የእድሜ የሚጠቀሙበት ግብርና መሬት መሰርት ማለት የእድሜውን ሲጠቀሙ በቂ መገኛ ምግብ ለራሱ እና ለቤተሰቡ ለማስገኛት ነው።
የሰብስብነት እርሻ ኦርጋኒክ ነው፤ በተለይ ከፈጥር ከተሰበሰቡ ዘርፎች በመጠቀም የሚያስተዳድር ወይም ቀላል የእርሻ አስተዳደር መንገዶችን በመጠቀም ከፍተኛ ፍሬያት እንዲደርስ የሚያደርግ ነው።
በዚህ ዘመን ከብዙዎቹ ግብረኛዎች ጋር በተለምዶ በግብርና እንደሚያክሉ ነበር፣ እና ይህ በበዙሉ የሚዳበሩ ሃገራት ውስጥ እንደቀጠለ ነው።
ንዑሳን የሚመስሉት አንድላይ ሰዎችን በሚያገናኝ መልኩ የሚቀድም በማኅበራዊ መርሐ ግብር የተደበቁ አድርጎ ሰውነታቸውን ለማስከበር የሚፈቀደላቸውን የራሳቸውን ሙያ ያስከብራል።
ንዑሳን ባዕዳን በእድሜ፣ ዘር፣ ክፍለ ማህበር፣ ቦታ እና ጾታ የአባላቱን መለያ ሊኖሩ ይችላሉ።
የተለያዩ ንዑስ-ባህሊዎችን የሚወስኑ ባህልና ቀለሞች ቋንቋዊ፣ ዘገበኛ፣ የሃይማኖት፣ ፖለቲካዊ፣ የጾታ፣ ጂዮግራፊያዊ ወይም እነዚህን አካላት በተመሳሳይ የሚያዛዥ ይሆናሉ።
የአንድ ንዑስ ቡድን አባላት ብዙ ጊዜ የቡድን አባልነታቸውን በተለየ ልብሶች፣ አስተዳደር እና ቡድን-አልፋዊ ቃላት በመጠቀም ያሳያሉ።
ከጅማዎች መካከል አንዱ የማህበራዊ አቀባበልን ጠቃሚነት ለማሳየት የሚጠቀሙበት መንገዶች ሁለት ወይም ሶስት የተዋረዱ ሕጻናት ምሳሌ አሳየት ነው። እነዚህ ልጆች ከወላቹ በኋላ የቀሩት በመናፍቅና በክፋት ወይም በተንከባከበበት የሚገኙ በነበረው የማህበራዊ እርዳታ በአካባቢያቸው የታዘዙ የሆነው ሕጻናት ናቸው።
እንደዚህ ያሉ ህፃናት "ግልገሎች" ወይም "ዱላዎች" ተብለዋል። አንዳንድ ዱላ ህፃናት በሰዎች (ብዙ ጊዜ በራሳቸው ወላጆች) ተይዘው እንደሚገኙ አሉ፤ በአንዳንድ ሁኔታዎች ይህ የሚደርስ በወላጆቹ የሕፃኑን በጣም ከባድ የአእምሮ ወይም የተለያዩ አካል እህልት ማስቀመጥ ስለሚገጥሙ ነው።
ምናምን ብልጽግና ወይም ከፍተኛ ህመም በሚያጋጥመው ሕፃን ቀጥሎ ሊጣል ወይም ሊሸሽ ይችላል።
አንዳንድ ሰዎች በእንስሳት እንደተሳደጉ ይታለማሉ፤ ሌሎች በተፈጥሮው ራሳቸው እንደሚኖሩ ይታለማሉ።
በምሳሌ ሰውን ያልማረ የሆኑ ምግቦች በተነጠቀበት ጊዜ፣ አዲስ ልጅ በሞት ወይም በሰው ላይ ቀጣይነት የሚነጋዘውን አንኳን ለማሳይ፣ እንደምግብ አካላዊ ገደቦችን ሊያሳይ ይችላል።
በፕሮጀክት ላይ ተመሠረተ ትምህርት በቀላሉ እና በቅርብ ጊዜ ለማስተማር እንዲሆን ተቀማጭነት ያለው ሲሆን፣ ይህንን በሚያሻሽል የተሻሻለ ማሻሻል አለ።
በሱቅ መቀመጥ በራሱ የማስተማር ዘዴ አይደለም፣ የሚለው የሚያግዙ ድጋፍ ለሚሆኑ ሰዎች በአዲስ የማስተማር ባህሪዎች ውስጥ ያላቸው ተሞክሮዎች፣ እንደምሳሌ፣ አዲስ ኮምፒተር ፕሮግራም ማስተማር ወይም አዲስ ፕሮጀክት መጀመር ነው።
የትምህርት አለቃው በሚክሮሶፍት ኦፊስ ውስጥ ከትንሽ የወረቀት ቁራጭ ስንትኛውን ወሎ ያበጀውን ሊሆን ይችላል። በሌላ ቃል ማለት፣ የትምህርት አለቃው የወሎውን ሥርዓት በቪርቱያል እና በካላት መንገድ ሊያሠራ ይችላል።
የቪርቱያል ስካፊሎድ ውስጥ ሶፍትዌር እና የተለያዩ ነገሮች ያሉት ለመጠየቅ፣ ችግር ለማረጋገጥና ዘመናዊ ስራዎችን ለመግለጽ የሚችል ለተማሪ ብቻውን ለመቆጣጠር የሚደክሙ ናቸው።
ልጆች ወደ ወረሬና የሚላኩት ለብዙ አለቅሳሚ ምክንያቶች፤ በተንከባከበው ጥሰት፣ በተገፋው ሙሉነት ወይም በተጋዳጅ አስገድዶ መሆናቸው ነው።
በጣም የማይጠነከረው አካባቢ ውስጥ ልጆች መበልበል አይገባም፤ የሚጠነከሩ እና የትምህርት አካባቢ የተሞላ ነገር ነው ነገር ግን ሆነም ቢሆን አለ።
የቤተሰብ ጠበቃ ስርዓት ለእነዚህ ልጆች የሚታዘዙ ቦታ መሆኑን እናውቃለን።
የእኛው የተወሰነ ልጆች እድገት ሥርዓት በደንብ መኖሪያ፣ የፍቅር ሞላት አሳዳጆች፣ ጸንታ ትምህርት እና የሚረዳ የጤና እጠበቃ መስጠት አለበት።
የልጅነት የአሳደጊ ቤት የሚሰጠው ግንኙነት ለልጅዎች በቀደመው ቤታቸው የነበራቸውን የሚያጣም ሁሉንም አስፈላጊዎችን ማሟላት ነው።
ኢንተርኔት የብዛት መገናኛ እና እርስ በርስ የመገናኛ አባላትን ይወሰናል።
በኢንተርኔት የሚገኙ የተለዩ አባባሎች በመጠቀምና በመስክተኛነት ባዘጋጁ ተጨማሪ ክፍል ወደ ስራ መስተዋል ይመራሉ።
ለምሳሌ፣ መማርና ማህበረሰብ እንደ አስፈላጊ አቅም በኢንተርኔት ላይ መጠቀም ተመራጭ ነው (ጃሜስ እና ባለቤቶች፣ 1995)።
የግል ግንኙነት እና ተከታታይ ተግባባት እንደአዲስ አበሳ መለያት በአይም እና መኮርድ (1998) ከድረገጾች ላይ በተለያዩ አድማጮች ላይ የተደረጉ ጥናቶች ተገምተዋል።
የቪዲዮ ምዝገባ መጠቀም የቅርብ ጊዜ ትውስታዎችን በትውስታ መፈታተኛነት ለመተርጎም በጥቂት ሚሊሰከንድ የሚቆዩ የፊት አስተያየቶች ላይ አስፈላጊ ለውጥ እንዲያመጣ አድርጎታል።
በተለይ እንደተባለው ሰው እንደሚዋሹ ወይንም አይዋሹ በቁጥርዎች ትክክለኛውን ማስተናገድ እንደሚቻል ይጠበቃል።
ኦሊቨር ሳክስ በርስ የተጻፈው ስለ የፕሬዚዳንት ንግግር በአንድ ቀልድ የሆነ ሰው ምንም ቢሆን ቃሉን በመረዳት የማይችል ሆኖ በራሱ ግልጽነት ላይ ምንም ያለ ችግር ይተዳደራል ብሎ ነገረ።
እንደ ቤተክርስቲያኑ ባልዎች የሰውን እንቅስቃሴ የሚፈልግበት ክህሎት በእንስሳት እንደ የቤት ውሾች ይኖራል አለ።
21-ኛው ዘመን ምርመራ ሁለት ዓይነት የዘር ለውጦች እንደሚኖሩ ያሳየ፦ ትንሽና ተስተካካይ እና ተገልጋይ የሆኑት።
ምልክቶች አዲስ ምልክቶችን ይጨምራሉ እና ምርጫ ከታየው ምልክት ልክ ውጭ በመውሰድ እነሱን ከስር ማስወገድ ይችላል።
በእያንዳንድ ትውልድ መለያየቱ እና በተከታታይ ሁኔታ በሁለቱ ውሃ መውጣጤዎች መቀላቀሉ።
በሳቪያንና ለሰው አይነት አይነቱን የሚያስተላልፍ ሥርዓት ያላቸው እንሰሳት ከዚያ አገር የሚገኙትን አእዋፋዊ ምንጮች የአሚኖ አሲድ አስፈላጊነታቸውን መሟላት እጅግ ይቸገራል።
በተጨማሪም፣ በዚያን መልኩ መስራት ከባድ ውጤቶች ይኖራቸዋል፦ በብዛት የሚጨምረው የሁኔታ ጭንቀት፣ ምግብ ጥፋት እና በመጨረሻ ሞት።
በቅርብ የሚገኘው የተክል ምንጭ የተለውጠች ፕሮቲን ትኩረት አለው፤ እነዚህ በየቅጠሉ እና በአበባ ውስጥ ይገኛሉ። ነገር ግን እነዚህ ለሰው ወይም ሌሎች አጥቢ እንስሳት እንዳንተ በመሆናቸው ማዳመጥ እጅግ አስቸጋሪ ነው፣ ካልተበላሸ አለመሆኑ ከሆነ።
በማንኛውም ሁኔታ፣ እንስሳዎች ምግብ (ሥጋ፣ ዶሮ፣ ቀይሕ) በቀላሉ ሊያዳብሩ እንደሚችሉ ሲሆን እንደዚሁም በሚቀጥሉበት ሁኔታ የእሴት አማካይ ነው የሚፈርቱበት ብዙ ፕሮቲን እንዲሰጡ የሚያስችል፣ እና የሚያስፈልጉትን አሚኖ አስድሮችን በሙሉ የሚያካትት።
በሁሉም ነገር ምክንያት አልሆነም አባቶቻችን በዚያን ጊዜ "የፕሮቲን ችግር" እንደሚያደርጉት በዛሬ የሚያደርጉት በላይኛ የሰብዓዊ ተዓለምት ላይ የሚገኙ እንደ የጭምፓንዜዎች ዘርፍ መፍትሔዎች እንደሆነ አይገርም።
እንቅልፍ ማስከላከል ስንትንተናው የመቋቋም እና በቅርቡ በመቀጠል (10-60 ደቂቃ) በመተኛ ወቅትህ ላይ በሚፈልገው መልኩ መተኛት ሂደት ነው።
በእውነት እንደሚያስቀምጥ ሳይባክኩ ድምፅ ያለው አላርም ሰዓት በመጠቀም በቀላሉ ማንበብ ይችላሉ።
እርስዎ በመውሰድ እንዲያደምጡ ቢያችሉም፣ ሰዓት ማድረግ የሚፈልጉትን ሰዓት በሌላ አንድ የክፍሉ አጠገብ ማስቀመጥ ይችላሉ ይህም ከአልጋ እንድትወጡ ያደርግዎታል።
በአብዮርዚምም ውስጥ ሌሎች አማራጮች የሚቆጠሩ ውሃ ወይንም ሻይ (በተለይ የተታወቀ እንደ መርፌ ዘረጋጅ) በቂም መጠጣት በመኝታ በፊት እና ዘረጋጁ ወደ ላይ ማነሳት ከመኝታ በፊት ነው።
የውስጣዊ ሰላምነት መጠን የሚኖርበት ሰው በሰው አካልና አእምሮ ውስጥ ያለው እምነት መጠን ጋር ተዛመድ ይሆናል።
የወቅቱ ጠባብ ነው የሕይወት ኃይሉ። ሁሉም ሰው በውኑ ሰላምና መረጋገጥን ሊያገኝ ይችላል።
እያንዳንዱ ሰው መብራት ማግኘት ይችላል። ይህን አሻራሪ ለማስኬድ የሚከለክሉ ነገር የራሳችን ስሕተት እና ራሳችንን መክደን ነው።
የትቢት ምንነት በቡዳ ማስተማሪያዎች ላይ የተመሠረተ ሆኖ ነው በፍቅር ዘዴ ውስጥ በአዲስ መንገድ ይሰፋል በእንዴት ኢንዲያ ያለው ዮጋ ብዙ ተለያዩ ተግባራት ያሉበት።
በቀላሉ የትቢት አምላክነት በእጅጉ ቀላል ነው። በቅድመ ኩንዳሊኒ ዮጋ፣ አብሮት መፈጸም እና የፍቅር መንገድ የተዋረደ ነው።
በኩንዳሊኒ ዮጋ፣ ኩንዳሊኒ ኃይል (የህይወት ምስረታ ኃይል) በዮጋ፣ በእስትንፋስ ተግባር፣ በምንጪና በማሳየት የሚቀሰቅስ ይሆናል።
በዲቲ ዮጋ፣ የተባልክነቱን ምስል በመፍጠር ንፁህ ኃይል ለመልቀቅ የተዘጋጀ ቦታ ላይ የቲቤታዊ መቀመጫ መሃል በመሆኑ፣ ቻክራዎቹ በማንቃት እና መረብ የሚያስተላልፍ መረዳነት ይኖራል።
ጀርመን በሁለተኛው የዓለም ጦርነት የተያያዘ ስፍን ነበር፣ የተከተለውም የቀድሞ ሶቪዬት አገር እና ዩናይትድ ስቴት መካከላቸው መጋበዝያ ነበረ። የጦርነቱን መጨረሻ በኋላ ግን የሥርዓት፣ የሂደት እና የባህል ተግባራት ያለ ግጭት ሀገሮችን ከእርስ በርስ ሊያፈርድ ነበር።
በጦርነቱ ከተለየው ሁለት ዓመት በኋላ የቀደሙት አባላት ጠላቶች ሆኑ እና የታዋቂው በረዶ ጦርነት ጀመረ።
በቀጣይ 40 ዓመታት ውስጥ ይቀጥላል፣ በአውራው ጊዜ በአኩሪ ወታደሮች ከአፍሪካ እስከ እስያ በአፍጋኒስታን፣ ቂባ እና በሌላ ብዙ ቦታዎች ይዋጋል።
በሴፕቴምበር 17፣ 1939 የፖላንድ መከላከያዎች አልቋል እና ብቸኛው ተስፋ ተመልሶ ማደግ እና በሮማኒያ አደባባይ በመሰረዝ ነው።
ነገር ግን እዚህ ዕቅድ በአንድ ሌሊት በመተው በደቡብ በሉሮስያና ዩክሬን ላይ በመተው በየፖላንድ ምሥራቅ ግዛቶች ላይ የሆነውን አጥቃቀም፣ የሪጋ ሰላማዊ ስምምነት፣ የሶቪዬት-ፖላንድ የማስፈሪያ መከላከያና ሌሎች ሁለተኛውን የጋራ ዕምነቶች እና ሕግ-ወጥ የአለም ስምምነቶች የተላለፉ በሶቪዬት ቀይ አርሚ የተከተሉት 800,000 ሰራዊት በመግባት ሲሆን ተሰጥቷል።
የመርከቦችን መጠቀም ለዓለም ዙሪያ ሰዎችና ንጥረ ነገሮችን በብዛት ለመሸጥ እጅግ አሻሽል መንገድ ነው።
የነባይ ዘላቂ ሚኒስቴር የአገራችሁን ነጻነት በሰዎችና በንብረቶች ማንበለበል እንዲችል ለማረጋገጥ እና እንዲሁም በባሉት ሰዎችና በንብረቶች ማንበለበል ብቻ ሳይሆን እንዲያሰቃይ ያስችላል።
ከዚህ የተነሳ እንደሚስተካከሉት ተለያዩ ችሎታዎች መካከል አንዱ በዓለም ጦርነት ሁለተኛው የተጠራው በሰሜን አትላንቲክ የተሻለው ክስተት ነው። አሜሪካኖች ሰዎችንና ዕቃዎችን በአትላንቲክ ባሕር ዳር ወደ ብሪትኒያ ለመላክ ይሞክሩ ነበር።
በአንድ ጊዜ የጀርመን መንግስት ዩ-ቦቶችን በመጠቀም የሚያስቀምጥበት ዋነኛ ሃይል ይዞ የማስቆም ይሞክር ነበር።
በአልይድ ሀይሎች ቢያካልሱ፣ ጀርመን በእስርቤቱ የምትኖርበት ኢየሩጳ አገር ላይ ከቀረበት የእግር መልቀቂያ በመንስ፣ በእንግሊዝ ላይ ማሸነፍ ይችላሉ።
የመጀመሪያ የተታመኑ እንስሳት ፍየሎች ናቸው፣ ከ10,000 ዓመታት በፊት በኢራን የዛጎሮስ ተራሮች ውስጥ በመሆን።
ቀድሞዎቹ ባህላዊ ህብረትዎች እና ወገኖች ለማግኘት የተለያዩ ነገሮችን ለመጠቀም ወተት፣ ቆርጣ፣ ሥጋ እና ቁርጥ በቀላሉ ማከማቸት ይጀምሩ ነበር።
ቤት ፍየሎች በጎርፍት ውስጥ አንድላይ በተለያዩ የሣር አካባቢዎች ወይም ኮረብቶች ላይ እንዲቅበሉ ይቆያሉ፣ የጎርፍቱን እየነበሩ የሚያሳድጉ ልጆች ወይም ወጣቶች ሊሆኑ ይችላሉ፣ የሚለያዩ መንጋ መሰረት ነው። ይህ ዐይነት የመሠረት ዘዴ እስካሁንም ይጠቀማል።
በመጀመሪያው የ16ኛው ክፍለ ዘመን የመንገዶች ግንባታ በእንግሊዝ ተፈጥሯል።
ኣንስቶ ሰረገላዎቹ ከዕንጨት በተፈጠሩ ሳሉም፣ አህዮቹን ለመጎብኘት ተዘጋጅተው ከባድ መሳሪያዎችን በተለይን በተነካካው መንገድ ላይ በየቀኑ ሊጎበኙ ይችላሉ።
የዘርፍ ክብር ቀድሞው በማሳየት ወደ ሞዴል ሊቀየር ተደርጓል። ነገር ግን በትንሹ ማንካተት እጅግ ተጠናቅቆ እንደሚሠራ ታውቋል። ከነዚያም ከላይ ብረት ሲኖር ነው።
ይህ ወደ መደበኛ ተግባር ሆነ ፣ ሆኖም የብረት ቀለበቶቹ በበለጠ ዕንጨት የተሠሩ የሰረገላ መሽሮች ላይ መደባት ነበር የተፈለገው።
በመጨረሻም የእንጨት መርገጫዎች በብረት መርገጫዎች ተተኪየዋል። በ 1767 በሙሉ በብረት የተሰራ የባቡር መኪና የተሳቀለ ተቀርቦአል።
የተታወቀው መጀመሪያው ዓይነት የግንኙነት ቅርንጫፍ መሄድ ነበር፤ ሰዎች ከሁለት ሚሊዮን ዓመታት በፊት ከሆሞ ኤሬክቱስ (ራሱን የተፈጠረ ሰው) ትውልድ ጀምሮ በገጣጠሙ ሁለት እግራቸው ላይ መሄድ ጀመሩ።
የእነርሱ ቀደም አያቶች፣ አስትራሎፒተከስ በሚባል ስም አይመላለሱም።
4.2-3.9 ሚሊዮን ዓመታት በፊት በመጠኑ የተገኙት አውስትራሎፒቲከስ አስማት ላይ በሁለት እግሮች መሄድ የቻሉ ሆነው ተገኝተዋል። ነገር ግን ሳሀላንትሮፓስ እንኳን ከሰባት ሚሊዮን ዓመታት በፊት በሁለት እግሮች መሄድ የቻሉ ሆነዋል።
እኛ የአረንጓዴ ሕይወትን መጀመር ይችላል፣ በአረንጓዴ እንቅስቃሴ ውስጥ መሳተፍ ይችላል፣ እና ለተወሰነ ደረጃ የሚመጣውን ራብ መቀነስ ለማከናወን አክቲቪስቶች ሊሆን ይችላል።
ይህ በብዙ ሁኔታዎች እንደ የሽንት ምልክቶችን መቀነስ ነው። ነገር ግን እዚያን ጊዜ ብዙውን ጊዜ የጊዜያዊ መፍትሄዎችን ብቻ ካልፈለግን፣ ችግሩ የሆነውን ምክንያት መሻሻል አለብን እና እነዚህን ችግሮች መዝጋት አለብን።
ዓለም በሰው ሳይንስና ቴክኖሎጂ ውስጥ ለተሰራው ታላቅ ለውጥና በሰው ጥቅም በላይ የተሰራው ያለመገደብ ምግብ መግበር እና የሞግዚት ህይወት የአደገ ችግር እየተበረታ ነው።
ከኮንግረስ በሁለት ግዜ ከተቀበለ በኋላ፣ በኮንግረስ አስተናጋጅ ዮሐን ሃንኮክና ጸሓፊ ቻርልስ ቶምሰን የተፈረመ የትምህርት ጽሑፍ ከዚያ በኋላ ወደ ዮሐን ዱናልፕ የህትመት ቤት የተላከ ነበር፣ እንደ ገና ከአንድ ብሎኬት በርቀት ያለው።
150 እስከ 200 የደቡብ በራድሳይድ ቅጂዎች በተፈጠሩ እንደተታወቁ በአንድ ሌሊት ተሠራተዋል።
በየን ኒክሰን በኢንደፔንደንስ ሀል ፓርክ በጁላይ 8 የሰነዱን መጀመሪያ የሕዝብ አንባብት አካሂዶታል።
አንዱ ወደ ጆርጅ ዋሺንግተን በሐምሌ 6 ተላክቷል፤ እሱም በሐምሌ 9 ወደ ኒውዮርክ ያሉትን ሠራዊቱን አነበበላቸው። የተቀየረው ኮፒ በነሐሴ 10 ወደ ለንደን ደረሰ።
25 የዱንላፕ ጥቃቶች የሚታወቁት ከዋላ የተቀመጡ የደብዳቤው ሙሉ ቅጅዎች ናቸው። የአንደኛው በእጅ የተጻፈው ቅጅ ግን አለመኖሩ ተረጋግጧል።
በዘመናችን ብዙ የቀድሞ የእንሰሳት አዳሪዎች እና ቦታኒስቶች የሚያምኑት አንድ ቡድን የዲኖሳሮች እስካሁን እንዳለ ነው። እኛ እነሱን ወፎች ብንል ነው።
ብዙዎች እነሱን እንደ ዳይኖሰሮች አያስቡም ምክንያቱም ከረጢቶች አላቸው እና በአየር ሊበሩ ይችላሉ።
ነገር ግን የወፍ በየትኛውም መልኩ በዳይኖሰሮች ጊዜ እንደነበረው ብዙ አነስተኛ ነገሮች አሉ።
እነሱ በረጅም፣ በስራቸው የተሞላ እግሮች አሉ፣ እንዲሁም እንደ ቲ-ሬክስ በሁለት የኋላ እግሮች ላይ ይሄዳሉ፣ እንዲሁም በአንድ ጊዜ የብዙ እንክብካቤዎችን ይቀመጡ።
በዚህ ወቅት የሚጠቀሙ ኮምፒተሮች ሁሉ በሁለት የሆኑት የቢኒሪ ቁጥሮች በመሰረት የተመሰረተ የኢንፎርሜሽን ማስተካከያ ናቸው።
በኢንፎርማቲክ ይህንን በሚለው የቁጥር ስርዓት እንደ ዘርፍ፣ ብያሪ ቁጥሮች ከዜሮ እና አንድ ብቻ ይታወቃሉ።
ውስጥኛ መሳሰሉት በቅርቡ አይታወቁም። ምልክቶች እንደ ማስታወሻ የተለምዱ ናቸው እና በቅርቡ አይረዳም።
በውስጡ የሚገኘውን መረጃ ለማግኘት የሚረዳው የመጀመሪያ ምልክት በቤት ውስጥ ላለው የሚያስተላልፉ የሚሆን አዲስ የመድሃኒት ሳጥን ወይም ተያዥነት ያለው የቤት ኬሚካል መኖር ሊሆን ይችላል።
ያንኑ አይነት ሆድ ለመመደብ የመጀመሪያ እርዳታ መመሪያዎችን በመጠቀም ይመልከቱ።
"የጠንካራ ቆሎ አማሌዎች" በተባለ ቃል በአንቲሞሎጂስትን ለዚህ ዓይነት አማሌዎች በመሰረታዊ ሁኔታ ይጠቀሙበታል።
ይህ ቃል ከዘመናዊ የወሰን ጋር በተዛመደ የአጥንት ቤት በዓላማ የሚመጣ የተከበረ ተቆርቆሮ በሰው ላይ የሚሰራ ፓራሳይት ነው።
ሁለቱም ትልቦች እና ትር ቅማሾች ባለነጣጠር ናቸው፣ በሕማማት ወይም በግልፅ ሕይወታቸው ላይ የሚያመለክቱ ናቸው።
በአሜሪካ ሀገር ውስጥ ብዙምሰን ብሎ የሚታወቅ የእርግዝና ህመም ተሰቃዮች በመካከል የሚኖሩት 400,000 ናቸው፣ ይህም የአካል አያያዝ በብልጽግና ዕድሜያቸው ውስጥ የሚቀጥሉ ተሰቃዮች ለመሆን ከፍተኛዋ ምክንያት ነው።
ኤም ኤስ በሚጠቀመው ሙከራ ላይ የሚያደርሰው በማዕከላዊ አውቀና ስርዓት (ሊቀመንጭ፣ ስፒናል ኮርድና የዓይን ነርቭ) የሚገኝ ደዌ ነው።
ምርመራ እንደሚገለጽው፣ ሴቶች የሚብዙ ስካሌሮስን (MS) መዳረስ ከወንድሞቻቸው ሁለት ጊዜ የበለጠ እድሉ አለባቸው።
ጥንዶቹ በራሳቸው ወይም በልጆቻቸው ምክንያት ልጅ ማሳደግ መቼም አይሆንም ማለት ይችላሉ።
እነዚህ ጥንዶቹ ልጅን እንዲወስዱ ዝመና ሊያደርጉ ይችላሉ።
በሕግ አሳማሚነት ላይ የወለዱ ወላጆች የሕጻኑን ሥርዓት ይቋረጣሉ በማድረግ ሌላው ባለቤት ለሕጻኑ ሥርዓት ይሰጣሉ።
የሳይንሱ ዋና አላማ በሳይንሳዊ ስርዓት አለምን ዘዴ መስራቱን በመምረጥ ነው። በእውነትም ይህ ዘዴ ለብዙ የሳይንሳዊ ምርምር መመሪያ ነው።
አንድ ሰው ብቻ አይደለም, ፈተናዎችና ፈተናዎች አንዴ ወይም በተጨማሪ ሊሆኑ የሚችሉ አስፈላጊነቶችን በመመሪያ የሚደረጉ ሙከራዎች ናቸው፣ ጥያቄዎችን መጠየቅ እና መገንዘብ ደግሞ በሳይንስ ውስጥ ሊጠቀሙበት የሚችሉ መንገዶች ናቸው።
የተፈጥሮ ተጠቃሚዎችና ፈሊሶፋዎች በጥንት ሰነዶች ላይ እና በተለይ በላቲን ቋንቋ ውስጥ ያለውን ብርሃን ላይ አንቀጽ አድርገዋል።
መቀበል የአርስቶቶል አሳብ ስለ አገዛዝ የሳይንስ ጉዳዮች ሁሉ፣ የሰይክሎጂን ተካት ነው።
የግሪክ ቋንቋ ምርመራ ሲያንጋጠም፣ ምዕራቡ ከግሪክ ፍልስፍናና ሳይንሱ መሰረት ተለይቷል።
በፊዘዮሎጂ እና በባህሪ ውስጥ በጣም የታዩት እንቅስቃሴዎች በተጨማሪያ ከውጭ የተወሰነ የዘወትር መንገድ እና በባዮሎጂካል የሰዓት ውስጥ ፍጠራቸው አብዛኛው ይነፈሳሉ።
በቀላል መልኩ በውጪዊ ሲኒያሎች ወደማይሰማው እየተመለሱ ያሉ አስቸጋሪ እንቅስቃሴዎች ለብዙ ፍጥረቶች ተከሳሽዎች አሉ፣ እንዲሁም ባክቴሪያዎች፣ ሰሊዎች፣ ተክሎችና እንስሳት።
የባዮሎጂ ሰዓት ራሱ ራሱን የሚያስቀምጥ መሳሪያ ሲሆን የራሱን ራሱን ኮትል እንኳን በውጭው ምልክት አለመኖሩ ጊዜም ይቀጥላል።
የሄርሸይና ቼይስ እንስሳ አማራጭ የግንኙነት እንደሆነ የሚጠቆም አንደኛው የሚመሩ ጥቅሞች ነው።
ሄርሺና ቼይስ ባክቴሪያዎችን የሚበላ ቫይረስ ወይም ቫይረስ ለማገናኘት ያላቸውን DNA በባክቴሪያ ውስጥ ሊገቡ ተጠቀሙ።
በፍልስጡም ሆነ በፍልስጡም ፕሮቴን ከፍልስፎርስ-በሰር መሳሪያዎች ጋር ዲኤኤንኤ ማርኪንጎችን ለማምራት ሁለት ፈተናዎች አደረጉ።
መተንፈሻ በተለያዩ ዓይነቶች ሊኖር ይችላል፣ እንደ ዓይነቱ፣ የተጉዳቤውን የአገልግሎት ክፍሎች እና እንደሚገኝበት የሰውነት ክፍል አስፈላጊነት አይነት ሊያደርግ ይችላል።
በቦርታናው ውስጥ ብቻ የተፈጠሩ ሙታሽነቶች ለልጅ መላስ ይችላሉ በኋላ ባለው ሙታሽነት ግን የቦርታ ሞት ወይም ካንሰርን ሊያመጡ ይችላሉ።
የተለዋዋጭ ቦታዎችን ለመጎብኘት ተለዋዋጭ ቱሪዝም ሰዎችን ይሳብያል፣ እነዚህም ቦታዎች በሚገኙበት የተሻለ የተለዋዋጭ ምስር፣ ቡቃያ እና እንስሳት ለመገኘት ናቸው።
በስፍራው የሚሰሩ ምሳሌዎች መሳደድ, ዓሣ ማጠራቀም፣ ፎቶግራፊ፣ የወፍ ትዕይንትና የፓርክ ጉብኝትና የአካባቢዎች ድርሻ ማስተዋል ናቸው።
በቦርኔዮ ላይ የሚካሄዱ ክስተቶች ከቦታዎቹ የሚያውቁ ለማድረግ፣ ፎቶዎችን ለመውሰድ እና ማግኘት አንድ ምሳሌ ነው።
በኩልና ሰዎች ወደ ስራቸው ቦታ ለመሄድ በመኪና የተለያዩ የገጠር ከተሞችን ይተዉና በመንገድ ላይ የሚሄዱ ሌሎች ሰዎችን ይገናኛሉ።
በዚህ በተጓዙ ማስመጪያ ተሽከርካሪ ሁሉም ሰው ተያይዞ እያለ እና የግል መኪና ላይ የተመሰረተ መጓዝ ስርዓትን ይደግፋል።
ዘመናዊ ሳይንስ ያመለክታል ከብዙ ካርቦን የሚያስፈጥሩ የኢኮኖሚዎች አካባቢዎች በተመለከተ በሰውነት ልማት ላይ ባለው ምክንያት በቅርቡ በነበሩ ሁለት ቢሊየን ዓመታት ውስጥ በሕይወት መለዋወጥ ላይ ችግር እንዳለመጣ ይገልጻል።
በማኅበሩ ውስጥ ያሉት ሁሉ የትራንስፖርት አገልግሎት ተጠቃሚዎች ናቸው እና ሁሉም የትራንስፖርት አገልግሎት ላይ አሳዛኝ ናቸው።
በተሻሻለ ሀገራት በቅርብ ሰፈር ውስጥ የውሃ ጥራት ወይም የተደፈረ ጉድጓድ ስለማይሰሙ ቅሬታዎች አይሰሙም።
በትራንስፖርት ስርዓት የሚደርሱ ክስተቶች ለምንድን ናቸው? ለምን በየቀኑ ሊያልፉ ይችላሉ? የትራንስፖርት ኢንጂነሮች አይነቱ አልበቃም? ወይስ በመሠረታዊ ሁኔታ በተመለከተ ተጨማሪ ነገር አለ?
የትራፊክ ፍሰት በሁለት ነጥቦች መካከል የእያንዳንዱ የአሽከርካሪዎች እና መኪናዎች እንዲሁም ከእርስ በርስ ጋር የሚያደርጉ ግንኙነቶች እየተመረመሩ የሚሆን ጥናት ነው።
አያይሽ ለተከታታይ ግንዛቤ ለማስተዋል በተግባር አስቸጋሪ ነው ምክንያቱም የአሽከርካሪዎች ግንዛቤ አንድ በመቶ በመቀጠል ልክ እንደሚታይ ተንቀሳቃሽ አይደለም፡፡
ደስታኛ የሆነው የመኪና ሰላሾች በተለመደ ድንበር ውስጥ እንዲገዛ ይሻሉ። እንግዲህ፣ የትራፊክ ውስጥ መንገድ በተለመደ መልኩ የሚንገድ እና በሂሳብ መንገድ መቆጠር ይችላሉ።
የትራፊክ ግምትን በተሻሻለ መልኩ ለማሳየት፣ ከሦስት ዋና አካላት መካከል ተግባራዊ ምክንያት ተፈጥሯል፦ (1) ግምት (2) ቁጥር እና (3) ፍጥነት.
ይህ ዓይነት ምክርና ለውጦች በመንገድ ላይ ያሉትን ግንቦትን እንዲያቀናበር በአሰራሩ፣ አዘጋጃቱ እና አንቀሳቃሱ ላይ ይረዳሉ።
ተንቀሳቃሾች ወደ አየር የተወጡት አንደኛው እንስሳት ናቸው። የተንቀሳቃሾች መብረር ኃይል አለመያዝን በቀላሉ እንዲያደርጉ እና ምግብን ወይም ተባባሪዎችን በእጅጉ የአስተካክል መፈለግን በተሳካ መንገድ አስችላሉ።
በሚልዮን ብዛት የሚገኙ ተንቀሳቃሾች ክንፎቻቸውን በቀጥታ ወደታች ለማዳርቅ የሚሰማሩትን ጥቅም አላቸው።
ይህ በራሱ ከአጥጋዮች ለመሸ አነስተኛ እና ሰፊ ቦታ ይሰጣቸዋል።
በዚህ ዕለት፣ የሚችሉ የተጠሙ እንስሳት ብቻ የእሳት አንበጣዎች እና ነብሮች ናቸው።
በብዙ ዘመናት በፊት አርስታርከስ የተባለ አንድ ሰው የፀሀይ ክፍለ ሰማይ እንደተቀላቀለ በፀሀዩ ዙሪያ እንደሚዞር አለ።
አንዳንድ ሰዎች እርሱ ትክክለኛ እንደሆነ ይቀጥላሉ፤ ብዙዎች ግን እንደሚተለይበት ያምናሉ፤ የፀሐይ ስርዓት አለማቀፋዊ ነው የሚሉት እና ፀሐይን (እና ሌሎች ከዋክብቶችንም እንዲሁ) እንደሚካተት ያምናሉ።
ይህ የሚታይ ነው ምክንያቱም ዓለም እንደሚንቀሳቀስ አይመስልም፣ አይደለም?
የአማዞን ወንዝ በርዝመት ሁለተኛ በትልቅነትም አስቀድሞ በዓለም የሚታወቀው ወንዝ ነው። እሱ ከሁለተኛው በትልቅነት ወንዝ ያለውን ውሃ ያለፈው በዘመኑ በስምንት አንድ ይልቅ ያለፈ ነው።
አማዞን በአለም ውስጥ በርዝመት የምትበልጥ ወንዝ ናት፣ በርዝመቷ ስድስት ሜይል የሚሆን ናት።
20 በመቶው የውሃው መጠን የሚፈሰስ ወደ ባሕር የሚፈስስ የዓለም የላቀ ውሃዎች ከአማዞን ነው የሚመጣው።
የአማዞን ወንዝ ሸለቆው 6,387 ኪሎ ሜትር (3,980 ማይል) ርዝመት አለው። ከሺህዎች የተነሳውን ውሃ ከትንሽ ወንዞች ያከማቻል።
እንደሆነም ብዙ እስከ የቀድሞው መንግስት መጨረሻ ድረስ የድንጋይ ፒራሚዳዎችን ማምረት ቀጠለ፤ ግዛ የግዛ ፒራሚዳዎች ለእነሱ ትልቅነት እና የሥራ ተግባራዊነት አልተቆጠሩም።
የግብጽ ሕዝብ በዘመናዊ ዘመን ላይ በአንድ ሺህ ዓመት በላይ የቆዩ የአባቶቻቸው ተአምራት ይደነቃሉ።
የቫቲካን ከተማ ብሔራዊ አድማሱ ከ800 ሰዎች በታች ነው። እርሱም ዓለም አቀፍ አለም ውስጥ አነስተኛውና የሕዝብ ብዛት የተነሳ ቀኑ አነስተኛው የራስን አድማ ያላቸው መንግስታት መሆኑን ይገልጻል።
የቫቲካን ከተማ በሕጋዊ እና በሚሰራቸው ክፍሎች እንደ የመጠቀሚያ ቋንቋ ኢታሊአንን ይጠቀማል።
ጣሊያንኛ ደግሞ በመንግስት ውስጥ የሚሰሩ ብዙ ሰዎች በየቀኑ ሕይወት ውስጥ የሚጠቀሙበት ቋንቋ ሲሆን በሃይማኖት ሥነ ሥርዓቶች ውስጥ ላቲንኛ ብዙ ጊዜ ይጠቀማል።
የቫቲካን ሰዎች ሁሉ ሮማውያን ቃተሊኮች ናቸው።
በጥንቃቄ የተቀመጡ ከሚያውቁት የኬሚካል አካላት ለምሳሌ ወርቅ፣ ብርና ኮፐር ከጥንትያ ጊዜያት ጀምሮ ነበር እናም በተለያዩ የቀድሞው ቅርንጫፍ ዓይነትና በቀላሉ ከቆፈሩ መሣሪያዎች ጋር በተለያዩ የግብርና አገሮች ሊደረጉ ይችላሉ።
ፍልስፍና አርስቶቶል ተንቦታል ሁሉም ነገሮች አንድ ወይም ከዚያ በላይ ከአራት አዘጋጆች ቅርጽ የተደረጉ መሆኑን። እነዚህም ምድር፣ ውሃ፣ አየርና እሳት ናቸው።
ይህ አባቱ ከሆነ ነገር ከነደገኛው ሁኔታ ጋር አንዳች አስተሳሰብ ይሰጠዋል፤ ጸናች፣ ፈሳሽና አየር እና አየር ፈሳሽ፤ በእርሱ ደግሞ ምንም እንደሚለው የተለየ ነገር ወደ አዲሱ ዓለም መቀየር እንደሚችሉ አንድ አባባል ቀርቧል።
አሌይ በሚል ቃል በሚጠቀምበት መሠረት ከሁለት ወይም ከበለጠ ሜታሎች የተፈጠረ ውስራማ ህዋስ ነው። እንዳይረሱ ከዚያም በዙርያው በክፍለ-ዘመናዊ ሰንጠረዥ ውስጥ ብዙ አካላት አሉ እንደሆነ ያስታውሱ።
ንጥሎች እንደ ዝንክ እና ፖታሲየም ሜታል ተቆጠሩ። በተለይም ሌሎች ሜታሎች እንደ ብር እና ወርቅ አሉ።
በአንዳንድ ዋናዎች ውስጥ አነስተኛ ብርክት ያላቸው አል-ሜታላትም ሊኖሩ ይችላሉ፤ ለምሳሌ ካርቦን።
በዓለም ላይ ያለው ሁሉም ነገር ከቃላት ተፈጥሯል። ሁሉም ነገር ከጥቃቅን ቅንጣት የተቀመጡ በተባለው አቶሞች ተፈጥሯል።
አተሞች እጅግ አነስተኛ እንደሆኑ በዚህ እሴት ውስጥ ከሚያገኙ ቢሊየኖች ይገባሉ።
እንደዚሁም ፣ ስዊድ ብዙ ሰዎች ምልክት የተደረገው ሲሆን ሲወጣ ብዙዎቹ ተወዳጅ ይሆናል።
ይሁን እንኳ አዲስ ፊደላት ሲወጡ ጥቁር በመቀነሻ ደረጃና በመጠቀም ላይ በቀኝ ቦታ ቀርቧል።
አሁን ሰዎች በኮምፒተር ማያ ላይ መልእክቶችን ያስገቡታል፣ ከዳተር እንቅስቃሴ ጋር ግን አይገናኙም።
ሰው ሲጠየቅ የህትመት ምርፊያው በአዲስ ነገሮች ምግባባት ሲመጣ ምን ይሆናል?
ቀላል ቦምቦች ከብዙ ፕሮቶንስና ኒውትሮንስ ጋር በሚቀጥቀጥ ነውክሊየት መሰል ነውክሊያዊ ኃይል የሚጠቀሙባት መንገድ ይሠራሉ።
እንደ ከባድ መኪና ከተራራ በላይ መምራት ነው። ሞተር በስተቀር፣ እንደገና ወጥቶ አንዳንድ ኃይል ይፈነቃል።
አንዳንድ ኑክሌአር ሞልኮዌዜዎች በተለይ በጥንቃቄ የሚበተኑ ሲሆኑ ለማለዳቸው አነስተኛ ወይም ምንም ኃይል አያስፈልጋቸውም ማለት ነው።
የጨረቃ ፊት በድንጋይ እና በአትክልት ተሰርቷል፡፡ የጨረቃው የውጭ ብርሃን በምድር ማኅፀን ተብሎ ይጠራል፡፡
የምድሩ ቆራጭ በቅርቡ በአርእስት አካባቢ ከ70 ኪሎሜትር እና በሩቅ በአርእስት አካባቢ ከ100 ኪሎሜትር ውፍረት አለው።
በዝቅተኛ አካባቢዎች ትንሽ እና በኮረብታ አካባቢዎች ትልቅ ይሆናል።
በዳርቻው በአጠገብ የተለያዩ የተለያዩ የተለያዩ የእሳት ዐለቶች ሊኖሩ ይችላሉ ምክንያቱም የምድሩ ኳስታ ትንሽ ወደታች ይወርዳል። ስለሆነም ከላይ ለማምጣት ይቀልላል።
የይዘት ምክንያቶች በምን እንደሚያሳብዝናል ወይም በምን እንደሚያሳዝናል ሰዎችን ለማወቅ መርከቦች ናቸው።
የዚህ አይነቶች ባህሪዎች የሚያመለክቱ ነው ሰዎች እያንዳንድ የሚሆኑት የሚፈልጉት እና / ወይም ምኞቶች እንደሚቀየሩ በዕድሜ ሲበልጡ ነው።
የሰው ልጆች አመታዊ አቋም በመሆናቸው እና በአካባቢያቸው ምን ያደርጉ ወይስ ሳያደርጉ በሚፈቅደው ነገር ላይ ይመስላል።
ሁለት ተወላጆች የይዘት ትንታኔዎች መንገድና የሕይወት ዕቅድ ለአስፈላጊዎች የሚሰጡት የማስሎ ሰቅሎች እና የሄርዝበርግ አካላይነትና ደስታ ትርኢቶች ናቸው።
በሚገባ መንገድ በሚመሩት ጊዜ ሁለት ዓይነት አቀራረብ ይሆናል። በዚያ ዙርያ አንዱ መምራቱን በአንድ ከእነዚህ ወንዶች (ወይም ሴቶች) ከተከበሩ ሊሰማ የማይፈልጉ ናቸው።
ይህ ዓይነት አስተዳዳሪ በማድረግ የማይወደዱ ውሳኔዎች፣ በደንብ ማስገባት፣ የሥራ አጠቃቀምን ማስወቅ፣ ሹሞችን ማመደብ እና ሰዎችን አስገባቾች ማድረግ ችግር ያለው ነው።
በትምህርቱ ሌላ ጫፍ በደረሰ ጊዜ አንዱ ትርፍ የማለትን የማያውቅ ይሆናል፣ እሱም ሥራውን ሁሉ ለመቀየር እና የገዛ የራሱ እንዲሆን የሚሰራ ሰው ይሆናል።
በመጨረሻ፣ መሪው በቡድኑ ውስጥ በሚገኙ ስኬትና ውድቀቶች ላይ ሀላፊነት መውሰድ አለበት።
ይህ አይነት ባህሪ ብዙ ጊዜ በቁጥር አለቆች እና በተረፈው የቡድን አባላት መካከል የተከፋፈለ ልዩነት ሊፈጠር ይችላል።
የኢንተርኔት ቡድኑ በሚመለከት የሥራ መጠን እንደ የመደበኛ ቡድን ተጠቃሚነት ይቀበላል፤ ነገር ግን አንድ ትልቅ ልዩነት ይኖራል።
የቡድኑ ተቀላቀሎች ለቡድናቸው የተመለከቱ የተወካዮች ምክንያት ይሆናሉ።
በአጠቃላይ ላይ በቡድናቸው ላይ ከተሠራዎች ይልቅ በራሳቸው ውስጥ አስተዳዳሪነት ይኖራቸዋል። ይህ የተለያዩ የጊዜ ክልሎች ላይ መገናኘታቸው ምክንያት የተሠራዎቻቸው ይህንን እንዲገባቸው የቦታው አስተዳዳሪዎች ባላወቁት አገር ሊሆን ይችላል።
“የማይታየው አብሮነት” በስለት እና የተቀረበው (Larson እና LaFasto, 1989, p. 109) የማይታየው አብሮነት የተውነተኛ ሲሚላሽን አብሮነት የሆነ አንድ መለያዪ አባላት ነው።
"የዘላቂ ቡድን" የአስተዳደር ቡድን ነው የሚወረውም እያንዳንዱ አባል። የዘላቂ ቡድን ለእያንዳንዱ አባል መርህን ያስተዋዋል።
ለምን ድርጅቶች የማሰተማማት ሂደትን ይፈጽማሉ ለትምህርት ያለው ድርጅት የመመስረት? የድርጅቱን ትምህርት አመለካከትን የማስገባት አንድ ዓላማ እንደሚሆን ለአዲስ የሆኑ እቅዶች የመፍጠር ነው።
በድርጅቱ የሥራ ክፍሎች ሁሉ በአሻሽሎት ሁሉም የተሰጡ ሃብቶች ሲጠቀሙ፣ ፍጥረትነትና ተልዕኮ እንዲሰነበቱ ይችላሉ።
እና እንደውጤቱ፣ የድርጅቶች በመተዳደር እርስ በርስ ጉዳይ ሊያስከትሉ በሚችሉበት ጉዳዮችን በመተላለፍ ለደምበኞች እንዲገቡ የሚተላለፉ አዲስ ሂደቶች ሊፈጠሩ ይችላሉ።
ከመድረኩ በፊት፣ መድረኮች የመደረክን ባሕል ለመፍጠር መሪዎቹ ዋና ነገር አለመሆኑ እና ዕውቀትን ማካፈልና የድርጅት መማር እንዲሁም አለመሆኑ ነው።
አንጀል (2006) የኮንቲዩየም አ
የአንድነት ሳይንስ ውሂብ አለመኖሩ ለአእምሮ መረምር ዘርፍ የተዋሕዶ ምስክርነት ያቀርባል፡፡ ስለዚህ የምርምር መስክ ያነጋግራል እና አጠቃላዩን ያንጋግራል።
የነሮሎጂያዊ እና ስራ ላይ ባለስልጣናዊ ችግሮች መግባባት ሳይንቲስቶችን በምርምራቸው ያግዛቸዋል።
በርግጥም ሀለወት በርካታ የሚያወቁት የምንምን አይነት አጉላይ ጉዳት፣ ችግር እና ጭንቀት እየተቻለና ለአንዳንድ የአእምሮ ተግባራት ለውጥ እንደሚያመጡ ነው።
አዲስ ቴክኖሎጂዎች የሚያበሩዋቸው አዳዲስ ዕቃ እና የተለያዩ የተመለከተው አካል እና አስተያየቶችን ያስችልናል።
ይህ ለእኛ ብዙ መረጃና ሰነዶችን ለማቅረብ ለምሳሌዎችን መሠረት በማድረግ ለአንደኛው የህንና ሰው በልብ ውስጥ ያሉትን ሂደቶችን ለማስተዋል እንደረዳን ነው።
በሳይንስ ፊክሽን ውስጥ በታላቅ መጠን የሚያታይ እንደሆነም አርቲፊሽያል ኢንተሊጅንስ (AI) አሁን በኮምፕውተር ሳይንስ ውስጥ በጣም አስፈላጊ ቅጥር ሆኖ የሚሰራ ሲሆን፣ እርስዎን እንዴት እንደሚመራ እንዲሁም እንዴት እንደሚቀላቀሉና እንዴት እንደሚተማሩ በማውራት የሚሰራ ነው።
AI ትንታኔ በማሽን ሠርተት የመሰረታዊ ሥራ የሚፈጽም የሚሰራውን የተሰለፈ ስራ ለመፈጸም ነው።
ምሳሌዎች የሚሆኑት አስተዳደሮች፣ ዕቅድ እና የጊዜ ሰንጠረዥ፣ የደንበኛ ባህሪዎች እና ጥያቄዎችን መልስ ለማስገኙ እንዲችሉ እንዲኖሩ ያስችል የሆኑ ከታዋቂነት፣ ድምፅ እና ፊት መለየት ጋር የተጠቃለሉ።
የተለያዩ ባህሎች በዕድገት ውስጥ በሚከተሉት ልማዶች ውስጥ ከተለያዩነት እየተከታተሉ እና በአንድ ላይ በሚያጋጥሙ ችግሮችን መፍትሄ እየሻሹ ነው።
የAI ሥርዓቶች አሁን በኢኮኖሚ፣ በህክምና፣ በምህንድስና እና በሠራዊት እየተጠቀሙ ሲሆን፣ በብዙ የቤት ኮምፒውተሮችና በቪዲዮ ጨዋታ ሶፍትዌሮች ውስጥ ተገኝተዋል።
ተሞክሮው የትምህርት መስኮት በእያንዳንድ ክፍል አስፈላጊ ክፍል ነው። ታማሚዎች በመልካም አይታ የሚያስደስቱ ቦታዎች ወዳሉበት ቦታዎች በሚጓዙበት አድራጊ ቀለበት አይተው ማስተላለፍ ይመርጣሉ።
ቴክኖሎጂ የሚያስችል ሁኔታ በእውነተኛ መስክ ጉዞዎችን አስተናውዶ በማቅረብ ነው። ተማሪዎች የሙዚየም ምርጥ ሥራዎችን፣ የአኳሪየምን ይጎብኙ ወይም የትውልድ ጥም ሥራዎችን ይመነቡ ይሆናል በክፍላቸው ከተቀመጡ ሲሆን።
በእውነተኛነት የትምህርት እይታ ማስመልከት የተሻለ መንገድ ሊሆን ይችላል የሚጓዙበትን ጉዞ ማስታወስ እና ከሚመጣ ክፍሎች ጋር የሚያስከትሉ ተሞክሮዎችን ማሳደስ።
ለምሳሌ፣ በሰንት ዓመት ወጥመድ የቤኔት ትምህርት ቤት ተማሪዎች ከኖርዝ ካሮሊና ስለ የራሳቸው ጉዞ ወደ ሳቴ ካፒታል ድርጣቢያ ይሰራሉ። የዓመቱ ድርጣቢያ ይደለደላል ግን የድሮው ድርጣቢያ እንደ ፎቶ መጽሐፍ ይቀመጣል።
ብሎግ ደግሞ የተማሪዎችን ጽሕፈት ማሻሻያ ሊረዱ ይችላሉ። የተማሪዎች ብሎግ በመጻፍ በመጀመሪያ እያንዳንዳቸው በየተለያዩ አቅም ውስጥ በመጥቀስ ሲሄዱ፣ ሕይወት በሙሉ ዓይነታቸው ይለወጣል።
ምክንያቱም ተማሪዎች እጅግ አስፈላጊ የታሰቡት የተመለከተ ብልሽት ሆነው ስለሆኑ፣ ብሎጋቸው ጽሑፋቸውን ለመሻሻል ብዙዎች ሞክረዋል ይህም በእነሱ ላይ የሚደረገውን ክርክር እንዲቀንሱ።
የድረ-ገጽ ተጻፊዎች “በዙሪያቸው የዓለም ጉዳይ ከፍተኛ ማስተዋል በተማሪዎች ላይ ይፈጥራሉ”። የአንባቢዎች ፈላጊነት የሚከተለው ተማሪዎችን በገጠመኝነት እና በአስተዋይነት እንዲሆኑ ያበረታታቸዋል (ቶቶ፣ 2004)።
የብሎግ ማስተዋል የትምህርትን ልዩነት እያስተዋወቀ በተለያዩ ደረጃዎች ላይ የትምህርት መረጃዎችን እንዲተላለፉ የሚያበረታታቸው መሳሪያ ነው።
በትክክለኛ ብሎጎች መጠቀም በአስተሳሰብ መግንዛት ላይ ተማሪዎችን ያስተምራል ፣ በመልስ የሚሰጡ መሳሪያዎች በመጠቀም በሌሎች ጽሑፍ ላይ የግል እይታዎችን ማቀነባበር ይችላሉ ፣ እንዲሁም በአንድ ጉዳይ ላይ የተለያዩ እይታዎችን ማቀነባበር ይችላሉ (ኦራቬክ፣ 2002)
ኦታዋ ካናዳው ከሁሉም የተለየ ከተማ ሲሆን በሁለት ቋንቋዎች የሚገኝ ሀገር ትርፍ እና የስነ-ጥበብ ጎርፎች፣ ሙዚየምናትና ጎርፎች ያሉበትና የካናዳውን ያለፉትና ያለፍበትን ዘመን የሚያሳየው ከተማ ነው።
ወደ ደቡብ ወደ ኒያጋራ ፋልስ እና ወደ ሰሜን ወደ ሙስኮካ ያልተነካ የገነት ውበት አለ።
ይህንን ሁሉ እና በዚህ በላይ የሚገኙ ነገሮች ሁሉ ለካናዳ የሚቀዳ የጌጥ አስተርእዮ በውጭ የሚገኙ ሰዎች የኦንታሪዮን አድርገዋል።
በሰሜን በኩል ያሉት ትልቅ አካባቢዎች እየተበተኑ እና አንዳንድ ሰዎች ባይኖሩበት ውስጥ ባዶ ናቸው።
ለስነ-መዋቅር ሁኔታ ለማነጻጸርነት አንድ በጣም አስደንጋጭ ነው፡ በአሜሪካ ውስጥ የሚኖሩ የአፍሪካ ዜናዎች ከካናዳውያን ይበልጣሉ።
የምሥራቅ አፍሪካ አርካፒሎ በምሥራቅ ዓለም ባሕር በአፍሪካ ምሥራቅ ባሕር ዳር ነው።
ማዳጋስካር ከሁሉም በታላቅ ከተማዎች በስተቀር አለው እና በአገሩ በየትኛውም ጊዜ እንደ ቀንዱ ያለ የአየር አህጉር ይታያል።
በመላው ዓለም አንዳንድ ትንሽ ደሴቶች የራስን አስተዳደር ሀገር ወይም ከፈረንሳይ ጋር ተያያዥነት አላቸው፣ ለባለጠጋ የማረፍያ ቤቶች በሚገኙበት የወጥመኛ ዳስሳ ማረፊያ እንደተታወቁ ናቸው።
የዓረብ ሰዎች ደግሞ እስልምናን ወደ ደሴቶቹ ይዘው መጡ እና በኮሞሮስ እና ማዮት ውስጥ አፈፃፀሙት።
15ኛው ምክንያት በፖርቱጋሊዝሙ ጋላኒዝዮር ቫስኮ ዳ ጋማ ከአውሮፓ ወደ ህንድ መንገድ አገኘ በመሆኑ የአውሮፓ ተጽዕኖ እና ክፍለ ምድር በመጀመሪያው በዛሬው ቀን ጀመረ።
ክልሉ በሰሜን በሳሄል ወጥመድ እና በደቡብ እና በምስራቅ በአትላንቲክ ውቅያኖስ ወጥመድ ይከበባል።
ሴት: ሁሉም ሴት ቱሪስቶች መስክ ላይ ሆነው ተመርጠዋል እንዲሉ እነርሱ ተወዳዳሪ ናቸው፣ የሚሆኑትም የትክክለኛ የጋብቻ ሁኔታቸውን አላስቀጣጥሩም።
እንደ እኩል አጠቃቀም ያለው የቀለበት መጠቀም እንኳ ቢሆን ቀለበቱ ብዙ ዋጋ እንደሚያስገኝ ይመስላል።
ሴቶች የባህል ልዩነቶች ምንጮቻቸው የሆኑትን አስፈላጊዎች እንደሚያዩ አስፈላጊዎች ሊያስተውሉ አለባቸው፣ ይህም እንደ ክንዱን መያዝና የቀጥተኛ መከታተል አይደለም ተለያዩነት እንደሚኖር ነው።
በወንዶችን በጠንካራ ሁኔታ አትቀበሉ እና አስጠርታዎት ራሶትን አቀማመጥ እንዳለብዎት አይፈሩ። (በባህሉ ልዩነት ወይም አይደለም፣ በተሻለ አይሆንም!)
የካዛብላንካ የዘመናዊ ከተማ በዓለም አቀፍ ትውልድ ተመራማሪዎች በ10ኛው ሲልቃድ ቀድሞ በቤርበር ጦረኞች በተመሠረተ፣ በፊኒቺያን፣ ሮማና ሜረኒድስ እንደ አንፋ የተባለ መልካም ዕቃዎች መስቀል ቦታ ተጠቀመ።
ፖርቱጋሊዎች ለማስፈረስና አዲስ በመስራት የቤት ባለቤት አስተካክለው በሰፈሩ ካሳ ብራካ አሉ፣ በ1755 ዓ.ም ግን ከመሬት ካስተነሳው መንቀጥቀጥ በኋላ ጣሉት።
የሞሮኮ የሃይማኖታዊ መሪዎች ከተማውን እንደ ዳሩ ል-ባድያ አዲስ አድረገው እና ከዚያ በኋላ በስፔንኛ ንግዶች በተመሰረቱበት የንግድ ማዕከል ከሰበሩበት በኋላ ካሳብላንካ ተባለ።
ቃዛብላንካ በሞሮኮ የሚገኙት ከምትሄዱበት ቦታዎች ላይ ለግብይት አነስተኛ ቦታ ነው።
በመዲና ዙሪያ በቀላሉ የሞሮኮ ወገን ንግዶችን እንደ ታጂኔስ፣ ሸራተክርት፣ የሰነድ ንግዶች፣ ሁካህስ እና የተለያዩ ዓይነት ጫፎች የሚሸጡ ቦታዎችን ማግኘት ይቻላል። ነገር ግን ሁሉም ለጎብኞች ብቻ ነው የተዘጋጀ።
ጎማ የተሰማራት ከኮንጎ ዴሞክራሲያዊ ሪፐብሊክ የትዕይንት ከተማ ሲሆን በምሥራቅ በርቀት ከሩዋንዳ ቅርብ ይገኛል።
2002 ዓ.ም ጎማ በኒያርጋጎንጎ ተራራ ከፍለ ላቭን በተመለከተ ደምበሶ እንደተቃጠለ ተገልጿል እና በከተማው አንዳንድ አደባባዮች፣ በክፍል በመሀከል በተልዩ ደምበሱ።
ሳይሆንም ጎማ ከጎማ ውጭ የሚደረጉ ጉብኝቶች በምንም እንኳ እንደሚደረግ የሚቀጥለውን ተግባቦት በሰሜን ኪቩ አውራጃ ለማወቅ መርምሮ ሊሆን ይችላል።
የኒያሪጎንጎ እሳቱን ለመስራት እንዲሁም በአፍሪካ ውስጥ ከሁሉም ዋጋ የተሻለ ጎርላ በር ላይ በሚገኙበት እንዲሁም ከተማ ናት።
በጎማ በማሳያ ለመቀመጥ ቦዳ-ቦዳ (ኪራይ ብስክሌት) መጠቀም ትችላለህ። የተለመደው ዋጋ (በአካባቢያዊ) ለአጭር ጉዞ ~ 500 የኮንጎሌዛዊ ፍራንክ ነው።
ከዚህ በታች መድረሳቸው ጋር የተዋሐደ እኩለ-ምድር “ቲምቡኩቱ” በጣም ሩቅና በጣም እንግዳ የሆነ ስፍራ ለመጠቆመ እንደሚጠቀም ተቀበለ።
ዛሬ፣ ቲምቡክቱ ድኻ ከተማ ናት፣ ሆኖም ስምዋ ስለሚያስታረቅት ለተጓዞች መስተዋት እና አየር ማረፊያ አለው።
በ1990 በምድረ በዳው የአሸዋው ድርቀት በኩል በዓለም ቅርስ ዝርዝር ውስጥ ወደ አደገኛ ዝርዝር ታክሏል።
ይህ በየአፍሪካ ትንሽነት የሚባለው ፒቢኤስ ልዩ ፕሮግራም በሄንሪ ሎዊስ ጌትስ እየተቀረፀ ላይ የተቀመጠ አንዱ ዋና ቦታ ነበር።
ይህ ከሀገሩ ውስጥ ሌሎች ከተሞች ጋር በአግባቡ የተለየ ይሆናል፣ ምክንያቱም የአረብ ተፅዕኖ የበለጠ ነው የሚባለው እንጂ የአፍሪካ አለው።
ኩሩገር ብሔራዊ ፓርክ (KNP) በደቡብ አፍሪካ
የፓርኩ አካባቢ አጠቃላይ የ19,500 ካሬ ሜትር ትይዩ ነው፣ እና ወደ 14 የተለያዩ የተንቀሳቃሽ አካባቢዎች ተከፋፍሎ ነው እያንዳንዱም በራሱ በተለያዩ የዱር አራዊት ይረዳል።
እሱ ከደቡብ አፍሪካ ዋና የቱሪስት መዳረሻዎች አንዱ ሲሆን፣ ከደቡብ አፍሪካ ብሔራዊ ፓርኮች (SANParks) ዋና የሆነ ቦታ እንደሚቆጠር ይታወቃል።
በደርሻ የግብርና እና የግቢ ክፍያዎች አለው፣ ማለትም በደቡብ አፍሪካ ሌሎች ብሔራዊ ፓርኮች እንደሚኖሩት።
በተጨማሪም በዛሬው ዓለም ውልድ ካርድ የሚገዙት ለብዙ ሰዎች አስተማማኝ ይሆናል፤ ይህ የአየር መንገድ ካርድ የሚመረጡትን አየር መንገዶች በደቡብ አፍሪካ ውስጥ ለመዳረስ እንዲሁም ደቡብ አፍሪካ ውስጥ ያሉት የአገር ሁሉ አየር መንገዶች መዳረስ ትክክለኛ ይሆናል።
የሆንግ ኮንግ ደሴት የሆንግ ኮንግን በአሜሪክኛ አዉሎ አድርጎታል እና ብዙ ቱሪስቶች ዋናው ተስፋ በሚያስቡት ቦታ ነው።
የሆንግኮንግ የሰማይ መስመር ህንፃዎች አንድነት ከሲንጋፖር የአገር የውስጥ ውስጥ መልክ ጋር የሚሰበሰብ ነው እንደሚያመለክተው በቪክቶሪያ ባይ ውሃዎች መውጣት በመፈጠሩ ተፈጠረ።
ሆንግ ኮንግን በመምሰል በተሻለ መንገድ ለማየት ከደሴቱ ውጭ ሆናችሁ ወደ በስተመለከቱ ያለው ኮውሎን በምትኩር ጎን ሂዱ።
የሆንግ ኮንግ ደሴት ዋናው የከተማ ልማት በሰሜን ባሕር ዳር በተዋጠበት መሬት ላይ ተለይቶ ይገኛል።
ይህ የእንግሊዝ የነበረው ግዛት እንደሆነ በራሱ አቀማመጥ ያለው ነው፣ ስለዚህ የድሮ የኮሎኒያል ምስክር የሚፈልጉ ከሆኑ ይህ አጠራርግ ለመጀመር የሚሆን የተሻለ ቦታ ነው።
ሱንዳርባንስ በዓለም ውስጥ ምርጥ የማንግሮቭ ዱር ነው ፣ ከባንግላዴሽ እና የሕንድ አገር ውስጥ 80 ኪሜትር (50 ማይል) ወደ ውስጥ በርቀት የሚዘልቅ።
የሱንዳርባንስ ክልል እንደ ዩኔስኮ የዓለም ቅርስ ዝርዝር ተመዘግቧል። የዱር ክፍል አንዱ ውስጥ የሆነ በህንድ ግዛት የሱንዳርባንስ ብሔራዊ ፓርክ ተብሎ ይታወቃል።
የዱር ዛፎች ውሃ ምንጭ ብቻ አይደሉም - የተረፈዉ ከዚህ ታላቅ ዱር በአንድ ጊዜ የተሸፈነዉን ጌንጌቲክ አውራ በር ይዞታል።
የሱንደርባንስ አካባቢ ሁሉም 3,850 ኪሜትሮ ካሬ ይሸፍናል፤ ከእነዚህ አካባቢዎች አንድ-ሦስተኛው በውሃ ላይ ነው።
ከ1966 ጀምሮ የሱንዳርባንስ ብሔራዊ ፓርክ የዱር እንስሳት መጠበቂያ የሆነው ነውና፣ እዛም በአሁኑ ወቅት በአካባቢው ውስጥ 400 የሮያል ቤንጋል ነብሮች እና 30,000 አሳዛኝነች መገኘት ተገመተዋል።
ከከተማው ወደከተማ (በወንዙ ማለት) የባስ ማጓጓዣ በቀን ሁሉ ይሄዳሉ፣ ብዙዎቹ የሚሄዱት ወደ ምሥራቅ ወደ Jakar/Bumthang መካከል 06:30 እና 07:30 ይጓዛሉ።
ምክንያቱም የከተማዎች መካከል ባስክን የሚንቀሳቀሱ ምላሶች አብዛኞቹ ተሞሉ ስለሆነ ከሁለት እስከ ሶስት ቀናት በፊት ትኬት መግዛት እንዲሻሽሉ ይመከራሉ።
ብዙ ከተሞች በትንሽ የተኪስ ባስኮች የሚጠበቁ ናቸው፣ እነዚህም በጣም ምቾት ያሉና አጽንኦት ያላቸው ናቸው።
የተካፈሉ ታክሲዎች ወደ ቅርብ ቦታዎች ለመጓዝ በፈጣን እና በሚያመች መንገድ ናቸው፤ እንደ ፓሮ (Nu 150) እና ፑናከሃ (Nu 200)።
ኦያፖክ ወንዝ ብሪጅ የሚባለው የስራሕ ብሪጅ ነው። በኦያፖክ ወንዝ ላይ ያለው ብሪጅ ብራዚል ውስጥ ያለውን ኦያፖክን ከፈረንሳይ ጉያና ውስጥ ያለውን ሳን ጆርጆይ ዲ ሎያፖክን ይያዛል።
የሁለት ፍላት ሕንፃ ከፍታው 83 ሜትር ሲሆን ርዝመቱ 378 ሜትር ነው እና ሁለት መንገዶች ያሉበት ስፋቱ 3.50 ሜትር ነው።
ከድልድይ ካሜራዎች የሚወሰደው መደበኛ ርቀት 15 ሜትር ነው። ሥራው በ2011 አውግስት ተጠናቀቀ ሆኖም መንገድ ላይ በ2017 ማርች እስከማይከፍት ቀረ።
ይህ ድልድይ በ2017 ግንቦት ለማስተናገድ ተመደበ ፣ በዚያን ጊዜም የብራዚል ቀረጥ እና ጉምረክ ክፍል መሆኑ ተጠበቀ።
የጓራኒ ሕዝብ በምሥራቅ ፓራጓይ የሚኖሩት ዋናው የቆዳው የአንዳንድ ህዝቦች ቡድን እንደ ሰይፈኞች-መሻሻዎች እየተኖሩ ያሉት አካባቢያዊ የመኖሪያ አዲስ እንደሚሰሩ መሆናቸውን ያሳያል።
የቻኮ ክልል ሌሎችም አበሻ ቡድኖችን እንደ ጉያኩሩ እና ፓያጓ ያደርጋል፣ እነሱም በማበላት፣ በማሰባሰብ እና በዓሣ መያዝ ሕይወታቸውን ይቀጥላሉ።
በ16ኛው ክፍለ ዘመን የፓራጓይ ቀድመኛ “የህንድ ከተማዎች ከተማ” የሚል ተብሎ በየጊዜው የተጠራው ከየትምህርቱ የተነሳ በአገር ውስጥ የሚገኙት የህዝብ ነዋሪዎች ላይ የተገኘ ስልጣን ተፈጥሯል።
ስፓኒዎቹ የኮሎኒያሊዝም ጊዜያቸውን አስቀድሞ ሦስት ዘመናት ቆየው ነበር።
ከ1537 ዓ.ም ጀምሮ አሱንሲዮን በተመሰረተበት ጊዜ ጀምሮ ፓራጓይ የቆዳዊውን የሕዝብ መለኪያና መቼውንም ለማስቀመጥ እርምጃዎችን ወሰደ።
አርጀንቲና በሚያምርባቸው ከዓለም ውስጥ ከተሻለች የፖሎ ቡድን እና ተጫዋቾች ምክንያት በመልካም ትዕይንት የታወቀች ናት።
በዓመቱ ታላቅ የውድድር ፀዳጅ በዲሴምበር በላስ ካንያታስ የፖሎ ስታዲየም ውስጥ ይካሄዳል።
የመዋጮው እና ትልቅ መዋጮዎች የበለጠ ትንሽ ባለው አይነት ይህን በዓመት ዙሪያ በተለያዩ ጊዜያት ማየት ይችላሉ።
ለውድድሩ እና የውድድሩ ትኬቶችን ለመግዛት በአርጀንቲና የፖሎ ማህበር ያዩ።
የፎልክላንድ አውራጃ ሀገራዊ ገንዘብ የፎልክላንድ ፓውንድ (FKP) ነው እና ወደ የብሪታኒያ ፓውንድ (GBP) ተጣምሯል።
በአየር ደሴቱ Stanley ላይ ሚገኝ በአንድትና ብቻ የሚገኘው ባንክ ብቻ ነው የሚያስችል እና የ FIC ዌስት ማህደር በመስከረም የሚገኝ።
በደሴቶች ሁሉ በአጠቃላይ የብሪታኒያ ፓውንድ ይቀበላሉ፣ እና በስታንሌይ የክሬዲት ካርዶችና የአሜሪካ ዶላሮች ደግሞ ይቀበላሉ።
በሩቅ ደሴቶች ላይ የክሬዲት ካርድ መጠቀም እንኳን እንደ እንግሊዝና የአሜሪካ ገንዘብ ቢሆን ተቀብሎ ይሆን የለም፤ ስለተቀበሉ የክፍያ መንገዶች ለመለየት ቀድመኛው ባለቤቱን ይጠይቁ።
በፋልክላንድ ደሴቶች ውጭ የፋልክላንድ ገንዘብ መለዋወጥ ኣስቀድሞ አይቻልም፣ ስለዚህ ደሴቶችን ከምትተው በፊት መለዋወጡ ይኖርብዎታል።
ምክንያቱም ሞንቴቪድዮ ከአኳታቱ በደቡብ ስለሚገኝ፣ በዚያ በበጋ አዋጅ ወዲያው በሰሜናዊ ክልል በክረምት ላይ ይገኛል፣ እንዲሁም በቀለን ሁኔታ።
ሞንቲቬዲዮ በሙቀት የተባበሩት በርካታ የሚገኙበት ነው፤ በበጋ ከ 30 ዲግሪ በላይ የሚደርሰው ሙቀት መቶደድ የተለመደ ነው።
ክረምቱ በጣም ቀዝቃዛ ይሆናል፤ የሙቀት መጠን ከመፍንጫው በታች አይወርድም እንጂ፣ ነፋስ እና እርጥበት በተደበወበት ምክንያት ከመለኪያ ይልቅ በጣም ቀዝቃዛ ይሆናል።
የውሀ ስንኩልና የደረቅ ወቅት በተለይ የለም፤ የዝናብ መጠን በአመቱ ዙሪያ በአንድ ደረጃ ላይ ይወርዳል።
ብዙ እንስሳዎች በፓርክ ውስጥ ለሰው የዱር እንስሳዎችን ለመመልከት ይጠቀማሉ፣ ነገር ግን የዱር እንስሳዎች በቤት መታመር ወይም መታገሥ አይገባም።
በፓርክ ሹማምቶች መሰረት ከነብርዎችና ከዱካኖች እንዳለመሆን ቢያንስ 100 ጫማ ርቀት እንዲሁም ከሌሎች ሁሉ የበረሃ እንስሳት ቢያንስ 25 ጫማ ርቀት መጠበቅ አለብዎት!
ማንኛውም የተንጠረጠረ እንደመሆናቸው ብቻ የአንበሳዎች፣ የነብሮች፣ የድቦች እና ሌሎች ብዙ እንሰሳት ሊደበደቡ ይችላሉ።
በየዓመቱ፣ ብዙ ጎብኚዎች በማስተካከያ ርቀት ስላልጠበቁ ጉዳት ያገኛሉ። ትልቅ፣ አራዊት እና ሊጋረመው የሚችል እንስሳት አሉ እንጂ በተለምዶ ርቀትን ስጡን።
በተጨማሪም የሽቶዎች ተሳፋሪ ሲሆኑ እንዲሁም ሌሎች የዱር እንስሳትን በመሆን ማስተዋል አለብዎት እንዲሁም ሽታ የተሞላ ምግብ ማምጣት ወይም መጋገር እንዳይገባ በካምፕ አካባቢ ንጹሕ መጠበቅ አለብዎት።
አፒያ የሳሞዋ ከተማ ነው። ከተማው በኡፖሎ ደሴት ላይ እንደተገኘ እና ከ 40,000 በታች የሚሆን ሕዝብ አለው።
አፒያ በ1850 ዎቹ ተመሠረተ እና ከ1959 ጀምሮ የሳሞዋ ዋና ከተማ ሆኗል።
1889 ዓ.ም የደረሰው የባሕር ግጭት በግርመን አሜሪካና ብሪታኒያ 7 መርከቦች ከወደቡት ሆነው የአሳፋሪ ሲኖዎች ሲያዘዙት ከባሕር መውጣት የሚያዛውንባቸው ነው።
በአንድ የእንግሊዝያዊ መላኪ በቀር ሁሉም መርከቦች ተሰቃይተው በነበሩ በኩል፣ ከ 200 በላይ የአሜሪካና የጀርመን ሰዎች ሞቱ።
በማው እንቅስቃሴው የተደራጁ ለድል ጦርነት ወቅት ውስጥ፣ በከተማው ውስጥ ሰላማዊ ሰልፍ አድርገው የተፈጸመው የአለቃው ቱፓ ታማሴሰ ሌአሎፊ III የተወከሉት ነበር።
አውክላንድ የሁለት ተከታታይ ማስተርኮች በሚያስከትሉት ብዙ የባሕር ዳርዎች አሉ። በሶስት አካባቢዎች የተመለከቱት ናቸው።
ኖርት ሾር (በኖርት ሃርበር) በፓሲፊክ ውቅያኖስ ውስጥ እና ከሎንግ ቤይ በሰሜን ጀምሮ እስከ ደቨንፖርት በደቡብ ድረስ በርካታ ይሰፋ።
ሁሉም በተለይ አስቀምጡ ከዝናብ ደን የሚጠበቁ እና አስተማማኝ የመዋኛ ገንዳ ያላቸው የባሕር ጎጆዎች ናቸው።
ታማኪ ድራይቭ በዋይቴማታ ሀርበር ከሚገኙ ሀብታሙ አካባቢዎች የሚሽን በሚሽን ቤይና ቅዱስ ሄሊየርስ የከንቱር ኦክላንድ ውስጥ ነው።
በማህበራዊ ቦታ የተሞሉ በረሃ ላይ መብዛት ያላቸው ሱቆች ጥቂት ጊዜ ከተፈጠሩ ቤተሰቦች በረሃዎች ሊሆኑ ይችላሉ። መንካት የሚቻለው ነው።
በአካባቢው "ቁጥር አንድ" የሚባለው ቢራ አልነበረውም የሚስተካከል ቢራ ነገር ግን ደስታ እና ማረፊያ ያመጣል። ሌላው በአካባቢው ቢራ "ማንታ" የሚባል ነው።
የፈረንሳይ የወይን ጠጅዎች እጅግ ጥሩ ናቸው እና ያሉ መሆናቸው አለባቸው፣ ነገር ግን የኒውዚላንድና የአውስትራሊያ የወይን ጠጅዎች በእውነት ይሻላሉ።
የዚያው አካባቢ ውሃ ለመጠጣት በጣም ደህና ነው፣ ነገር ግን ምናልባት ካስፈራራችሁ የብድር ውሃ በቀላሉ ሊገኝ ይችላል።
ለአውስትራሊያዊያን በነጻነት ነውር ቀለማቸው ካፌ አለመኖሩ ውጪ ነው። ጥቁር ኢስፐራንዞና ከፍሪም ጋር (በፊት) እና ያለ ወተት የሽሪ ሻይ ተወሰነው የተሰበሰበ ነው።
የሻካሎ ቀላል በቤልጂያም መሠረት ነው። የፍሬ ጭማቂ ደግሞ ወጥመድ ሆኖ አስተማማኝ ነው።
ወደ አረፍተኮረብቶቹ የሚወስዱ ቦታዎች በየዘመኑ ይኖራሉ እና ከተከሰተው አደጋ የሚገኙ ጉዳቶች እጅግ ጥቂቶች ናቸው።
በመቀደም ባለሥልጣናት ትዕዛዝ ይከተሉ ፣ ሁሉንም መልእክቶች ይከተሉ እና ወደ ደህንነት ማስጠንቀቂያዎች ትንሽ ተማክሩ።
ቦክስ እንሰሳዎች ከኦክቶበር እስከ ኤፕሪል በሰሜን ክልል በቅርቡ በአሸባሪ እና በሐውልታዎች አካባቢ ይገኙበታል። በዚህ ጊዜ በውጭ ክልሎች በአንዳንድ ጊዜ ሊያገኙት ይችላሉ።
አሳ በዚያ አሉ፣ ነገር ግን እነሱ ሰዎችን ለመደበደብ በጭራሽ አይሄዱም። ብዙ አሳዎች ከሰዎች ይፈራሉ እናም ይሸሻሉ።
የጉርሳዎች ዋና መኖሪያ ባሕር አይደለም፤ የሚገኝባቸው የአፋፍን ወንዝ አፈፃፀም በሮክካምፕቶን ሰሜን ወገን ነው።
ማስቀድም ቦክንግ መስራት ለጉዞ ሰዎች አካባቢያቸውን በመደረሱ ቦታ ለመኖር የሚገኙ በመሆናቸው ያስተዋልቃል።
የጉዞ ድርጅቶች ብዙውን ጊዜ ስለ አንዳንድ ሆቴሎች ምክር ይሰጣሉ፣ ሆኖም እርስዎ ሌሎች አይነቶች የመረፊያ ቦታዎችን እንደ ሰፈር ቦታዎችን በየጉዞ ድርጅቶች በማዘዝ ሊያስቀምጡ ይችላሉ።
የጉዞ ወኪሎች በተለማሙሉ የዕርሻ የጉዞ ፍላጎቶች የሚሰጡ ናቸው፤ ምንም እንኳ እንደ ዕርሻ ምግብ፣ ከአየር ማረፊያ ወደ ሆቴል/ከሆቴል ወደ አየር ማረፊያ መጓጓዣ ወይም አስተርእዮ የበረራና የሆቴል ጥቅሎች የሚያቀርብ ናቸው።
እነሱ በድርሻችሁ ላይ መዝገብ ይችላሉ ወይም የእናንተን ጉዞ ሰነድ (እንደ: ቪዛ) እንዲያዘጋጁ ወይም ለማስበብ ጊዜ እንዲሰጡ ይችላሉ ወይም የምትሻውን አቅርብት ለመስማማት ጊዜ አስፈላጊ ከሆነ።
ማንኛውም የማሻሻያ ወይም ጥያቄዎች በመጀመሪያ በጉዞ ወኪል በኩል እና ሳይሆን በቀጥታ ወደ ሆቴሉ መላክ ይኖርበታል።
ለአንዳንድ ፌስቲቫሎች የትምህርት ፌስቲቫል አቅራቢያዎች በብዛት የሚያስገቡት የጊዜ ክፍለ በርካታው የዳሰሳ ድረስ የሚደርስ እንደሆነ ይታወሳሉ።
አቅራቢያው በማየት ከሚያስመጡት ቀርበው ለመሆን በመጀመሪያ መግባትና አጠገብ የማድረግ የካምፕ ስፍራ መግባት አለብዎት።
እንኳን በዋናው መድረክ ላይ ሙዚቃው ሲጨርስ፣ ከሙዚቃው ክፍል የሚቀጥሉ ክፍሎች እስከ ሌሊት ይቀጥላሉ።
አንዳንድ ከተሞች የተለያዩ የዳቦ ቦታዎችን ለቤተሰቦች እና ለልጆች ያስተካክላሉ።
በክረምቱ በሰሜን ባልቲክ ባሕር በመሻገር ጊዜ ካቢንውን ለመመርመር ይህንን ያህል የበረዶ ተጋድመው የሚፈጠሩ የተደነቁ ድምፆች ለአብዛኛዎቹ ሰዎች የሚያስፈሩ ናቸው።
የመርከብ ጉዞዎች በሴንት ፒተርስበርግ በከተማ ውስጥ ጊዜ አበልጻጽልል ይኖራሉ። የመርከብ ጉዞ ተከራዮች ከቪዛ መስፈርቶች ውጭ ናቸው (መስፈርቶቹን ይፈትሹ)።
ብዙ ጊዜ በተገኝተው እና በእንግዳ ወገኖች ላይ ገንዘብ መውሰድ ለማሳደግ ካዚኖች ብዙ ጥረት ያደርጋሉ። መስኮቶቹ እና የሰዓት አስታዋጪዎቹ ተዘግተው ሊገኙ አይችሉም እና መውጫዎቹም በማግኘት በጣም ቀስተኛ ናቸው።
በመደበኛነት እነሱ የተለያዩ ምግብ፣ መጠጥ እና መዝናኛ ይሰጣሉ የተገቢውን የእንግዳውን ሁኔታ ይጠብቁ እና በቤት ውስጥ ይኖሩ ዘንድ ይወዱ ያደርጋሉ።
በአንዳንድ ስፍራዎች አልኮል ነበረ፣ ነገር ግን መጠጣት የአስተሳሰብ ጎዳና ነው፡፡ ሁሉም የጊዜ አመንዝራዎች የተለያዩነት እንዲበዙ መሆኑን ያውቃሉ።
ማንኛውም ሰው ወደ ከፍተኛ አውሮፓዊ አካባቢ ወይም በተራራዎች ላይ መንቀሳቀስ ለሚሻው በረዶ፣ በረዶ እና በጣም ከፍተኛ የሆኑ ሙቀቶች እንደሚከሰኩ መቈጠር አለበት።
በቀዝቃዛ እና በሽታው መንገዶች ላይ የንፁህ ሙሉነት ዝቅተኛ ስለሆነ እንደመሬት መንገድ ሳይሆን መመሪያ መያዝ አይቻልም።
በወረወር ማጨቂያ ጊዜ ያለበት በቂ የሚያስቀመጥህን በረዶ የሚወርድው እጥፍ ይሆናል።
ብዚብልናው በወረደው ወይም በሚቀል በረዶ ወይም በሚያንዳንድ ቦታ በትልቅ በረዶ ወይም በተቀየረ በረዶ በመኪናዎች መስኮቶች ላይ የተገለጸ ሊሆን ይችላል።
በተቃራኒ፣ በብዙ ሀገራት በብርድ እና በረዶ የተነሳ የአየር ሁኔታ በመደበኛ መሆኑ፣ በዓመቱ በመላው ወቅት በዝቅተኛ መጠን የትራፊክ ዝቅተኛ ማስተናገድ ይሆናል።
ሳፋሪዎች በአፍሪካ የትውልዶች አስደሳች ቦታ ስለሆኑ ለብዙዎቹ ቱሪስቶች ትልቅ አስደሳች ናቸው።
የሳፋሪ ቃል በብዙ ጊዜ በማስተናገድ የሚውል ቃል የአፍሪካ የዱር እንስሳትን አስቀርቦ ከእንግዲህ በሳቫና የመሳሰሉ ቦታዎች መስተዳድር የሚሆን ይመስላል።
አንዳንድ እንሰሳት እንደ አንበሳና ነብር ወደ መኪናዎች ቀርባቸው ይሆናል፣ የመሳሪያዎች መደበኛ አቀማመጥ ደግሞ ለመግባባት ትክክለኛ ይሆናል።
በአንዳንድ ጊዜ ነብሮች፣ ነብራሶች እና ዘብራዎች ለመገናኘት የሚያስቸግሩ ሊሆኑ ይችላሉ እና በማያንያን ይሻላል።
ሳፋሪ (አለመሆኑ በሳፋሪ አስፈላጊ ወይም ሳፋሪ ሄድበት ወይም ሳፋሪ ሄድበት ሊጠራ ይችላል) የሚደረገው በመውጣት ሲሆን ምንም እንኳን ለጥቂት ሰዓታት ወይም በጥቂት ቀናት ሊደረግ ይችላል።
2021 ፓራልያምፒክ ከኦገስት 24 እስከ ሴፕቴምበር 5 ይካሄዳል። አንዳንድ ዝግጅቶች በጃፓን የተለያዩ አካባቢዎች ውስጥ ይካሄዳሉ።
ቶክዮ በአዚያ ውስጥ አንድ ከተማ ብቻ ነው የበጋ ኦሊምፒክ ጨዋታዎችን ሁለት ጊዜ በማስተናገድ፣ በ1964 የኦሊምፒክ ጨዋታዎችን ሲያስተናግድ።
2020 ለዓመት በተሰረዘ ከተሰጠ በፊት በረራና መኖሪያ ቤት ቢያዘዙ፣ የሚገርም ሁኔታ ይኖርባቸዋል።
ፖሊሲዎች የተለዩ ናቸው ነገር ግን እስከ ማርች መጨረሻ በተመለከተ ኮሮናቫይረስ የሚተወውን ብዛት የፖሊሲዎች እስከ 2020 ጁላይ አይሳሳትም፤ በዚያን ጊዜ የኦሎምፒክ ጨዋታዎች እንደተቀጠሩበት።
ብዙ የግብይት ቲኬቶች በ ¥2,500 እና ¥130,000 መካከል ዋጋ መሆን ይጠበቃሉ፣ ነገር ግን የደጃፍ የግብይት ቲኬቶች ከ ¥7,000 ያለውን ዋጋ ይኖሯሉ።
የአለዝንባ መስፋዕትን ለማደርቅ የሚረዳ ባለዝንባዎቹን ማስገባት ይረዳል። ብዙ ሆቴሎች ባለዝንባዎች እና አዲስ መብራቶች ለውድቀት ያሉ እንዲሁም በክፍሉ ካልነበሩም እንኳን ነው።
ካለው ባለው መጠቀሚያ ቢጎድልም ወይም ትክክለኛውን ጠርጥር ባይኖርዎትም የሻጭ ማሽንን ሊያደርጉ ይችላሉ ቢኖርዎት።
ብጀ በተጠበቀ መንገድ መስራት እንዳይሸትተው (ይህም ሊያደርቅ ወይም በከፋት ሁኔታ ሊቃጠል ይችላል) የተጠቀሱትን ካምባዎች አይሸትቱ።
ውሃን ለማንጻት በተለይ መንገዶች ይኖራሉ፣ ሌሎች ከነበሩት ከፍተኛ የሆኑ በአንድ ተከታታይ ውጤታማ መንገዶች ናቸው።
በአንዳንድ አካባቢዎች ውሃውን ለአንድ ደቂቃ ማቀምጨት ብቻ ይበቃል፤ በሌሎች ቦታዎች ግን ስትል አንድ ከተራ ደቂቃዎች ያስፈልጋል።
የማጣሪያዎች የሚካሄዱበት ሁኔታ አይነቱ ይቀየራል እና መርጠው መሆን አለባቸው፤ ከዚያም ከሚያምኑት ኩባንያ ውስጥ የተዘጋጁ የውሃ ቢሶችን መሙላት ማስበል አለብዎት።
ቱሪስቶች በአገራቸው ያልተወያዩት የፍላጎት እንስሳት በየስፍራው ሊገኙ ይችላሉ።
በሙሉ የሚባሉ በሽታዎችን መፍጠር ወይም በምግብ ጥፋት ወይም አበባ መፍጠር እና በተከታታይ ከፍተኛ ሁኔታዎች ላይ በሽታዎችን መስጠት ወይም ማስተላለፍ ይችላሉ።
የአደገኛ እንስሳ የሆነ ተላላፊ ወይንም ስርጭታዊ በሽታ አባሪን ወይም ሞት ሊያመጣ ይችላል፤ በአንድነት ተጠቀምበት መሆኑ ወደ እንደ ዓለም አቀፍ በሽታ አይቈጠርም።
የግብር ነፃ ግብይት የተለያዩ ገበያዎች ውስጥ ግብርና አከፋፈል ከሚከፈለባቸው ንብረቶችን ለመግዛት የሚሰጠው እድል ነው።
ወደ ቀጣይ የግብር ሀገሮች የሚጓዙ ምናልባት ከመጠጥ እና ጤናማ ቀመር በተጨማሪ ለሚገቡ የሚሰራጨውን ገንዘብ በማግኘት ሊቆጠሩ ይችላሉ።
በፖይንት ማሪዮን እና ፋርሞንት መካከል ላይ የተገኘው የመንገድ ርዝመት በቡፊሎ-ፒትስበርግ መንገድ ላይ በአካላችን በተወሰኑ ክረምቶች እና በድንጋጤ የተዋረደ የማዕበል ወረዳ ውስጥ የሚገኝ እጅግ የተጠቃለለ መንገድ ነው።
ከታሪክዎ አቅርበው በማዕዘን መንገዶች ላይ ባላወደደው ጊዜ በጎን በእጅጉ ስርዓት የሚገኝበትን ጠቋሚነትን በማወቅ ይጠቀሙበታል።
በእዚህ በፊትና ከዚህ በኋላ በሚቀጥሉ ክፍሎች የተሰጠው ፍጥነት አለፈፈላ በጣም ዝቅተኛ ነው - በመሠረት 35-40 ማይል/ሰዓት (56-64 ኪ.ሜ./ሰዓት) - እና የትኛውም ጊዜ ከሌሎች አካባቢዎች ይልቅ በጥብቅ መከተል አስፈላጊ ነው።
አስገራሚው በተለይ በተለያዩ መንገዶች ከማህበራዊ የሞባይል ስልክ አገልግሎት እንደ የፔንስይሌኒያ ቴርንፒክ የተሻሻለ ይጠቀማል ነው።
የጀርመን ቋንቋ በጣም ጥሩ ነው፣ በባቫሪያም በጣም ብዙ ነው እና ከደቡብ ጎረቤታቸው ኦስትሪያ ቋንቋ ብዙ መሰረታዊ ተመሳሳይነት አለው።
የፍሬ ኬኮች የተለያዩ ናቸው፣ በመልካም የዓመት ውስጥ በመጠቀምበት እና በምርቃ የኬኮች ላይ የተጠቀሙት ዋናዋና ነገሮች ፀራጌና ፕለም ናቸው።
ብዙ ጀርመን አልኮሆል ብዙውን ጊዜ ሎዛና ሀዝልናትና ሌሎች አይነቶች ይይዛሉ። የተወደደው ገብነት በብርቱ ቡና ጋር በመቀመጫ በጣም ጥሩ ይመስላል።
ካንክኤክ የምታደምጡ ከሆነ፣ በአካባቢያዊ ውጤታቸው የተጠቀሙትን በርሊኔር፣ ፋንኩከን ወይም ክራፈን መሞከር ይኖርቦታል።
ዱቄት አይነት ምግብ ነው፤ ከሰላሳ እና የምስል ነገሮች የተቀሰቀሰ በሥጋ ወይም በአትክልት የሚሰራ።
ጉዳቱ የደረቀ ወይም የተፈጨ ሊሆን ይችላል እንደውንብት መጠኑ ተመስርቶ።
በህንድና በፓኪስታን ሰሜን ክፍሎች በመላው በቅመም የተሟላ ምግብ በኮኮና ወተት ይጠቀማሉ፤ በህንድ ደቡብ ክፍልና በባሕር ዳር አካባቢዎች በመላው በምንም ውስጥ ኬችጉፕ ይጠቀማሉ።
17,000 ደሴቶች ሲኖሩም የኢንዶኔዢያ ምግብ በአገሩ ውስጥ የሚገኙ አስተማማኝ ምግቦችን የሚለው ሁሉም በአንድ ሀረግ የሚያካትቱ ቃል ነው።
የቀጠሮው ጊዜ ከተጠቀሰ በፊት ተጨማሪ አይነት መብት ባይገለጽ፣ የተጠቀሰው የቀጠሮው ጊዜ ከመሃል እና ከሃዋይ የጃቫ ደሴት በመጡ የታሪክ ምግብን እንደሚያመለክት ይደመሰሳል።
አሁን በደሴቱ ላይ የተፈነዳ የጃቫንኤዝ ምግብ በቀላሉ የሚሰናዳ ዘመናዊ ጌጣጌጦች እና በጃቫንኤዝ በጣም የሚወደዱት የሚያደርጉ ቅመሞች እንደ ሩዝ ፣ እንደ ፍሪጆል ፣ ስኳር ( በተለይ ጃቫንኤዝ የበረሃ ሲራፕ) እና የተለያዩ የሽታ ማስተናጋጅዎች ይሆናል።
የእግሮች ደረት የሚቀመጡበት የተላላፊ እግር ደጋፊዎች እንኳን ከቲስ ላይ በሁለቱ በኩል የሚገኙ ናቸው።
ለሹፊሩ ብዙ ጽንሰ-ትንቢት አቅርበዋል ግን ከሹፊሩ የማቋረጥ አገልጋይ በመሆኑ ደህንነቱ ጉዳት ሊያስከትል ይችላል።
አስገኚው በፈረስ ላይ ሳለ ከፈረሱ ወድቆ በእግሩ ላይ በረከሰ ቢሆን፣ ፈረሱ ቢሮጥ በኋላው ይጠረግላል። ይህን ዓይነት አደጋ ለመቀነስ ብዙ ደህንነት አማራጮች መውሰድ ይችላሉ።
ከሁሉም በፊት ብዙ አሳሳቾች የሚለቀቁበት የሚጋለጡ እና በአካባቢው የሚገለብቱ ያሉ የሚስተካከሉ ዳር ጫማዎችን ይለብሳሉ።
በተጨማሪም በአንዳንድ ፈረሶች፣ በተለይ በእንግሊዘኛ ፈረሶች የደህንነት በር አለ የሚለው ሲወደቅ ተሸኛው ከሰረገላው እግሩ ለማራችት የሚፈቀድ።
ኮቻሞ ተራራ - የቺሊ የተራራ አውጪ መድረክ፣ የደቡብ አሜሪካ ዮሴሚቲ በተባለው በኃይሉ ምስሎችና በተለያዩ ትልቅ ዐለቶች በተቀላቅለ የሚታወቅ ነው።
ከላይ አስገራሚ ዓለም አቀፍ ኮበለማዎች አዲስ መንገዶችን የሚፈጥሩ በመጨረሻው ተአምራት ውስጥ እየተደራጀ ነው።
የበረዶ የተራራ ወረዳ ስፖርቶች ድርሻ ያይዋሉ እንደስኪንግና ስኖዋቦርድንግ ይገኙታል፡ በቀላሉ በበረዶ የሚሸፍነውን የምድር ፈረስ በእግር በሚጣጠፉ ስኪዎች ወይም ስኖዋቦርድስ ከተጠቀመ በኋላ መውረድ ነው።
ስኪንግ ትልቁ የትኛውም ቦታ የትኬዝ እድል ሲሆን በእንግዲህ የሚሰሙ ብዙ ሰዎች አሉ፤ አንዳንድ ጊዜም እንደ "ስኪ ባምስ" የሚሉት በአንድ አንዳንድ ስፍራ ለማስተናገድ የሚዘጋጁ ሰዎች አሉ።
የእስኪይን መተላለፊያ አስተያየት በጣም ድሮ ነው- በድንጋይ ላይ የተደረጉ ፎቶዎች የእስኪይን ታይታቸውን እስከ 5000 ዓመታት ድሮ የሚያሳዩ ናቸው!
ከ17ኛው ክፍለ ዘመን ጀምሮ የሚታወቅ የስኪ ማረፍ አዝማሚያ ነው እና በ1861 የመጀመሪያው የአስተዋጽኦ ስኪ ክለብ በሆርዌይያን በአውስትራሊያ ተከፍቷል።
ስኪይንግ: ይህንን ሥራን ሌላ በሌላ ስም እንደ ክሮስ-ካውንትሪ ስኪይንግ ወይም ስኪ ቶሪን ወይም ስኪይንግ ደግሞ እንሰማዋለን።
ይህ በመታሰቢያ ስንኳ ከነበረበት ጋር አይደራሽም፣ ከኮረብታ ወይም ከተራራ መስራት ጋር የተያያዘ አይደለም፣ እንደዚያ የሚያደርጉት ሰዎች በሚያዝን ቦታ ላይ ሆነው የሚወጡት ሲሆን ጠንካራ የስኪ ጫማዎችን እና ጫማዎችን መለበስ አለባቸው።
የስኪ ትራክን እንደ የእግረኛ መንገድ ይገነዘቡት።
በተሻለ ሁኔታ ከመራመድ ይልቅ በተለይ ርዝመት ማስከበር ይችላሉ - በጣም ግን ምርጥ የዛሬይቀላ መስክ ወደሌላ አገር መጓዝ በመጓዝ ጥራት ሲለመኑ የጫፈ የመሳሪያ ክርክርን በጥቂት ያረጋግጣሉ።
አውሮፓ በመጠኑ ትንሽ ነገር ነው የሚሉ ብዙ አገሮች ግን የሚገኙበት ዓለም ክፍል። በመደበኛ እንስሳት ብዙ አገሮችን መሻት ማለት ብዙ የቪዛ እና የአቶክራት ማረጋገጫ ይረጋግጣል።
እንዴት ነው የሆነ በሳንደን ዞን፣ በዚህ ረድፍ ያለ ሌላ ሀገር እንደሚሠራ ይሠራል።
በዚህ ክልል ውስጥ ቢሆን ተመልክተው ወደማዕከላዊ መንገድ ያለ እንደገና የፓስፖርት ቁጥር ማረጋገጥ መሻገር ይቻላል።
እንደ ሽንግን ቪዛ እንደሆነ፣ ለእያንዳንዱ ሽንግን አባል ሀገር ቪዛ ለማግኘት አይደለም፤ ይህም ጊዜ፣ ገንዘብ እና የወረቀት ሥራ እንዲጠበቅ ያግዛል።
የስርዓተ አለም የተዘጋጁ የመገናኛ ትእዛዞች የሚባሉትን ምን አይነት የተሰራ እቃዎች አንቲክ እንደሆኑ አይገልጽም። አንዳንድ የጉምሩክ አገልግሎቶች ከ 100 ዓመት በላይ የሆኑትን እቃዎች አንቲክ አድርገው ያመድቡናል።
እንደዚህ ያሉ የተረጋገጡት አስተያየቶች ወደ የጆሎጂያዊ ለውጦች ይመራሉ እና በአንዳንድ ቦታዎች የእድሜ ርዝመት ከተለያዩ ቦታዎች እንደ በአውሮፓ በኩል በከፍተኛ ደረጃ አጭር ይሆናሉ።
የአርቲፍስ ንጥሎች እንደ ድሮ ኑሮ ተቀይረው ሊታዩ ይችላሉ፣ ምንም እንኳን ከብዛት በብዛት የተፈጠሩ ንጥሎች እጅግ ታናሽ ሲሆኑም።
የላም መሬት ሥራ በሳሚ ማህበረሰብና በዙሪያው ባለው ባህላት ለምግብ ምንጭ አስፈላጊ ነው፣ በንግድ ለብዙ ሙያዎች ደግሞ አስፈላጊ ነው።
በተለይ ከታሪክ የሆነው የሳሚ ሰዎች ሁሉ በታላቅ በሆነ የጉናርድ ዕቃ መንዳት ተግባር አልተገባበቡም፣ ይሁን እንጂ ከዓሣ ማጥናት፣ ከአውሬ መዳብ እና ከተመሳሳይ አስተዋጽኦች በመኖሩ በሕይወት ላይ አሉ። ጉናርዶች በብዛት እንደ መሸከሚያ እንስሳት ይያዛሉ።
ዛሬ ብዙ ሳሚ ሰዎች በሞዴርን የንግድ ዘርፎች ውስጥ ይሠሩሉ። ቱሪዝም ለሳፕሚ አገር የሚሆን ዋና የገቢ ምንጭ ነው፣ እንዲህም በሳሚ አካባቢ ውስጥ ያለ።
እንኳን በዘመናዊ ማንነት ባይኖርም፣ "ግፂ" የሚል ቃል በአንዳንድ ዘመናዊ ክልሎች ስለሚጠቀሙ በማንኛውም እርምጃ ይጠበቃሉ፣ በተለይ በዘመናዊ ሰዎች ምክንያት እና የተሳሳቱ እውቀቶች አለመስፋፋቱ የሚቆጠር ነው።
የምትጓዙበት ሀገር የጉዞ ምክረ መስጫ ከሆነ በተረጋገጠበት፣ የጉዞ የጤና ኢንሹራንስዎ ወይም የጉዞ የስርየት ኢንሹራንስዎ ሊያዛቸው ይችላሉ።
እንደሚፈልጉ ምክር የመንግስት ምክሮችን እና የራሳችሁን ምክር ማጠያቀቅ ይችላሉ፤ ነገር ግን የእነሱ ምክር ለዜጎቻቸው የተዘጋጀ ነው።
ለምሳሌ፣ በምዕራብ ምሥራቅ ውስጥ ያለ አሜሪካዊ ዜጋ ከአውሮፓዊ ወይም አረብ ጋር እኩል አይሆንም እንጂ በተለየ ሁኔታ ይገኛል።
የዜና መግለጫዎች በአንድ ሃገር ውስጥ ያለውን የፖለቲካ ሁኔታ በአጭር ማጠቃለያ ብቻ የሚስተካከል ናቸው።
በእንደ ሌሎች ስፍራዎች ያሉት ዝርዝር መረጃዎች በማስመልከት፣ የቀረቡት አስተያየቶች አሳያዊ፣ አገለግሎታዊ እና በየትኛውም አይነት ናቸው።
አደገኛ የአየር ሁኔታ አስፈላጊ የመሆን ተጠቃሚ የአየር ሁኔታዎችን ስብስብ በመባል የሚፈጥር ህገወጥ አደጋ፣ የማህበራዊ ተቃውሞ ወይም የሰው ሕይወት አጣጣል ሊያመጣ ይችላል።
በዓለም ሁሉ በአንድም አገር ውስጥ በአካባቢያዊ አገር ባለወለቃው እና ስሜቱ አይነት ላይ በሚበልጥ የጎዳና አይነት እየተመለከተ አዲስ የአየር ሁኔታ እንዲሁ ብዙ አይነቶች ይኖራሉ።
ኃይለኛ ነፋስ፣ በረዶ፣ ከባድ ዝናብ እና የእሳት አደጋዎች የአደገኛ የአየር ሁኔታዎች እንደ መብረቆች፣ ማእበል እና ሲክሎን ውጤቶች ናቸው።
በአካባቢያዊና በወቅታዊ መሠረት የሚፈጠሩ የጭንቀት የአየር አየር ሁኔታዎች በሙሉ የበረዶ አውሎ ነፋሶች፣ በረዶ ነፋሶች፣ በረዶ ነፋሶች እና ነጐድጓድ ነፋሶችን ይጨመራሉ።
ተጓዦች የበለጠ ማስተናገድ እንዲሠሩ በጠነከራዊ የአየር ንብረት አደገኛ አድርገው ለመሆኑ በአካባቢያቸው ይፈልጋሉ፣ ምክንያቱም የጉዞ ዕቅዶቻቸውን ሊቀየር ይችላል።
ማንኛውም ሰው ወደሚመለከትበት አገር የሚቀመጥ ሲሆን የጦርነት ማለፊያ የሆነ ከሆነ በተመለከተው ሁኔታ ሙሉ በሙሉ ሙከራ እንዲያረጋግ አለባቸው።
በኢንተርኔት ላይ “የማይተርፍ የአካባቢ ማህበረሰብ ኮርስዎች” ሲፈልጉ የአካባቢ ኩባንያውን አድራሻ ሊሰጡ ይችላሉ።
ይህ ትምህርት በመሠረቱ የተጠቀሱትን ርዕሶች ሁሉ በተጨማሪ አስፈላጊ ዝርዝር ይሸፍናል፤ በተለይም በእውነተኛ ዓለም ተጠቃሚነት የተደጋገመ ነው።
የስልጠናው መጠን በተለመደ ሁኔታ 2-5 ቀናት ሊያህል ይችላል፣ በመጀመሪያዊ እንክብካቤና በየጊዜው የድንጋይ መሣሪያ ሥልጠና ላይ ተገኝቶ ይጠናቀቃል።
በበረሃ ምድር እንዴት መኖር እንደሚቻል የሚያመልኩ መጽሐፍታትና መጽፎች ተደጋግሞ ይገኛሉ፣ የጦርነት ዞን እንደሆኑ ቦታዎች ግን ጥቂት ናቸው።
በውጭ አገር ወደሚሄዱ ለፆታ የሚያስተካክሉ የጉዞ ሰውዬዎች እንዳለባቸው የሆኑ ሰነዶች እንዳሉባቸው ለመመልስ ማረጋገጥ አለባቸው።
የመንግሥት ተዘጋጅነት በማስወጣት የጾታ-አልፋለፋ የጉዞ ሰነዶች (X) ወይም ለምንባብለው ስም እና ጾታ መስማማት ሰነዶችን በማሻሻል የሚለያይበት ነው።
የውጭ መንግሥታት የመቀበልና የክብረት ማሳየት ለእነዚህ ሰነዶች በሙሉ ዓለም ላይ በሚበዛ መጠን የተለቀቁ ናቸው።
11 ሴፕቴምበር 2001 በኋላ የህላዊ አስጠንቅቆች በይበልጥ ተገደዱ።
የተከፈሉ ሽባዎች የሚያስተማሩትን አይነቶችን በግላዊ ስካነር በእንደነበርባታቸው መሂደት እና የራሳቸውን ክብረት መጠበቅ አይጠበቁም።
ውሃው ከብስለት ወደ ማዕዘን ይወድቃል እና ከብስለት የአሸዋ ተመላላሹን ተመልሶ ወደ አሸዋ ይመለሳል፣ ብዙ ጊዜ በዐለት ወይም በአንድ አይነት ቦታዎች።
የባሕር ጕድጓድ ምርጥ በአንዳንድ ክፍሎች ተሰማርቶ ስለሆነ፣ በእዚያው አካባቢ የባሕር ጥልቅ ሞገዶች ሊቀመጡ ይችላሉ።
በተለይ የሞት መጠን በመንካት በውሃ ማሳደሪያ ላይ የተከሰቱ ሰዎች በማቃጠል ከብርቱ ውሃ ማሳደሪያ ሊያልፉ እንዳይችሉ የተከሰተ ነው።
ከውሃው ውጭ ከሆንክ በኋላ፣ ወደ ውስጡ እንደገና ለመውሰድ ከዚህ በፊት ከነበረው ይልቅ አስቸጋሪ አይደለም።
በተመለከተ እናንተ ዳግመኛ መታገድ የማይቻለውን ስፍራ ብትወሰኑና ችሎታችሁን እና እርስዎች መገኘት ወይም አለመገኘት በመወሰን እናንተ ለመርዳት መጠባበቅ ያስፈልጋችኋል።
ለአዲስ ሰዎች መቀየር በባህላዊ ቀይር (የደስታ በደንብ የሌለበት ጊዜ ከተጠቀመ) ከሚሆን ቀይር ይልቅ ፈጣን ነው፣ በርግጥ በርግጥ ሊወስድ እና በጣም በርግጥ ሊሆን ይችላል።
የትንሳኤ ተጓዦች መሆኑን በፍጥነት ወደ አዲስ ባህል የሚቀይሩ ብዙ ጊዜ ወደሚመጡበት የገዛ አገራቸው ባህል መቀየር አስቸጋሪ ይሆናሉ።
ከሌላ ሀገር ማንበብ በኋላ ወደ ቤት በመመለስ አዲስ ባህል በመቀበልና ከባህልዎ ያሉትን የተለያዩ ልማዶች ምንም ሆነ ትልቅ ብልጽግና በመጣል ይለያያሉ።
በአገር ውጭ ለመጀመሪያ ጊዜ ሲሄዱ፣ ሰዎች ትክክለኛ ሊሆኑ የሚችሉ፣ ለመገባባት ይሞክሩ የሚችሉ ናቸው ምክንያቱም በአዲስ ሀገር የመጓዝ ስሜቱ ለመመስረት ማስተካከያ ያስፈልጋል በሚለው ነው።
አንድ ሰው በመገመት የግልጽነት እና የመግባባት ዓይነት አያስፈልጉም ሊሆን ይችላል ከተመለሰ ቱሪስት የተነሳ።
የፒራሚዶችን ድምፅ እና ከተናገሩት አንዱ ከተማሩት ነገሮች ለልጆች በሚያስገሩ ነገሮች ውስጥ ነው።
በጨለማ የሚገኝ ፓርትሪጅን መመልከት ይችላሉ፣ እና በምስራቹ ክፍለ ጊዜ ከዋክብት ገና ከማብራት በፊት እንኳን መመልከት ይችላሉ።
በዚህ ቦታ ላይ ተጓዦችንና መሸጣጠሪያዎችን ድምፃቸውን ያዳምጡታላችሁ። የድምፃቸው ታሪክና ብርሀን እንደ ተረት ተመስርቶአል።
የስፍንክስ ምስል በመስመር ኋላ ተቀምጧል እና አንድ ረዘመ ታሪክ የሚናገር ነው።
በፒራሚድ ላይ ፍሬዎች ይታይዋሉ፣ የተለያዩ ፒራሚዶችም ይቃጠላሉ።
የደቡብ ሸትላንድ ደሴቶች በ1819 ተገኝተዋል፣ በብዙ አገሮች ይመረጣሉ እና በተለይ ብዙ ቦታዎች አሉ፤ በ2020 የስድስት ማሕበራት በተለያዩ ክፍሎች ውስጥ አንቀሳቃሾች አሉ።
ደሴቱ ከባሕሩ በሰሜን ከ120 ኪሜ ርሆን ይገኛል። ከተለያዩ ደሴቶች መካከል በትልቅነት የሚበለጠው የኪንግ ጆርጅ ደሴት ነው የቪላ ላስ ኤስትራይላስ የቤት ስፍራ የሆነው።
ሌሎች አገሮች እንዲሁም ሊቪንግስተን አይላንድና ዲሴፕሽን አይላንድ የተከፈለ የተለያዩ አይላንድ እሳት አውድማ ሲጠፋ የሚፈነዳ አስደናቂ የብሔራዊ ወሃብ ተፈጥሯል።
ኤልስዌርት ላንድ የፔንኒንሳላው አካባቢ በደቡብ ባለው ክፍል ነው፣ በቤሊንግሃዘን ባህር ዳር የሚገኝ።
360 ኪሜ ርካሬ ያላቸው ኤልስዌርት ተራራዎች የሚወሰደው በሚኒሶታ ግልጽር የተለያዩ በዚህ የፔኒንሱላ አምባዎች ውስጥ አንቀላፍተው በኋላ አዲስ ተፈጠሩ።
፹፸፻፺፪ ሜትሮ (፲፭፻፴፪ ፍት) ከፍታ ያለው የቫንሰን ማሲፍ ተራራ የሚገኘው የአንታርክቲካ ከፍታው ከፍተኛ በሰሜን ያለው የሰንቲኔል ሬንጅ ውስጥ ነው።
በርካታ ቦታዎች የሞባይል ስልክ አገልግሎት የሌለበት ቦታዎች ላይ ሳተላይት ስልክ የእርስዎ አንድና ብቻው አማራጭ ሊሆን ይችላል።
የሳተላይት ስልኮች የሞባይል ስልኮች ምላሽ አይደሉም ምክንያቱም የሳተላይት ስልክን ለመጠቀም በመንገድ መካከል በግልጽ የሳተላይትን እይታ ለማግኘት መገኘት አለብዎት።
ይህ አገልግሎት በብዙ ጊዜ ለመንገድ በመስመር ላይ በተጠቃሚ አውሮፕላኖችና የረጅም ርቀት የውሂብ እና የድምጽ ትኬት ለመሸፈን ይጠቀማል።
የአካባቢዎ የስልክ አቅራቢው ስለእንዴት ወደዚህ አገልግሎት ማገናኘት እንደሚቻል ተጨማሪ መረጃ መስጠት ይችላል።
ለስራና ለመማር በዓመት አንድ ስፔስ የሚያወጡትን ለሚያዘጋጁ በርትታ የሚወዳደር አማራጭ ነው።
ይህ በትምህርት ቤት ተማሪዎች መካከል በጣም ታዋቂ ነው፣ ለአንድ ዓመት ከዩኒቨርሲቲ ገብተው ከመጠኑ በፊት ዕለት እንዲያወርዱ ያስችላቸዋል፣ ይህም በትምህርታቸው ላይ ምንም ተጽዕኖ አይፈጥርም።
በብዙ ጊዜዎች በውጭ አገር ለመምረም የምረምርያ ኮርስ ላይ በመመዝገብ በከፍተኛ ትምህርት ላይ ወደፊት በመሄድ ወደ ሃገሩ ሲመለስ የሚረዱ እድሎችን ሊያሻሽል ይችላል።
በመደበኛ ይህንን ዓይነት የትምህርት ፕሮግራሞችን ለመመዝገብ የትምህርት ክፍያ መክፈል ያስፈልጋል።
ፊንላንድ ለወይንገድ በተለይ በመርከብ የሚወደው ቦታ ነው። የሺህ ሊቃዎች አገር በሊቃዎች ውስጥ እና በባሕር ዳር ላይ ሺህ ያህል ደሴቶች አሉት።
በደሴቶች እና በባሕሮች ላይ መርከብ ለመጓዝ አስፈላጊነት የለም።
ብሶችና ሐበሻዎች ቢበዛ ሆነም ለማንኛውም ትልቅ ጀልባ በቂ ለሆኑ ሳሉ፣ የዓመተኛ ቤት ወይም ቃይክ አዲስ ተሞክሮ ሊሰጡ ይችላሉ።
በፊንላንድ መርከብ ብርታት አገር የተባለ ስፖርት ነው፤ ለእያንዳንዱ ሰባት ወይም ስምንት ሰው መርከብ ይሆናል።
ይህ ነው ኖርዌይ፣ ስዊድን እና ኒውዚላንድ የሚያጋጥሟቸው፤ ሆኖም ሌሎች ለየት አላቸው (ለምሳሌ በኔዘርላንድ ቁጥሮቹ 1 እስከ 40 ድረስ ናቸው)።
በባልቲክ አስተሳሰር ላይ የሚያስተዋወቁት ምርጥ አዛሞች በሩሲያ የሚገኘውን የሰንት ጴትርስበርግ ከተማ አስከ ዘመናዊ ግዜ ማስቆም ያለባቸው ናቸው።
ይህ ማለት ሁለት ቀናት ሙሉ ለመጓዝ የታሪክዊ ከተማን ስለመግባት ተመልሰው በሌሊት በመርከብ ላይ መያዝ ይችላሉ።
የመርከብ ጉዞ አገልግሎት በመጠቀም ወደዚያ አገር የምትሄድ፣ ከ2009 ጀምሮ ተለይተ ቪዛ ማስፈልግ አይገባህም።
በበርሊን ዋናው ከተማ ውስጥ የነበሩ በዝቅተኛ የመርከብ መኖሪያ እና የመጓዞች ብዛት ላይ ላሉ መርከቦች እንደሚታየው በበርሊን ባሕር አጠገብ አይገኝም ማለት ነው። እንደዚሁም በመርከቧ ላይ ከተማውን ለመጎብኘት የተደረገ ዋጋ በማንነት አይካተትም።
በአየር መጓዝ ለሰው ሁሉ እና ለሁሉም አይነት በሚቀጥለው ዘመን ውስጥ የሚያስፈራ ቪስኬት ሊሆን ይችላል በተለይ ካልበረረው ወይም በቀጥታ የተጋገመ የታሪክ ቁጥር ካለው።
እሱ ለማፍራት ያለው አይደለም፦ እሱ በብዙዎቻችን የሚኖሩትን የግል ፍርሃቶች እና የጎዳናዎች ከሚለየው የተለየ አይደለም።
የማሽን ስራ እና አስቸኳይ ባለሥልጣናት ስለ ምንነገር በበረሃ ላይ እንዲሰሩ እንደሚያውቁ ሰዎች ሊታዋቅ ይችላል፣ ይህም በዘላቂ በማያውቁ ወይም በማይችሉ ላይ መመርዘባቸውን ለመቆም ሊረዳቸው ይችላል።
የኩሪየር ድርጅቶች በነጻፍያቸው ነገርን በፍጥነት ለመላክ የተከፈሉ ይሆናሉ። ብዙ ጊዜ፣ በየእንቅስቃሴ ማስተዋወቅያዎች፣ የንግድ ምርቶች ወይም ድርጊት ምርመራዎች ጊዜ በአስፈላጊነት ላይ ሲሆን እነሱ ይከፈላሉ።
በአንዳንድ መንገዶች ታላላቅ ድርጅቶች የእንድርሻ ዕቅዶቻቸው አላቸው፣ በሌሎች መንገዶች ግን ትንሽ ድርጅቶች ችግር አላቸው።
በአየር በመላክ ላይ አንዳንድ መንገዶች የቅርብ መደብ መለፍን በማለፍ የቀንዎች ጊዜ ይወስዳል እና የቅርብ መደብ መለፍ ያለበትም ነው።
በፈጣን መንገድ ለማስማማት የሚችሉት በጉዞ ሰው ኮች ውስጥ የሚታገል ከሆነ ማስማማት ነው። የአየር መንገዱ ህጎች ካልነበረ ጉዞውን ያለማድረግ በተንኮል ማስማማትን አይፈቀድም። እርስዎም በዚህ ውስጥ እንደ አስፈላጊነት ይቆጠራሉ።
በመጀመሪያ ክፍል ወይም በንግድ ክፍል መበረር የተፈጥሮ መንገድ በገንዘብ መስዋወት እንዲመለከት የክብር ሰሌዳ ለማግኘት ነው (ወይም ይልቅ ለሚሰራበት ድርጅት በርዝማኔ የሚያስተናገድ ሊሆን ይችላል) ።
ነገር ግን ይህ ቀላል አይደለም፤ በጥንቃቄ ሲባል፣ ከኢኮኖሚ ክፍል እስከ ቢዝነስ ክፍል ዋጋው አራት ጊዜ ወደ ላይ ይሆናል እና ለአንድ ክፍል ዋጋው አሥር ጊዜ ወደ ላይ ይሆናል!
በጠቅላላ ለነገር ቢሆንም በቀጥታ በA ከB መንገድ ላይ ለየንግድ ክፍል ወይም ለመጀመሪያ ክፍል መቀመጫዎች ቅናሽ ለማግኘት በተለመደ የለም።
አየር መንገዱ በቅንዓት የተቀደሱ አንዳንድ የተጓዦች ክልሎች፣ ፈጣንና ተመቻችያ አገልግሎት እንዲሁም ልዩ የተሰጡ አስተዋዮችን ለመጠቀም ከፍ ዋጋ ለመክፈል ዝቅ ያደረጉ መሆናቸውን ይወቅል።
የሞልዶቫ ዋና ከተማ ቺሲናው ነው። አካባቢያዊ ቋንቋቸው ሮማኒያን ነው፣ ነገር ግን ሩሲያንም እየተናገረ ነው።
ሞልዶቫ በብዙ ብሄሮች የሚኖሩባት ሪፐብሊክ ሆና በዘር ልዩነት ግጭት የተሠቃየች ሃገር ናት።
በ1994 ዓ.ም በሞልዶቫ ምሥራቃዊ ክፍለ ሃገር የትራንስኒስትሪያ የራስ አዋጁ ሪፐብሊክ ከገዛ መንግስታትና ገንዘብ ጋር ተፈጥሯል። ሆኖም አንድም የተባበሩት መንግስታት አባል ሀገር እስካሁን አላከበረውም።
በሞልዶቫ ውስጥ የተከፈቱ ሁለት ክፍሎች መካከል የኢኮኖሚ ግንኙነቶች ዳግም በማገናኘት ተቋቋመ፣ ይህም በፖለቲካዊ ስምምነቶች ውድቀት በተከሰተ ነው።
በሞልዶቫ ዋናው ሃይማኖት ኦርቶዶክስ ክርስቲያንነት ነው።
ኢዝሚር የቱርክ ሦስተኛ ትልቅ ከተማ ከ3.7 ሚሊዮን የሚበልጠው ሰዎች ሕዝብ አለው፡፡ እስታንቡል በኋላ ሁለተኛ ትልቅ የመርከቦች ዋናት እና በርካታ የትራንስፖርት ማዕከላት አለው።
አንዴ የSmyrna የድሮ ከተማ ሲሆን፣ አሁን ዘመናዊ፣ እየተንቀሳቀሰ ያለ እና በታላላቅ ገደል ውስጥ የተቀመጠ የንግድ ማዕከል ነው እና በተራራዎች ተከብቧል።
ሰፊ መንገዶች፣ ብርጭቆ ፊታቸው ከበረዶ የተሠሩ ህንጻዎች እና ዘመናዊ የግብይት ማዕከላት ከቀላሉ መጠባበቅ ይችላሉ፣ ከ18ኛው ክፍለ ዘመን ገበያዎች እና በዙሪያቸው ያሉ ቅድመ-ዘመናዊ ቤተ መቅደሶች እና ቤተ ክርስቲያኖች፣ ምንም ቢሆን ከተማው ከቱርክ ይልቅ ሜዲትራኒያን የአውሮፓ የአየር ክንድ አለው።
የሃልዳርስቪክ መንደር በአጠገብ ያለውን ኢስቱሩሮይ ደሴት አስደናቂ ዓይነት አድርጎ ያሳያል እና የ8 ማእዘን ቤተክርስቲያን ይኖራቸዋል።
በቤተ ክርስቲያኑ ውስጥ ከባድ የበግ የድንጋይ ልውስቶች በማንኛውም መቃብር ላይ አሉ።
እንደገና በተለይ ያማረ መንደር ውስጥ እኩለ ሰዓት ለመጫወት የሚገባው ነው።
ወደ ሰሜን እና በቀላሉ የሚደርስ ሮማንቲክ እና በረሃ የሆነው የሲንትራ ከተማ፣ በሎርድ ቢራን የተጻፈው የታሪክ ታሪክ በኋላ ለውጪ ሃገራዊዎች የታወቀ ሆኖ ተቀስቅሷል።
403 ቁጥር ያለው ስኮትተርብ ባስ ከአሰናኪያ በመቀጠል በተደጋጋሚ ላይ ወደ ሲንትራ ይሄዳል እና በካቦ ዳ ሮካ ይቆያል።
በተጨማሪም የአማችን ድንግል የፋቲማ ቅዱስ ቦታን በዓለም አቀፍ ደረጃ የታወቀ የማርያን መቅደስ እንጎብኛለን።
እባክዎ የትዕይንት ማስታወሻ ያድርጉ በአንድ ትልቅ ፍርስራሽ እንዲሁም በዓለሙ ሕዝብ የተገመተ ዋጋ የሌለው አንድ ቦታ መጎብኘት እንደሚኖርቦት ነው።
በዚያም ብዙ ወንዶችና ሴቶች አሉ ከዚያ ጊዜ እንደተዳኑ አሉ፣ እናም ብዙዎችም የሚወዷቸው በዚያ ተገድለው ወይም እስከሞት ድረስ ሠርተው አሉ፣ የአይሁድና ያልሆኑት እኩልና እኩል ነበሩ።
እባክዎ ይህን ቦታ በክብር፣ በዋነኝነት እና በአክብሮት ይተውት፣ የአይሁድ ወይም የናዚዎች ግድያ በመሳል አታፍርስ።
አይችሉም የግራፊቲውን ጽሁፍ በአካባቢው ላይ በመተንከባከብ ወይም በማስመልከት ምንም ጉዳት ማድረስ አይችሉም።
በባርሴሎና የሚመሠረቱ የሃላፊነት ቋንቋዎች ካታላንና እንግሊዝኛ ናቸው። ሁለት አንደኛው ሰዎች ካታላን እንደሚናገሩ አሉ፣ በተጨማሪም ብዙ ሰዎች ይገናኛሉ፣ እና ሁሉም ሰዎች እንግሊዝኛ ይናገራሉ።
ነገር ግን አስተማሪዎቹ በተለይም በካታላን ውስጥ የተጻፉ ሲሆኑ ይህም እንደመጀመሪያ የሰርዙ ቋንቋ በዚህ ሀገር ውስጥ በሕግ የተፈጠረ ሲሆን ነው።
እንኳን ነገር ግን በሕዝብ ትራንስፖርት እና በሌሎች አገልግሎቶች ላይ በጣም ይጠቀማል።
በሜትሮ ውስጥ የሚሰሩ መደበኛ ማስታወቂያዎች በካታላን ቋንቋ ይሆናሉ፤ ነገር ግን የማይታወቁ የስርዓት ስህተቶች በብዙ ቋንቋዎች በተለያዩ ቋንቋዎች በአውቶማቲክ ስርዓት ይሰራሉ፣ በእነሱም ውስጥ እንግሊዝኛ፣ ፈረንሳይኛ፣ አረብኛ እና ጃፓንኛ ይገኛሉ።
ፋሪሳውያን በራሳቸው ስግብግነት፣ በዝቅተኛነታቸው እና በራሳቸው እብሪት ስለተታወቁ ነበር።
በብዙ ጊዜ የማያሟላው ግምገማ ብቻ ሲሆን፣ በፓሪስ መልካም እንዲሄድልዎ ለሚገባዎት መንገድ መጠበቅ "ቢየን ኤሌቬ" (በአክብሮት የተማረ) እንደሚለዉ መታየትዎ ነው። ይህም የሚደረገዉን ቀላል ያደርግላችኋል።
ውጪዊው የፓሪስ ፈጥኖ ይጠፋል በሚለው ቀላል የሕክምና ባህሪያት ብቻ ብታሳይ።
የፕሊቭክ ላኮች ብሄራዊ ፓርክ በእጃገር የተደነገገ እና በዝንጀሮ ፣ ጥዶ እና ሶስት ቅጠል ዛፎች የወጠች እና የአልፒን እና የሜድቴራኒያን ተዓላላይ ተክል ያለባት ነው።
በውስጡ ውስጥ የተለያዩ የአየር አቀባበል፣ የአካባቢ የመሬት አይነትና የከፍታ ደረጃ ምክንያት የተለያዩ የተክል ዓይነቶች አሉት።
አካባቢው በየተለያዩ አይነት እንስሶች እና ብዛት ያላቸው የወፍ ዓይነቶች ቤት ነው።
የአውሬ እንስሳዎች እንደ አውሮፓዊ የውሃ አንበሳ ፣ የበሬ ዓይነት ፣ ኤልክ ፣ ንስር ፣ ሊንክስ ፣ የበግ ዓይነት እና ቀበሮ በዚያ ይገኛሉ ፣ ከብዙ መደበኛ እንስሳዎች ጋር በአንድነት።
በቤተመቅደስው መግባት ሲታወስ ሴቶች ራሳቸውን በሚሸፍነው ራስ መጠበቂያ እና በትከሻዎቻቸውን የሚሸፍን ልብስ መጠበቅ አለባቸው።
በብዙ ቤተመቅደሶች ለማዘጋጀት ያልቻሉ ሴቶች ለተለበሱ አልባ ይቀርባሉ ፣ ነገር ግን የራስዎን እንዲያመጡ ፣ በተለይም የተለወነ አንድ እንዲያመጡ ፣ ከሞንክ ወይም ከነን ከመግቢያ ጀምሮ የተነካካ ይቀበሉዎታል።
በአንድ ሁኔታ ውስጥ፣ ሰዎች የራሳቸውን ራስ ለመጠበቅ የሚጠይቁበት ነው።
እነዚህን በግቢ መግቢያ ውስጥ ካለው አከባቢ ማበዛት ይቻላል፣ ነገር ግን እያንዳንዱ በአጠቃቀም በኃላ አይሸፈንም፣ ስለዚህ በእነዚህን ለብሶች መነሳት ያስቸግራችሁ ይሆናል። አንድ መጠን ለሁሉም ይሆናል!
የማይርኮን ምግብ ከሚመሳሰሉ በየተራንቱ በሚገኙ አካባቢዎች ጋር መመሳሰል ነው፤ ዳቦ፣ አትክልት እና ሥጋ (በተለይ የዶሮ ሥጋ) ይጠቀማል፣ እና ዘይት የወይራ ዘይት መጠቀም አለበት።
በተለይ በበጋ ወቅት የሚወደደው ቀላል እራት Pa amb Oli ነው: እንጀራ ከኮኮናየት ዘይት፣ ሎሚ እና ቀላል የሚያገኙ መስሎች እንደ ኪዝ እና ፓቱን ከሚለዉ ሌሎች ጋር በተቀመጠ ቦታዎች ላይ።
"Sie" ቃል በኋላ የሚመጡ ቃላት ሁሉ ሲመለከቱ አስቀድሞ በትልቅ ፊደል ሊጀምሩ አለባቸው እንኳን በንግግሩ መካከል እንኳ ሆነ።
ይህ መጠቆሚያ በመፈለግ እና በንግግር መለያየት አስፈላጊ ነው።
በእውነት በማንበብ ላይ ቀላልነት የሚያመጣ ማስተርኮ ነው ምንም እንኳን ጽሑፉ በአንዳንድ ጊዜያት ለትልቅ ቃላት ወይንም ልዩ ልዩ ስታይል በመጠቀም መተርጎም እንደሚያስቸግር የሚሆን።
በኢጣሊያንኛ የቃላት ተናጠች ከሆኑት በመቀጠል ለመናገር ቀላል ነው።
ዋናዎቹ ፊደሎች ለማወቅ የሚሰሩት c እና g ናቸው፣ ምክንያቱም በሚከተሉት ሳምንታ ተመስርተው እንደሚተናገዱ ቅንብሮች ይለያሉ።
ከዚህም በላይ አዳዲስን አለመናገር የ r እና የ rr በልዩ ሁኔታ ማሰማርያ እንድንያደርግ ማስተዋል አለበት፤ ካሮ (caro) የሚለው ውብ ይላል በሚገርመው ጊዜ ግን ካሮ (carro) አሰራር ይላል።
ፐርሺያን በመጠን ቀለል እና በመሠረታዊው መልክ የተደገፈ ኮንሶናንቶች አሉት።
እንግዲህ፣ ይህን የአማርኛ ሰዋሰው መጻሕፍት ማንበብ አማርኛ ሰዋሰውን እንዲማሩ እና አማርኛዊ ሐረግን በተሻለ መልኩ እንዲገባቸው ይረዳል።
ያለ ተጨማሪ መግለጽ ብታውቁ ሮማንስ ቋንቋዎች፣ ፖርቱጋሊስን መማር ለእናንተ ይቀላል ይሆናል።
በመሆኑም አንድ በአነስተኛ እውቀት የሚያውቅ የእንግሊዘኛ ተዛማጅ፣ ፖርቹጋሊስት እንግሊዘኛ ከተለያየ በሌላ መማር ያለበት በፍጥነት ሊገነዘብ ይችላል።
ቀዳማዊ የማየት ቤቶች አሁን ከዐውድማ ወጥተዋል እና እንደ ሙዚየም ወይም ለጥናት የተዘጋጁ ቦታዎች ይጠበቃሉ።
በጣም መራዘም በጊዜያቸው የብርሃን መያዛ አሁን አለመኖሩ በመሆኑ፣ በከተሞች ውስጥ ወይም በዩኒቨርስቲ ግቢዎች ውስጥ ሊገኙ ቢቻላቸውም ከዘመናዊ ጊዜያት ይልቅ በተቻለነት አጉለለት ይገኛሉ።
የዘመናዊ ምርመራዎች ከተለስኮፖች ብዙውን ጊዜ በርቀት አካባቢዎች ላይ በተመረጡ የአየር ንብረቶች ላይ ሊገኙ ይችላሉ።
የአበባ ማስተካከያ ሙያ የሚባለው አናሚ ከስምንተኛ ክፍለ ዘመን ጀምሮ የጃፓን ባህል ክፍል ነው።
ቡዙነቱ ከቻይና የመጣ እና ሽምግልና እንደ የመምረጥ አበባ ነው።
በጃፓን፣ በቤተመንግስት ዙርያ የመጀመሪያው አማሌቅ በንጉስና በከተማው ሌሎች አባላት የተካተተው በቤት ውስጥ አክሊል በዓል ተካሄደ።
ተክሎች በተፈጥሮ ዙሪያ ውስጥ በተሻሻለ መልኩ ይታያሉ። ስለዚህ አንድ ብቻ ምሳሌ ለመወሰን ስትፈተን ታገድ።
በሥነ-ጥበብ ሁኔታ የተዘጋጀውን የዕትም ቦታ የሚጎብኙ ከሆኑ፣ የናሙና አካዎችን መሰብሰብ ለመስራት ሲወስዱ አንዳች ነገር አልተጠየቀውም ሲሆን ተራዘመዋል።
ሲንጋፖር በጣም ደህንነቱ በጠበቀ እና በቀላሉ ለመጓዝ አገር ሲሆን እዚያ በቀላሉ ማንኛውም ነገር መግዛት ይችላሉ።
ነገር ግን በጎበዝ ከፍታ በሚገኘው በአዲስ አበባ ብቻ የሚኖሩ ተከታታዮች ሁልጊዜ በሙቀት እና በከፍተኛ ፀሐይ በሚታየው ጊዜ (ሰማዩ ባይበላለ ጊዜ በተለይ) መኖር ይገባቸዋል።
የባስ አካባቢያዎችም ወደ ሰሜን በሚሄዱ መንገድ ወደ ሄብሮን፣ የተለያዩ ቃለ አቀባዎች በመካከል የሚነገሩ አብርሃም፣ ይስሐቅ፣ ያዕቆብ እና ሚስቶቻቸው በመጻሕፍት የተጠቀሱ የባሪያዎቹ የመቃብር ቦታ ነው።
ወደ ኬብሮን ከምታስቡት ባስን በመመርመር እና በቅርያት አርባ በሚገኘው አካባቢ ያለውን የአይሁድ መኖሪያ ቦታ ሳይቀር ይሂዱ።
የመሬት በርካታ የውሃ መንገድ ለዕረፍት ቀን መሠረት ሊሆን ይችላል።
ለምሳሌ፣ የሎይር ሸለቆውን ካስተሎችን ማስመላለስ ወይም የራይን ሸለቆውን ወይም በዳኑቤ ወደ አድናቂ ከተሞች መሆን ወይም በኤሪ የመርከብ ጉዞ መወሰድ ሊሆን ይችላል።
እንዲሁም ለየትኛውም የምንሸራተት መንገድና ለብስክሌት በደስታ የሚደረግ መሳሪያ አዘጋጅተዋል።
የገና በዓል የክርስቲያኖች በፍጥረታት መካከል እጅግ ዋና በዓል ስለ መሆኑ እንደ የኢየሱስ የትውልድ ቀን ይከበራል።
በክርስቲያን እና በአል-ክርስቲያን ሀገራት ዙሪያ ባሉበት ዓለም የክርስቲያኖች በዓላት ዙሪያ ያሉ በየቦታው ባለመንገደኞች ተቀበሉ።
የልማድ መሠረት ከፋሲካ ማለዳ በኋላ በፀሐይ መውጫ ለመመልከት በብርሃን ውስጥ ማነቃት ነው።
ለዚህ ትምህርት የተጠበቀ የእግዚአብሔር መረጃ የለም ፣ ነገር ግን ከብሄት ፊት ለምንግስት ሥነ ሥርዓት እና ክርስቲያን መዳረሻ ሊሆን ይችላል።
በረዥም ቤተ ክርስቲያኖች በዕለተ ቅዳሜ ሌሊት የኢስተር ቪጅል ክሊል እየተደረገ ነው፣ በኢስቴር ወኪንድ እና በካቶሊክ ቤተ ክርስቲያኖች ካቶሊክ የሆኑ በአንድ ለሊት በማኅበሩ። የክርስቶስ ትንሳኤን በማክበር ሊከበሩት ይችላሉ።
የደረሱ እንስሳቶች ሁሉ በአንድ አይነት ከመጀመሪያው በኋላም በመንነባት፣ በመበርር ወይም በመጥለቅ ደረሱ።
በመሬት ርቀት የተነሳ፣ የሥጋ የሚበሉ እንስሳት ሩቅ ሊሄዱ አይችሉም፣ ስለዚህም በጋላፓጎስ የመጀመሪያው አሜን እንስሳ ነው።
ከሰው በጋላጎስ ወደብበት ጀምሮ ብዙ አጥቢ እንስሳት ተገኝተዋል፣ የሚከተሉትን እንደ አራዘን፣ ፈረስ፣ ኮሮሮ፣ አይጥ፣ ፍየል እና ውሻ የሚጨመሩ።
ወደ አርክቲክ ወይም አንታርክቲክ በቀዝቃዛው ወቅት ከሄዱ ፀሐይው ከአፋቀርያ በላይ አይወጣም ፣ ምክንያቱም በዚያ ወቅት የምድር ቅርጽ ገፍታል።
ይህ የሰሜን ብርሃን አየት (ኦሮራ ቦሬሊስ) ለማየት ተገቢ ዕድል ነው፣ ምክንያቱም ሰማይ ሁልጊዜ ድቅድቅ ነው።
የቦታው ህዝብ እጥን ስለሆነና የአካል ንጹሕነት የቀነሰ ስለሆነ ፀሐይን በደስታ ማጠበቅ ይችላሉ።
የጃፓኒዎች የሥራ ባህል ከምዕራባውያን በመጋራት የተበላሸ እና የተሰላሰለ ነው።
የአለም አቀፍ ዝርዝር በዲያስፖራ የንግድ አልባስ መደበኛ አይነት ሲሆን ወዳጆችና ተረራማጆች በአስተሳሰብ ወይም በስራ ስም ይጠሩታል።
በስራ ቦታዎች ውስጥ የሰማእታት ብሔር መኖር አስፈላጊ ነው፤ ይህ የቡድን ስራ ከግል ውሳኔዎች በላይ እንዲተዳደር ያነሳሳል።
የተገለፁ ሰዎች የሚያደርጉትን ምርጫ ሁሉ ለወላጅ መወሰን ያስፈልጋቸዋል እና የወላጅ ምክር ያለ ጥያቄ መስማት ይጠበቃቸዋል።
